Info: Starting: Create block symbol file (.bsf)
Info: qsys-generate C:\Users\thiag\Documents\New_Ic\IO_contoller.qsys --block-symbol-file --output-directory=C:\Users\thiag\Documents\New_Ic\IO_contoller --family="Cyclone IV E" --part=EP4CE22F17C6
Progress: Loading New_Ic/IO_contoller.qsys
Progress: Reading input file
Progress: Adding clk_0 [clock_source 23.1]
Progress: Parameterizing module clk_0
Progress: Adding io_avalon_interface_0 [io_avalon_interface 1.0]
Progress: Parameterizing module io_avalon_interface_0
Progress: Adding jtag_uart_0 [altera_avalon_jtag_uart 23.1]
Progress: Parameterizing module jtag_uart_0
Progress: Adding nios2_gen2_0 [altera_nios2_gen2 23.1]
Progress: Parameterizing module nios2_gen2_0
Progress: Adding onchip_memory2_0 [altera_avalon_onchip_memory2 23.1]
Progress: Parameterizing module onchip_memory2_0
Progress: Building connections
Progress: Parameterizing connections
Progress: Validating
Progress: Done reading input file
Info: IO_contoller.jtag_uart_0: JTAG UART IP input clock need to be at least double (2x) the operating frequency of JTAG TCK on board
Warning: IO_contoller.nios2_gen2_0: Nios II cores are not recommended for new projects and are subject to removal in a future release. Nios V cores are the recommended replacement as applicable.
Info: qsys-generate succeeded.
Info: Finished: Create block symbol file (.bsf)
Info: 
Info: Starting: Create HDL design files for synthesis
Info: qsys-generate C:\Users\thiag\Documents\New_Ic\IO_contoller.qsys --synthesis=VERILOG --output-directory=C:\Users\thiag\Documents\New_Ic\IO_contoller\synthesis --family="Cyclone IV E" --part=EP4CE22F17C6
Progress: Loading New_Ic/IO_contoller.qsys
Progress: Reading input file
Progress: Adding clk_0 [clock_source 23.1]
Progress: Parameterizing module clk_0
Progress: Adding io_avalon_interface_0 [io_avalon_interface 1.0]
Progress: Parameterizing module io_avalon_interface_0
Progress: Adding jtag_uart_0 [altera_avalon_jtag_uart 23.1]
Progress: Parameterizing module jtag_uart_0
Progress: Adding nios2_gen2_0 [altera_nios2_gen2 23.1]
Progress: Parameterizing module nios2_gen2_0
Progress: Adding onchip_memory2_0 [altera_avalon_onchip_memory2 23.1]
Progress: Parameterizing module onchip_memory2_0
Progress: Building connections
Progress: Parameterizing connections
Progress: Validating
Progress: Done reading input file
Info: IO_contoller.jtag_uart_0: JTAG UART IP input clock need to be at least double (2x) the operating frequency of JTAG TCK on board
Warning: IO_contoller.nios2_gen2_0: Nios II cores are not recommended for new projects and are subject to removal in a future release. Nios V cores are the recommended replacement as applicable.
Info: IO_contoller: Generating IO_contoller "IO_contoller" for QUARTUS_SYNTH
Info: io_avalon_interface_0: "IO_contoller" instantiated io_avalon_interface "io_avalon_interface_0"
Info: jtag_uart_0: Starting RTL generation for module 'IO_contoller_jtag_uart_0'
Info: jtag_uart_0:   Generation command is [exec cmd /c {set LC_ALL=C&& C:/intelfpga_lite/23.1std/quartus/bin64/perl/bin/perl.exe -I C:/intelfpga_lite/23.1std/quartus/bin64/perl/lib -I C:/intelfpga_lite/23.1std/quartus/sopc_builder/bin/europa -I C:/intelfpga_lite/23.1std/quartus/sopc_builder/bin -I C:/intelfpga_lite/23.1std/quartus/../ip/altera/sopc_builder_ip/common -I C:/intelfpga_lite/23.1std/quartus/../ip/altera/sopc_builder_ip/altera_avalon_jtag_uart -- C:/intelfpga_lite/23.1std/quartus/../ip/altera/sopc_builder_ip/altera_avalon_jtag_uart/generate_rtl.pl --name=IO_contoller_jtag_uart_0 --dir=C:/Users/thiag/AppData/Local/Temp/alt9982_4021374419979492757.dir/0028_jtag_uart_0_gen/ --quartus_dir=C:/intelfpga_lite/23.1std/quartus --verilog --config=C:/Users/thiag/AppData/Local/Temp/alt9982_4021374419979492757.dir/0028_jtag_uart_0_gen//IO_contoller_jtag_uart_0_component_configuration.pl --do_build_sim=0}]
Info: jtag_uart_0: Done RTL generation for module 'IO_contoller_jtag_uart_0'
Info: jtag_uart_0: "IO_contoller" instantiated altera_avalon_jtag_uart "jtag_uart_0"
Info: nios2_gen2_0: "IO_contoller" instantiated altera_nios2_gen2 "nios2_gen2_0"
Info: onchip_memory2_0: Starting RTL generation for module 'IO_contoller_onchip_memory2_0'
Info: onchip_memory2_0:   Generation command is [exec cmd /c {set LC_ALL=C&& C:/intelfpga_lite/23.1std/quartus/bin64/perl/bin/perl.exe -I C:/intelfpga_lite/23.1std/quartus/bin64/perl/lib -I C:/intelfpga_lite/23.1std/quartus/sopc_builder/bin/europa -I C:/intelfpga_lite/23.1std/quartus/sopc_builder/bin -I C:/intelfpga_lite/23.1std/quartus/../ip/altera/sopc_builder_ip/common -I C:/intelfpga_lite/23.1std/quartus/../ip/altera/sopc_builder_ip/altera_avalon_onchip_memory2 -- C:/intelfpga_lite/23.1std/quartus/../ip/altera/sopc_builder_ip/altera_avalon_onchip_memory2/generate_rtl.pl --name=IO_contoller_onchip_memory2_0 --dir=C:/Users/thiag/AppData/Local/Temp/alt9982_4021374419979492757.dir/0029_onchip_memory2_0_gen/ --quartus_dir=C:/intelfpga_lite/23.1std/quartus --verilog --config=C:/Users/thiag/AppData/Local/Temp/alt9982_4021374419979492757.dir/0029_onchip_memory2_0_gen//IO_contoller_onchip_memory2_0_component_configuration.pl --do_build_sim=0}]
Info: onchip_memory2_0: Done RTL generation for module 'IO_contoller_onchip_memory2_0'
Info: onchip_memory2_0: "IO_contoller" instantiated altera_avalon_onchip_memory2 "onchip_memory2_0"
Info: avalon_st_adapter: Inserting error_adapter: error_adapter_0
Info: avalon_st_adapter_001: Inserting error_adapter: error_adapter_0
Info: avalon_st_adapter_002: Inserting error_adapter: error_adapter_0
Info: avalon_st_adapter_003: Inserting error_adapter: error_adapter_0
Info: mm_interconnect_0: "IO_contoller" instantiated altera_mm_interconnect "mm_interconnect_0"
Info: irq_mapper: "IO_contoller" instantiated altera_irq_mapper "irq_mapper"
Info: rst_controller: "IO_contoller" instantiated altera_reset_controller "rst_controller"
Info: cpu: Starting RTL generation for module 'IO_contoller_nios2_gen2_0_cpu'
Info: cpu:   Generation command is [exec C:/intelFPGA_lite/23.1std/quartus/bin64//perl/bin/perl.exe -I C:/intelFPGA_lite/23.1std/quartus/bin64//perl/lib -I C:/intelfpga_lite/23.1std/quartus/sopc_builder/bin/europa -I C:/intelfpga_lite/23.1std/quartus/sopc_builder/bin -I C:/intelfpga_lite/23.1std/quartus/../ip/altera/nios2_ip/altera_nios2_gen2/cpu_lib -I C:/intelfpga_lite/23.1std/quartus/../ip/altera/nios2_ip/altera_nios2_gen2/nios_lib -I C:/intelfpga_lite/23.1std/quartus/../ip/altera/nios2_ip/altera_nios2_gen2 -I C:/intelfpga_lite/23.1std/quartus/../ip/altera/nios2_ip/altera_nios2_gen2 -- C:/intelfpga_lite/23.1std/quartus/../ip/altera/nios2_ip/altera_nios2_gen2/generate_rtl.pl --name=IO_contoller_nios2_gen2_0_cpu --dir=C:/Users/thiag/AppData/Local/Temp/alt9982_4021374419979492757.dir/0032_cpu_gen/ --quartus_bindir=C:/intelFPGA_lite/23.1std/quartus/bin64/ --verilog --config=C:/Users/thiag/AppData/Local/Temp/alt9982_4021374419979492757.dir/0032_cpu_gen//IO_contoller_nios2_gen2_0_cpu_processor_configuration.pl  --do_build_sim=0  ]
Info: cpu: # 2024.09.16 07:49:43 (*) Starting Nios II generation
Info: cpu: # 2024.09.16 07:49:43 (*)   Elaborating CPU configuration settings
Info: cpu: # 2024.09.16 07:49:43 (*)   Creating all objects for CPU
Info: cpu: # 2024.09.16 07:49:44 (*)   Generating RTL from CPU objects
Info: cpu: # 2024.09.16 07:49:44 (*)   Creating plain-text RTL
Info: cpu: # 2024.09.16 07:49:44 (*) Done Nios II generation
Info: cpu: Done RTL generation for module 'IO_contoller_nios2_gen2_0_cpu'
Info: cpu: "nios2_gen2_0" instantiated altera_nios2_gen2_unit "cpu"
Info: nios2_gen2_0_data_master_translator: "mm_interconnect_0" instantiated altera_merlin_master_translator "nios2_gen2_0_data_master_translator"
Info: jtag_uart_0_avalon_jtag_slave_translator: "mm_interconnect_0" instantiated altera_merlin_slave_translator "jtag_uart_0_avalon_jtag_slave_translator"
Info: nios2_gen2_0_data_master_agent: "mm_interconnect_0" instantiated altera_merlin_master_agent "nios2_gen2_0_data_master_agent"
Info: jtag_uart_0_avalon_jtag_slave_agent: "mm_interconnect_0" instantiated altera_merlin_slave_agent "jtag_uart_0_avalon_jtag_slave_agent"
Info: jtag_uart_0_avalon_jtag_slave_agent_rsp_fifo: "mm_interconnect_0" instantiated altera_avalon_sc_fifo "jtag_uart_0_avalon_jtag_slave_agent_rsp_fifo"
Info: router: "mm_interconnect_0" instantiated altera_merlin_router "router"
Info: router_001: "mm_interconnect_0" instantiated altera_merlin_router "router_001"
Info: router_002: "mm_interconnect_0" instantiated altera_merlin_router "router_002"
Info: router_003: "mm_interconnect_0" instantiated altera_merlin_router "router_003"
Info: cmd_demux: "mm_interconnect_0" instantiated altera_merlin_demultiplexer "cmd_demux"
Info: cmd_demux_001: "mm_interconnect_0" instantiated altera_merlin_demultiplexer "cmd_demux_001"
Info: cmd_mux: "mm_interconnect_0" instantiated altera_merlin_multiplexer "cmd_mux"
Info: cmd_mux_001: "mm_interconnect_0" instantiated altera_merlin_multiplexer "cmd_mux_001"
Info: Reusing file C:/Users/thiag/Documents/New_Ic/IO_contoller/synthesis/submodules/altera_merlin_arbitrator.sv
Info: rsp_demux: "mm_interconnect_0" instantiated altera_merlin_demultiplexer "rsp_demux"
Info: rsp_demux_001: "mm_interconnect_0" instantiated altera_merlin_demultiplexer "rsp_demux_001"
Info: rsp_mux: "mm_interconnect_0" instantiated altera_merlin_multiplexer "rsp_mux"
Info: Reusing file C:/Users/thiag/Documents/New_Ic/IO_contoller/synthesis/submodules/altera_merlin_arbitrator.sv
Info: rsp_mux_001: "mm_interconnect_0" instantiated altera_merlin_multiplexer "rsp_mux_001"
Info: Reusing file C:/Users/thiag/Documents/New_Ic/IO_contoller/synthesis/submodules/altera_merlin_arbitrator.sv
Info: avalon_st_adapter: "mm_interconnect_0" instantiated altera_avalon_st_adapter "avalon_st_adapter"
Info: error_adapter_0: "avalon_st_adapter" instantiated error_adapter "error_adapter_0"
Info: IO_contoller: Done "IO_contoller" with 28 modules, 49 files
Info: qsys-generate succeeded.
Info: Finished: Create HDL design files for synthesis
