19:39:10 **** Incremental Build of configuration Nios II for project sas ****
wsl make all 
Info: Building /mnt/c/Users/thiag/Downloads/CoLendaFPGA/CoLendaFPGA/DE0-Nano/software/sas_bsp/
make --no-print-directory -C /mnt/c/Users/thiag/Downloads/CoLendaFPGA/CoLendaFPGA/DE0-Nano/software/sas_bsp/
[BSP build complete]
Info: Compiling new_asteroids_game.c to obj/default/new_asteroids_game.o
nios2-elf-gcc.exe -xc -MP -MMD -c -Ic:/Users/thiag/Downloads/CoLendaFPGA/CoLendaFPGA/DE0-Nano/software/sas_bsp//HAL/inc -Ic:/Users/thiag/Downloads/CoLendaFPGA/CoLendaFPGA/DE0-Nano/software/sas_bsp/ -Ic:/Users/thiag/Downloads/CoLendaFPGA/CoLendaFPGA/DE0-Nano/software/sas_bsp//drivers/inc -pipe -D__hal__ -DALT_NO_C_PLUS_PLUS -DALT_NO_CLEAN_EXIT -D'exit(a)=_exit(a)' -DALT_NO_EXIT -DALT_USE_DIRECT_DRIVERS -DALT_NO_INSTRUCTION_EMULATION -DALT_USE_SMALL_DRIVERS -DSMALL_C_LIB -DALT_SINGLE_THREADED    -Os -g -Wall  -mno-hw-div -mno-hw-div -mno-hw-mul -mno-hw-mulx -mgpopt=global  -o "obj/default/new_asteroids_game.o" "new_asteroids_game.c"
new_asteroids_game.c: In function 'main':
new_asteroids_game.c:166:13: warning: unused variable 'a' [-Wunused-variable]
  166 |         int a    = 0;
      |             ^
new_asteroids_game.c:165:13: warning: unused variable 'tl' [-Wunused-variable]
  165 |         int tl   = 0;
      |             ^~
new_asteroids_game.c:164:13: warning: unused variable 'tr' [-Wunused-variable]
  164 |         int tr   = 0;
      |             ^~
Info: Linking sas.elf
nios2-elf-g++.exe -T'c:/Users/thiag/Downloads/CoLendaFPGA/CoLendaFPGA/DE0-Nano/software/sas_bsp//linker.x' -msys-crt0='c:/Users/thiag/Downloads/CoLendaFPGA/CoLendaFPGA/DE0-Nano/software/sas_bsp//obj/HAL/src/crt0.o' -msys-lib=hal_bsp -Lc:/Users/thiag/Downloads/CoLendaFPGA/CoLendaFPGA/DE0-Nano/software/sas_bsp/ -msmallc  -Wl,-Map=sas.map   -Os -g -Wall  -mno-hw-div -mno-hw-div -mno-hw-mul -mno-hw-mulx -mgpopt=global  -o sas.elf obj/default/lib_JOYSTICK/joystick_io.o obj/default/lib_graphic_processor/graphic_processor.o obj/default/new_asteroids_game.o -lm -msys-lib=m
nios2-elf-insert.exe sas.elf --thread_model hal --cpu_name nios2_gen2_0 --qsys true --simulation_enabled false --id 0 --sidp 0x11110 --timestamp 1728871358 --stderr_dev jtag_uart_0 --stdin_dev jtag_uart_0 --stdout_dev jtag_uart_0 --sopc_system_name Arquitetura --quartus_project_dir "c:/Users/thiag/Downloads/CoLendaFPGA/CoLendaFPGA/DE0-Nano" --jdi ../..//output_files/ConsoleFPGA.jdi --sopcinfo C:/Users/thiag/Downloads/CoLendaFPGA/CoLendaFPGA/DE0-Nano/Arquitetura.sopcinfo
Info: (sas.elf) 11 KBytes program size (code + initialized data).
Info:           17 KBytes free for stack + heap.
Info: Creating sas.objdump
nios2-elf-objdump.exe --disassemble --syms --all-header --source sas.elf >sas.objdump
[sas build complete]

19:39:30 Build Finished (took 19s.300ms)

