Flow report for main
Thu Aug 15 20:43:09 2024
Quartus Prime Version 23.1std.1 Build 993 05/14/2024 SC Lite Edition


---------------------
; Table of Contents ;
---------------------
  1. Legal Notice
  2. Flow Summary
  3. Flow Settings
  4. Flow Non-Default Global Settings
  5. Flow Elapsed Time
  6. Flow OS Summary
  7. Flow Log
  8. Flow Messages
  9. Flow Suppressed Messages



----------------
; Legal Notice ;
----------------
Copyright (C) 2024  Intel Corporation. All rights reserved.
Your use of Intel Corporation's design tools, logic functions 
and other software and tools, and any partner logic 
functions, and any output files from any of the foregoing 
(including device programming or simulation files), and any 
associated documentation or information are expressly subject 
to the terms and conditions of the Intel Program License 
Subscription Agreement, the Intel Quartus Prime License Agreement,
the Intel FPGA IP License Agreement, or other applicable license
agreement, including, without limitation, that your use is for
the sole purpose of programming logic devices manufactured by
Intel and sold by Intel or its authorized distributors.  Please
refer to the applicable agreement for further details, at
https://fpgasoftware.intel.com/eula.



+-------------------------------------------------------------------------------------+
; Flow Summary                                                                        ;
+------------------------------------+------------------------------------------------+
; Flow Status                        ; Successful - Thu Aug 15 20:43:09 2024          ;
; Quartus Prime Version              ; 23.1std.1 Build 993 05/14/2024 SC Lite Edition ;
; Revision Name                      ; main                                           ;
; Top-level Entity Name              ; main                                           ;
; Family                             ; Cyclone IV E                                   ;
; Device                             ; EP4CE22F17C6                                   ;
; Timing Models                      ; Final                                          ;
; Total logic elements               ; 1,788 / 22,320 ( 8 % )                         ;
;     Total combinational functions  ; 1,632 / 22,320 ( 7 % )                         ;
;     Dedicated logic registers      ; 995 / 22,320 ( 4 % )                           ;
; Total registers                    ; 995                                            ;
; Total pins                         ; 18 / 154 ( 12 % )                              ;
; Total virtual pins                 ; 0                                              ;
; Total memory bits                  ; 44,032 / 608,256 ( 7 % )                       ;
; Embedded Multiplier 9-bit elements ; 0 / 132 ( 0 % )                                ;
; Total PLLs                         ; 0 / 4 ( 0 % )                                  ;
+------------------------------------+------------------------------------------------+


+-----------------------------------------+
; Flow Settings                           ;
+-------------------+---------------------+
; Option            ; Setting             ;
+-------------------+---------------------+
; Start date & time ; 08/15/2024 20:42:00 ;
; Main task         ; Compilation         ;
; Revision Name     ; main                ;
+-------------------+---------------------+


+------------------------------------------------------------------------------------------------------------------------------------------------------------------+
; Flow Non-Default Global Settings                                                                                                                                 ;
+-------------------------------------+----------------------------------------------------------+---------------+-------------+-----------------------------------+
; Assignment Name                     ; Value                                                    ; Default Value ; Entity Name ; Section Id                        ;
+-------------------------------------+----------------------------------------------------------+---------------+-------------+-----------------------------------+
; COMPILER_SIGNATURE_ID               ; 2499180843995.172376531930936                            ; --            ; --          ; --                                ;
; EDA_ENABLE_GLITCH_FILTERING         ; On                                                       ; --            ; --          ; eda_simulation                    ;
; EDA_GENERATE_FUNCTIONAL_NETLIST     ; Off                                                      ; --            ; --          ; eda_board_design_timing           ;
; EDA_GENERATE_FUNCTIONAL_NETLIST     ; Off                                                      ; --            ; --          ; eda_board_design_boundary_scan    ;
; EDA_GENERATE_FUNCTIONAL_NETLIST     ; Off                                                      ; --            ; --          ; eda_board_design_signal_integrity ;
; EDA_GENERATE_FUNCTIONAL_NETLIST     ; Off                                                      ; --            ; --          ; eda_board_design_symbol           ;
; EDA_MAP_ILLEGAL_CHARACTERS          ; Off                                                      ; --            ; --          ; eda_simulation                    ;
; EDA_OUTPUT_DATA_FORMAT              ; Verilog Hdl                                              ; --            ; --          ; eda_simulation                    ;
; EDA_RUN_TOOL_AUTOMATICALLY          ; Off                                                      ; --            ; --          ; eda_simulation                    ;
; EDA_SIMULATION_TOOL                 ; Questa Intel FPGA (Verilog)                              ; <None>        ; --          ; --                                ;
; EDA_TIME_SCALE                      ; 1 ps                                                     ; --            ; --          ; eda_simulation                    ;
; MAX_CORE_JUNCTION_TEMP              ; 85                                                       ; --            ; --          ; --                                ;
; MIN_CORE_JUNCTION_TEMP              ; 0                                                        ; --            ; --          ; --                                ;
; MISC_FILE                           ; button/synthesis/../button.cmp                           ; --            ; --          ; --                                ;
; MISC_FILE                           ; button/synthesis/../../button.qsys                       ; --            ; --          ; --                                ;
; NOMINAL_CORE_SUPPLY_VOLTAGE         ; 1.2V                                                     ; --            ; --          ; --                                ;
; PARTITION_COLOR                     ; -- (Not supported for targeted family)                   ; --            ; --          ; Top                               ;
; PARTITION_FITTER_PRESERVATION_LEVEL ; -- (Not supported for targeted family)                   ; --            ; --          ; Top                               ;
; PARTITION_NETLIST_TYPE              ; -- (Not supported for targeted family)                   ; --            ; --          ; Top                               ;
; POWER_BOARD_THERMAL_MODEL           ; None (CONSERVATIVE)                                      ; --            ; --          ; --                                ;
; POWER_PRESET_COOLING_SOLUTION       ; 23 MM HEAT SINK WITH 200 LFPM AIRFLOW                    ; --            ; --          ; --                                ;
; PROJECT_OUTPUT_DIRECTORY            ; output_files                                             ; --            ; --          ; --                                ;
; SLD_FILE                            ; button/synthesis/button.regmap                           ; --            ; --          ; --                                ;
; SLD_FILE                            ; button/synthesis/button.debuginfo                        ; --            ; --          ; --                                ;
; SLD_INFO                            ; QSYS_NAME button HAS_SOPCINFO 1 GENERATION_ID 1723648225 ; --            ; button      ; --                                ;
; SOPCINFO_FILE                       ; button/synthesis/../../button.sopcinfo                   ; --            ; --          ; --                                ;
; SYNTHESIS_ONLY_QIP                  ; On                                                       ; --            ; --          ; --                                ;
+-------------------------------------+----------------------------------------------------------+---------------+-------------+-----------------------------------+


+--------------------------------------------------------------------------------------------------------------------------+
; Flow Elapsed Time                                                                                                        ;
+----------------------+--------------+-------------------------+---------------------+------------------------------------+
; Module Name          ; Elapsed Time ; Average Processors Used ; Peak Virtual Memory ; Total CPU Time (on all processors) ;
+----------------------+--------------+-------------------------+---------------------+------------------------------------+
; Analysis & Synthesis ; 00:00:41     ; 1.0                     ; 4952 MB             ; 00:00:39                           ;
; Fitter               ; 00:00:12     ; 1.2                     ; 6544 MB             ; 00:00:09                           ;
; Assembler            ; 00:00:02     ; 1.0                     ; 4709 MB             ; 00:00:01                           ;
; Timing Analyzer      ; 00:00:03     ; 1.4                     ; 4954 MB             ; 00:00:02                           ;
; EDA Netlist Writer   ; 00:00:02     ; 1.0                     ; 4664 MB             ; 00:00:02                           ;
; Total                ; 00:01:00     ; --                      ; --                  ; 00:00:53                           ;
+----------------------+--------------+-------------------------+---------------------+------------------------------------+


+------------------------------------------------------------------------------------+
; Flow OS Summary                                                                    ;
+----------------------+------------------+------------+------------+----------------+
; Module Name          ; Machine Hostname ; OS Name    ; OS Version ; Processor type ;
+----------------------+------------------+------------+------------+----------------+
; Analysis & Synthesis ; Thiago_Neri      ; Windows 10 ; 10.0       ; x86_64         ;
; Fitter               ; Thiago_Neri      ; Windows 10 ; 10.0       ; x86_64         ;
; Assembler            ; Thiago_Neri      ; Windows 10 ; 10.0       ; x86_64         ;
; Timing Analyzer      ; Thiago_Neri      ; Windows 10 ; 10.0       ; x86_64         ;
; EDA Netlist Writer   ; Thiago_Neri      ; Windows 10 ; 10.0       ; x86_64         ;
+----------------------+------------------+------------+------------+----------------+


------------
; Flow Log ;
------------
quartus_map --read_settings_files=on --write_settings_files=off botton_controller -c main
quartus_fit --read_settings_files=off --write_settings_files=off botton_controller -c main
quartus_asm --read_settings_files=off --write_settings_files=off botton_controller -c main
quartus_sta botton_controller -c main
quartus_eda --read_settings_files=off --write_settings_files=off botton_controller -c main



