00:29:16 **** Incremental Build of configuration Nios II for project as ****
wsl make all 
Info: Building /mnt/c/Users/thiag/Documents/New_Ic/software/as_bsp/
make --no-print-directory -C /mnt/c/Users/thiag/Documents/New_Ic/software/as_bsp/
[BSP build complete]
[as build complete]
00:29:27 **** Incremental Build of configuration Nios II for project as ****
wsl make all 
Info: Building /mnt/c/Users/thiag/Documents/New_Ic/software/as_bsp/
make --no-print-directory -C /mnt/c/Users/thiag/Documents/New_Ic/software/as_bsp/
[BSP build complete]
[as build complete]
00:29:38 **** Incremental Build of configuration Nios II for project as ****
wsl make all 
Info: Building /mnt/c/Users/thiag/Documents/New_Ic/software/as_bsp/
make --no-print-directory -C /mnt/c/Users/thiag/Documents/New_Ic/software/as_bsp/
[BSP build complete]
[as build complete]
00:30:01 **** Incremental Build of configuration Nios II for project as ****
wsl make all 
Info: Building /mnt/c/Users/thiag/Documents/New_Ic/software/as_bsp/
make --no-print-directory -C /mnt/c/Users/thiag/Documents/New_Ic/software/as_bsp/
[BSP build complete]
Info: Compiling hello_world_small.c to obj/default/hello_world_small.o
nios2-elf-gcc.exe -xc -MP -MMD -c -Ic:/Users/thiag/Documents/New_Ic/software/as_bsp//HAL/inc -Ic:/Users/thiag/Documents/New_Ic/software/as_bsp/ -Ic:/Users/thiag/Documents/New_Ic/software/as_bsp//drivers/inc -pipe -D__hal__ -DALT_NO_C_PLUS_PLUS -DALT_NO_CLEAN_EXIT -D'exit(a)=_exit(a)' -DALT_NO_EXIT -DALT_USE_DIRECT_DRIVERS -DALT_NO_INSTRUCTION_EMULATION -DALT_USE_SMALL_DRIVERS -DSMALL_C_LIB -DALT_SINGLE_THREADED    -Os -g -Wall  -mno-hw-div -mno-hw-div -mno-hw-mul -mno-hw-mulx -mgpopt=global  -o "obj/default/hello_world_small.o" "hello_world_small.c"
Info: Linking as.elf
nios2-elf-g++.exe -T'c:/Users/thiag/Documents/New_Ic/software/as_bsp//linker.x' -msys-crt0='c:/Users/thiag/Documents/New_Ic/software/as_bsp//obj/HAL/src/crt0.o' -msys-lib=hal_bsp -Lc:/Users/thiag/Documents/New_Ic/software/as_bsp/ -msmallc  -Wl,-Map=as.map   -Os -g -Wall  -mno-hw-div -mno-hw-div -mno-hw-mul -mno-hw-mulx -mgpopt=global  -o as.elf obj/default/KEY.o obj/default/hello_world_small.o -lm -msys-lib=m
nios2-elf-insert.exe as.elf --thread_model hal --cpu_name nios2_gen2_0 --qsys true --simulation_enabled false --stderr_dev jtag_uart_0 --stdin_dev jtag_uart_0 --stdout_dev jtag_uart_0 --sopc_system_name IO_contoller --quartus_project_dir "c:/Users/thiag/Documents/New_Ic" --jdi ../..//output_files/main.jdi --sopcinfo C:/Users/thiag/Documents/New_Ic/IO_contoller.sopcinfo
Info: (as.elf) 2156 Bytes program size (code + initialized data).
Info:          1844 Bytes free for stack + heap.
Info: Creating as.objdump
nios2-elf-objdump.exe --disassemble --syms --all-header --source as.elf >as.objdump
[as build complete]
