13:40:19 **** Incremental Build of configuration Nios II for project v1 ****
wsl make all 
Info: Building /mnt/c/Users/thiag/Documents/New_Ic/software/v1_bsp/
make --no-print-directory -C /mnt/c/Users/thiag/Documents/New_Ic/software/v1_bsp/
[BSP build complete]
[v1 build complete]
13:41:16 **** Incremental Build of configuration Nios II for project v1 ****
wsl make all 
Info: Building /mnt/c/Users/thiag/Documents/New_Ic/software/v1_bsp/
make --no-print-directory -C /mnt/c/Users/thiag/Documents/New_Ic/software/v1_bsp/
[BSP build complete]
[v1 build complete]
13:43:36 **** Incremental Build of configuration Nios II for project v1 ****
wsl make all 
Info: Building /mnt/c/Users/thiag/Documents/New_Ic/software/v1_bsp/
make --no-print-directory -C /mnt/c/Users/thiag/Documents/New_Ic/software/v1_bsp/
Compiling alt_alarm_start.c...
nios2-elf-gcc.exe -xc -MP -MMD -c  -I./HAL/inc -I. -I./drivers/inc -pipe -D__hal__ -DALT_NO_C_PLUS_PLUS -DALT_NO_CLEAN_EXIT -D'exit(a)=_exit(a)' -DALT_NO_EXIT -DALT_USE_DIRECT_DRIVERS -DALT_NO_INSTRUCTION_EMULATION -DALT_USE_SMALL_DRIVERS -DSMALL_C_LIB -DALT_SINGLE_THREADED    '-Os' -g -Wall  -mno-hw-div -mno-hw-div -mno-hw-mul -mno-hw-mulx -mgpopt=global   -o obj/HAL/src/alt_alarm_start.o HAL/src/alt_alarm_start.c
Compiling alt_busy_sleep.c...
nios2-elf-gcc.exe -xc -MP -MMD -c  -I./HAL/inc -I. -I./drivers/inc -pipe -D__hal__ -DALT_NO_C_PLUS_PLUS -DALT_NO_CLEAN_EXIT -D'exit(a)=_exit(a)' -DALT_NO_EXIT -DALT_USE_DIRECT_DRIVERS -DALT_NO_INSTRUCTION_EMULATION -DALT_USE_SMALL_DRIVERS -DSMALL_C_LIB -DALT_SINGLE_THREADED    '-Os' -g -Wall  -mno-hw-div -mno-hw-div -mno-hw-mul -mno-hw-mulx -mgpopt=global   -o obj/HAL/src/alt_busy_sleep.o HAL/src/alt_busy_sleep.c
Compiling alt_close.c...
nios2-elf-gcc.exe -xc -MP -MMD -c  -I./HAL/inc -I. -I./drivers/inc -pipe -D__hal__ -DALT_NO_C_PLUS_PLUS -DALT_NO_CLEAN_EXIT -D'exit(a)=_exit(a)' -DALT_NO_EXIT -DALT_USE_DIRECT_DRIVERS -DALT_NO_INSTRUCTION_EMULATION -DALT_USE_SMALL_DRIVERS -DSMALL_C_LIB -DALT_SINGLE_THREADED    '-Os' -g -Wall  -mno-hw-div -mno-hw-div -mno-hw-mul -mno-hw-mulx -mgpopt=global   -o obj/HAL/src/alt_close.o HAL/src/alt_close.c
Compiling alt_dcache_flush.c...
nios2-elf-gcc.exe -xc -MP -MMD -c  -I./HAL/inc -I. -I./drivers/inc -pipe -D__hal__ -DALT_NO_C_PLUS_PLUS -DALT_NO_CLEAN_EXIT -D'exit(a)=_exit(a)' -DALT_NO_EXIT -DALT_USE_DIRECT_DRIVERS -DALT_NO_INSTRUCTION_EMULATION -DALT_USE_SMALL_DRIVERS -DSMALL_C_LIB -DALT_SINGLE_THREADED    '-Os' -g -Wall  -mno-hw-div -mno-hw-div -mno-hw-mul -mno-hw-mulx -mgpopt=global   -o obj/HAL/src/alt_dcache_flush.o HAL/src/alt_dcache_flush.c
Compiling alt_dcache_flush_all.c...
nios2-elf-gcc.exe -xc -MP -MMD -c  -I./HAL/inc -I. -I./drivers/inc -pipe -D__hal__ -DALT_NO_C_PLUS_PLUS -DALT_NO_CLEAN_EXIT -D'exit(a)=_exit(a)' -DALT_NO_EXIT -DALT_USE_DIRECT_DRIVERS -DALT_NO_INSTRUCTION_EMULATION -DALT_USE_SMALL_DRIVERS -DSMALL_C_LIB -DALT_SINGLE_THREADED    '-Os' -g -Wall  -mno-hw-div -mno-hw-div -mno-hw-mul -mno-hw-mulx -mgpopt=global   -o obj/HAL/src/alt_dcache_flush_all.o HAL/src/alt_dcache_flush_all.c
Compiling alt_dcache_flush_no_writeback.c...
nios2-elf-gcc.exe -xc -MP -MMD -c  -I./HAL/inc -I. -I./drivers/inc -pipe -D__hal__ -DALT_NO_C_PLUS_PLUS -DALT_NO_CLEAN_EXIT -D'exit(a)=_exit(a)' -DALT_NO_EXIT -DALT_USE_DIRECT_DRIVERS -DALT_NO_INSTRUCTION_EMULATION -DALT_USE_SMALL_DRIVERS -DSMALL_C_LIB -DALT_SINGLE_THREADED    '-Os' -g -Wall  -mno-hw-div -mno-hw-div -mno-hw-mul -mno-hw-mulx -mgpopt=global   -o obj/HAL/src/alt_dcache_flush_no_writeback.o HAL/src/alt_dcache_flush_no_writeback.c
Compiling alt_dev.c...
nios2-elf-gcc.exe -xc -MP -MMD -c  -I./HAL/inc -I. -I./drivers/inc -pipe -D__hal__ -DALT_NO_C_PLUS_PLUS -DALT_NO_CLEAN_EXIT -D'exit(a)=_exit(a)' -DALT_NO_EXIT -DALT_USE_DIRECT_DRIVERS -DALT_NO_INSTRUCTION_EMULATION -DALT_USE_SMALL_DRIVERS -DSMALL_C_LIB -DALT_SINGLE_THREADED    '-Os' -g -Wall  -mno-hw-div -mno-hw-div -mno-hw-mul -mno-hw-mulx -mgpopt=global   -o obj/HAL/src/alt_dev.o HAL/src/alt_dev.c
Compiling alt_dma_rxchan_open.c...
nios2-elf-gcc.exe -xc -MP -MMD -c  -I./HAL/inc -I. -I./drivers/inc -pipe -D__hal__ -DALT_NO_C_PLUS_PLUS -DALT_NO_CLEAN_EXIT -D'exit(a)=_exit(a)' -DALT_NO_EXIT -DALT_USE_DIRECT_DRIVERS -DALT_NO_INSTRUCTION_EMULATION -DALT_USE_SMALL_DRIVERS -DSMALL_C_LIB -DALT_SINGLE_THREADED    '-Os' -g -Wall  -mno-hw-div -mno-hw-div -mno-hw-mul -mno-hw-mulx -mgpopt=global   -o obj/HAL/src/alt_dma_rxchan_open.o HAL/src/alt_dma_rxchan_open.c
Compiling alt_dma_txchan_open.c...
nios2-elf-gcc.exe -xc -MP -MMD -c  -I./HAL/inc -I. -I./drivers/inc -pipe -D__hal__ -DALT_NO_C_PLUS_PLUS -DALT_NO_CLEAN_EXIT -D'exit(a)=_exit(a)' -DALT_NO_EXIT -DALT_USE_DIRECT_DRIVERS -DALT_NO_INSTRUCTION_EMULATION -DALT_USE_SMALL_DRIVERS -DSMALL_C_LIB -DALT_SINGLE_THREADED    '-Os' -g -Wall  -mno-hw-div -mno-hw-div -mno-hw-mul -mno-hw-mulx -mgpopt=global   -o obj/HAL/src/alt_dma_txchan_open.o HAL/src/alt_dma_txchan_open.c
Compiling alt_ecc_fatal_exception.c...
nios2-elf-gcc.exe -xc -MP -MMD -c  -I./HAL/inc -I. -I./drivers/inc -pipe -D__hal__ -DALT_NO_C_PLUS_PLUS -DALT_NO_CLEAN_EXIT -D'exit(a)=_exit(a)' -DALT_NO_EXIT -DALT_USE_DIRECT_DRIVERS -DALT_NO_INSTRUCTION_EMULATION -DALT_USE_SMALL_DRIVERS -DSMALL_C_LIB -DALT_SINGLE_THREADED    '-Os' -g -Wall  -mno-hw-div -mno-hw-div -mno-hw-mul -mno-hw-mulx -mgpopt=global   -o obj/HAL/src/alt_ecc_fatal_exception.o HAL/src/alt_ecc_fatal_exception.c
Compiling alt_exception_entry.S...
nios2-elf-gcc.exe -MP -MMD -c   '-Os' -g -Wall  -mno-hw-div -mno-hw-div -mno-hw-mul -mno-hw-mulx -mgpopt=global    -I./HAL/inc -I. -I./drivers/inc -pipe -D__hal__ -DALT_NO_C_PLUS_PLUS -DALT_NO_CLEAN_EXIT -D'exit(a)=_exit(a)' -DALT_NO_EXIT -DALT_USE_DIRECT_DRIVERS -DALT_NO_INSTRUCTION_EMULATION -DALT_USE_SMALL_DRIVERS -DSMALL_C_LIB -DALT_SINGLE_THREADED  -Wa,-gdwarf2  -o obj/HAL/src/alt_exception_entry.o HAL/src/alt_exception_entry.S
Compiling alt_exit.c...
nios2-elf-gcc.exe -xc -MP -MMD -c  -I./HAL/inc -I. -I./drivers/inc -pipe -D__hal__ -DALT_NO_C_PLUS_PLUS -DALT_NO_CLEAN_EXIT -D'exit(a)=_exit(a)' -DALT_NO_EXIT -DALT_USE_DIRECT_DRIVERS -DALT_NO_INSTRUCTION_EMULATION -DALT_USE_SMALL_DRIVERS -DSMALL_C_LIB -DALT_SINGLE_THREADED    '-Os' -g -Wall  -mno-hw-div -mno-hw-div -mno-hw-mul -mno-hw-mulx -mgpopt=global   -o obj/HAL/src/alt_exit.o HAL/src/alt_exit.c
Compiling alt_fcntl.c...
nios2-elf-gcc.exe -xc -MP -MMD -c  -I./HAL/inc -I. -I./drivers/inc -pipe -D__hal__ -DALT_NO_C_PLUS_PLUS -DALT_NO_CLEAN_EXIT -D'exit(a)=_exit(a)' -DALT_NO_EXIT -DALT_USE_DIRECT_DRIVERS -DALT_NO_INSTRUCTION_EMULATION -DALT_USE_SMALL_DRIVERS -DSMALL_C_LIB -DALT_SINGLE_THREADED    '-Os' -g -Wall  -mno-hw-div -mno-hw-div -mno-hw-mul -mno-hw-mulx -mgpopt=global   -o obj/HAL/src/alt_fcntl.o HAL/src/alt_fcntl.c
Compiling alt_fd_lock.c...
nios2-elf-gcc.exe -xc -MP -MMD -c  -I./HAL/inc -I. -I./drivers/inc -pipe -D__hal__ -DALT_NO_C_PLUS_PLUS -DALT_NO_CLEAN_EXIT -D'exit(a)=_exit(a)' -DALT_NO_EXIT -DALT_USE_DIRECT_DRIVERS -DALT_NO_INSTRUCTION_EMULATION -DALT_USE_SMALL_DRIVERS -DSMALL_C_LIB -DALT_SINGLE_THREADED    '-Os' -g -Wall  -mno-hw-div -mno-hw-div -mno-hw-mul -mno-hw-mulx -mgpopt=global   -o obj/HAL/src/alt_fd_lock.o HAL/src/alt_fd_lock.c
Compiling alt_fd_unlock.c...
nios2-elf-gcc.exe -xc -MP -MMD -c  -I./HAL/inc -I. -I./drivers/inc -pipe -D__hal__ -DALT_NO_C_PLUS_PLUS -DALT_NO_CLEAN_EXIT -D'exit(a)=_exit(a)' -DALT_NO_EXIT -DALT_USE_DIRECT_DRIVERS -DALT_NO_INSTRUCTION_EMULATION -DALT_USE_SMALL_DRIVERS -DSMALL_C_LIB -DALT_SINGLE_THREADED    '-Os' -g -Wall  -mno-hw-div -mno-hw-div -mno-hw-mul -mno-hw-mulx -mgpopt=global   -o obj/HAL/src/alt_fd_unlock.o HAL/src/alt_fd_unlock.c
Compiling alt_find_dev.c...
nios2-elf-gcc.exe -xc -MP -MMD -c  -I./HAL/inc -I. -I./drivers/inc -pipe -D__hal__ -DALT_NO_C_PLUS_PLUS -DALT_NO_CLEAN_EXIT -D'exit(a)=_exit(a)' -DALT_NO_EXIT -DALT_USE_DIRECT_DRIVERS -DALT_NO_INSTRUCTION_EMULATION -DALT_USE_SMALL_DRIVERS -DSMALL_C_LIB -DALT_SINGLE_THREADED    '-Os' -g -Wall  -mno-hw-div -mno-hw-div -mno-hw-mul -mno-hw-mulx -mgpopt=global   -o obj/HAL/src/alt_find_dev.o HAL/src/alt_find_dev.c
Compiling alt_find_file.c...
nios2-elf-gcc.exe -xc -MP -MMD -c  -I./HAL/inc -I. -I./drivers/inc -pipe -D__hal__ -DALT_NO_C_PLUS_PLUS -DALT_NO_CLEAN_EXIT -D'exit(a)=_exit(a)' -DALT_NO_EXIT -DALT_USE_DIRECT_DRIVERS -DALT_NO_INSTRUCTION_EMULATION -DALT_USE_SMALL_DRIVERS -DSMALL_C_LIB -DALT_SINGLE_THREADED    '-Os' -g -Wall  -mno-hw-div -mno-hw-div -mno-hw-mul -mno-hw-mulx -mgpopt=global   -o obj/HAL/src/alt_find_file.o HAL/src/alt_find_file.c
Compiling alt_flash_dev.c...
nios2-elf-gcc.exe -xc -MP -MMD -c  -I./HAL/inc -I. -I./drivers/inc -pipe -D__hal__ -DALT_NO_C_PLUS_PLUS -DALT_NO_CLEAN_EXIT -D'exit(a)=_exit(a)' -DALT_NO_EXIT -DALT_USE_DIRECT_DRIVERS -DALT_NO_INSTRUCTION_EMULATION -DALT_USE_SMALL_DRIVERS -DSMALL_C_LIB -DALT_SINGLE_THREADED    '-Os' -g -Wall  -mno-hw-div -mno-hw-div -mno-hw-mul -mno-hw-mulx -mgpopt=global   -o obj/HAL/src/alt_flash_dev.o HAL/src/alt_flash_dev.c
Compiling alt_fs_reg.c...
nios2-elf-gcc.exe -xc -MP -MMD -c  -I./HAL/inc -I. -I./drivers/inc -pipe -D__hal__ -DALT_NO_C_PLUS_PLUS -DALT_NO_CLEAN_EXIT -D'exit(a)=_exit(a)' -DALT_NO_EXIT -DALT_USE_DIRECT_DRIVERS -DALT_NO_INSTRUCTION_EMULATION -DALT_USE_SMALL_DRIVERS -DSMALL_C_LIB -DALT_SINGLE_THREADED    '-Os' -g -Wall  -mno-hw-div -mno-hw-div -mno-hw-mul -mno-hw-mulx -mgpopt=global   -o obj/HAL/src/alt_fs_reg.o HAL/src/alt_fs_reg.c
Compiling alt_fstat.c...
nios2-elf-gcc.exe -xc -MP -MMD -c  -I./HAL/inc -I. -I./drivers/inc -pipe -D__hal__ -DALT_NO_C_PLUS_PLUS -DALT_NO_CLEAN_EXIT -D'exit(a)=_exit(a)' -DALT_NO_EXIT -DALT_USE_DIRECT_DRIVERS -DALT_NO_INSTRUCTION_EMULATION -DALT_USE_SMALL_DRIVERS -DSMALL_C_LIB -DALT_SINGLE_THREADED    '-Os' -g -Wall  -mno-hw-div -mno-hw-div -mno-hw-mul -mno-hw-mulx -mgpopt=global   -o obj/HAL/src/alt_fstat.o HAL/src/alt_fstat.c
Compiling alt_get_fd.c...
nios2-elf-gcc.exe -xc -MP -MMD -c  -I./HAL/inc -I. -I./drivers/inc -pipe -D__hal__ -DALT_NO_C_PLUS_PLUS -DALT_NO_CLEAN_EXIT -D'exit(a)=_exit(a)' -DALT_NO_EXIT -DALT_USE_DIRECT_DRIVERS -DALT_NO_INSTRUCTION_EMULATION -DALT_USE_SMALL_DRIVERS -DSMALL_C_LIB -DALT_SINGLE_THREADED    '-Os' -g -Wall  -mno-hw-div -mno-hw-div -mno-hw-mul -mno-hw-mulx -mgpopt=global   -o obj/HAL/src/alt_get_fd.o HAL/src/alt_get_fd.c
Compiling alt_getchar.c...
nios2-elf-gcc.exe -xc -MP -MMD -c  -I./HAL/inc -I. -I./drivers/inc -pipe -D__hal__ -DALT_NO_C_PLUS_PLUS -DALT_NO_CLEAN_EXIT -D'exit(a)=_exit(a)' -DALT_NO_EXIT -DALT_USE_DIRECT_DRIVERS -DALT_NO_INSTRUCTION_EMULATION -DALT_USE_SMALL_DRIVERS -DSMALL_C_LIB -DALT_SINGLE_THREADED    '-Os' -g -Wall  -mno-hw-div -mno-hw-div -mno-hw-mul -mno-hw-mulx -mgpopt=global   -o obj/HAL/src/alt_getchar.o HAL/src/alt_getchar.c
In file included from HAL/src/alt_getchar.c:36:
./system.h: In function 'alt_getchar':
./system.h:223:38: warning: 'c' may be used uninitialized [-Wmaybe-uninitialized]
  223 | #define ALT_MODULE_CLASS_jtag_uart_0 altera_avalon_jtag_uart
      |                                      ^~~~~~~~~~~~~~~~~~~~~~~
In file included from HAL/src/alt_getchar.c:37:
./system.h:223:38: note: by argument 2 of type 'const char *' to 'altera_avalon_jtag_uart_read' declared here
  223 | #define ALT_MODULE_CLASS_jtag_uart_0 altera_avalon_jtag_uart
      |                                      ^~~~~~~~~~~~~~~~~~~~~~~
./HAL/inc/sys/alt_driver.h:76:3: note: in definition of macro 'ALT_DRIVER_FUNC_NAME2'
   76 |   module_class ## _ ## func
      |   ^~~~~~~~~~~~
./HAL/inc/sys/alt_driver.h:72:3: note: in expansion of macro 'ALT_DRIVER_FUNC_NAME1'
   72 |   ALT_DRIVER_FUNC_NAME1(ALT_MODULE_CLASS(instance), func)
      |   ^~~~~~~~~~~~~~~~~~~~~
./HAL/inc/sys/alt_driver.h:53:36: note: in expansion of macro 'ALT_MODULE_CLASS_jtag_uart_0'
   53 | #define ALT_MODULE_CLASS(instance) ALT_MODULE_CLASS_ ## instance
      |                                    ^~~~~~~~~~~~~~~~~
./HAL/inc/sys/alt_driver.h:72:25: note: in expansion of macro 'ALT_MODULE_CLASS'
   72 |   ALT_DRIVER_FUNC_NAME1(ALT_MODULE_CLASS(instance), func)
      |                         ^~~~~~~~~~~~~~~~
./HAL/inc/sys/alt_driver.h:144:16: note: in expansion of macro 'ALT_DRIVER_FUNC_NAME'
  144 |     extern int ALT_DRIVER_FUNC_NAME(instance, read)                         \
      |                ^~~~~~~~~~~~~~~~~~~~
HAL/src/alt_getchar.c:59:5: note: in expansion of macro 'ALT_DRIVER_READ_EXTERNS'
   59 |     ALT_DRIVER_READ_EXTERNS(ALT_STDIN_DEV);
      |     ^~~~~~~~~~~~~~~~~~~~~~~
HAL/src/alt_getchar.c:60:10: note: 'c' declared here
   60 |     char c;
      |          ^
Compiling alt_gmon.c...
nios2-elf-gcc.exe -xc -MP -MMD -c  -I./HAL/inc -I. -I./drivers/inc -pipe -D__hal__ -DALT_NO_C_PLUS_PLUS -DALT_NO_CLEAN_EXIT -D'exit(a)=_exit(a)' -DALT_NO_EXIT -DALT_USE_DIRECT_DRIVERS -DALT_NO_INSTRUCTION_EMULATION -DALT_USE_SMALL_DRIVERS -DSMALL_C_LIB -DALT_SINGLE_THREADED    '-Os' -g -Wall  -mno-hw-div -mno-hw-div -mno-hw-mul -mno-hw-mulx -mgpopt=global   -o obj/HAL/src/alt_gmon.o HAL/src/alt_gmon.c
Compiling alt_icache_flush.c...
nios2-elf-gcc.exe -xc -MP -MMD -c  -I./HAL/inc -I. -I./drivers/inc -pipe -D__hal__ -DALT_NO_C_PLUS_PLUS -DALT_NO_CLEAN_EXIT -D'exit(a)=_exit(a)' -DALT_NO_EXIT -DALT_USE_DIRECT_DRIVERS -DALT_NO_INSTRUCTION_EMULATION -DALT_USE_SMALL_DRIVERS -DSMALL_C_LIB -DALT_SINGLE_THREADED    '-Os' -g -Wall  -mno-hw-div -mno-hw-div -mno-hw-mul -mno-hw-mulx -mgpopt=global   -o obj/HAL/src/alt_icache_flush.o HAL/src/alt_icache_flush.c
Compiling alt_icache_flush_all.c...
nios2-elf-gcc.exe -xc -MP -MMD -c  -I./HAL/inc -I. -I./drivers/inc -pipe -D__hal__ -DALT_NO_C_PLUS_PLUS -DALT_NO_CLEAN_EXIT -D'exit(a)=_exit(a)' -DALT_NO_EXIT -DALT_USE_DIRECT_DRIVERS -DALT_NO_INSTRUCTION_EMULATION -DALT_USE_SMALL_DRIVERS -DSMALL_C_LIB -DALT_SINGLE_THREADED    '-Os' -g -Wall  -mno-hw-div -mno-hw-div -mno-hw-mul -mno-hw-mulx -mgpopt=global   -o obj/HAL/src/alt_icache_flush_all.o HAL/src/alt_icache_flush_all.c
Compiling alt_iic.c...
nios2-elf-gcc.exe -xc -MP -MMD -c  -I./HAL/inc -I. -I./drivers/inc -pipe -D__hal__ -DALT_NO_C_PLUS_PLUS -DALT_NO_CLEAN_EXIT -D'exit(a)=_exit(a)' -DALT_NO_EXIT -DALT_USE_DIRECT_DRIVERS -DALT_NO_INSTRUCTION_EMULATION -DALT_USE_SMALL_DRIVERS -DSMALL_C_LIB -DALT_SINGLE_THREADED    '-Os' -g -Wall  -mno-hw-div -mno-hw-div -mno-hw-mul -mno-hw-mulx -mgpopt=global   -o obj/HAL/src/alt_iic.o HAL/src/alt_iic.c
Compiling alt_iic_isr_register.c...
nios2-elf-gcc.exe -xc -MP -MMD -c  -I./HAL/inc -I. -I./drivers/inc -pipe -D__hal__ -DALT_NO_C_PLUS_PLUS -DALT_NO_CLEAN_EXIT -D'exit(a)=_exit(a)' -DALT_NO_EXIT -DALT_USE_DIRECT_DRIVERS -DALT_NO_INSTRUCTION_EMULATION -DALT_USE_SMALL_DRIVERS -DSMALL_C_LIB -DALT_SINGLE_THREADED    '-Os' -g -Wall  -mno-hw-div -mno-hw-div -mno-hw-mul -mno-hw-mulx -mgpopt=global   -o obj/HAL/src/alt_iic_isr_register.o HAL/src/alt_iic_isr_register.c
Compiling alt_instruction_exception_entry.c...
nios2-elf-gcc.exe -xc -MP -MMD -c  -I./HAL/inc -I. -I./drivers/inc -pipe -D__hal__ -DALT_NO_C_PLUS_PLUS -DALT_NO_CLEAN_EXIT -D'exit(a)=_exit(a)' -DALT_NO_EXIT -DALT_USE_DIRECT_DRIVERS -DALT_NO_INSTRUCTION_EMULATION -DALT_USE_SMALL_DRIVERS -DSMALL_C_LIB -DALT_SINGLE_THREADED    '-Os' -g -Wall  -mno-hw-div -mno-hw-div -mno-hw-mul -mno-hw-mulx -mgpopt=global   -o obj/HAL/src/alt_instruction_exception_entry.o HAL/src/alt_instruction_exception_entry.c
Compiling alt_instruction_exception_register.c...
nios2-elf-gcc.exe -xc -MP -MMD -c  -I./HAL/inc -I. -I./drivers/inc -pipe -D__hal__ -DALT_NO_C_PLUS_PLUS -DALT_NO_CLEAN_EXIT -D'exit(a)=_exit(a)' -DALT_NO_EXIT -DALT_USE_DIRECT_DRIVERS -DALT_NO_INSTRUCTION_EMULATION -DALT_USE_SMALL_DRIVERS -DSMALL_C_LIB -DALT_SINGLE_THREADED    '-Os' -g -Wall  -mno-hw-div -mno-hw-div -mno-hw-mul -mno-hw-mulx -mgpopt=global   -o obj/HAL/src/alt_instruction_exception_register.o HAL/src/alt_instruction_exception_register.c
Compiling alt_io_redirect.c...
nios2-elf-gcc.exe -xc -MP -MMD -c  -I./HAL/inc -I. -I./drivers/inc -pipe -D__hal__ -DALT_NO_C_PLUS_PLUS -DALT_NO_CLEAN_EXIT -D'exit(a)=_exit(a)' -DALT_NO_EXIT -DALT_USE_DIRECT_DRIVERS -DALT_NO_INSTRUCTION_EMULATION -DALT_USE_SMALL_DRIVERS -DSMALL_C_LIB -DALT_SINGLE_THREADED    '-Os' -g -Wall  -mno-hw-div -mno-hw-div -mno-hw-mul -mno-hw-mulx -mgpopt=global   -o obj/HAL/src/alt_io_redirect.o HAL/src/alt_io_redirect.c
Compiling alt_ioctl.c...
nios2-elf-gcc.exe -xc -MP -MMD -c  -I./HAL/inc -I. -I./drivers/inc -pipe -D__hal__ -DALT_NO_C_PLUS_PLUS -DALT_NO_CLEAN_EXIT -D'exit(a)=_exit(a)' -DALT_NO_EXIT -DALT_USE_DIRECT_DRIVERS -DALT_NO_INSTRUCTION_EMULATION -DALT_USE_SMALL_DRIVERS -DSMALL_C_LIB -DALT_SINGLE_THREADED    '-Os' -g -Wall  -mno-hw-div -mno-hw-div -mno-hw-mul -mno-hw-mulx -mgpopt=global   -o obj/HAL/src/alt_ioctl.o HAL/src/alt_ioctl.c
Compiling alt_irq_entry.S...
nios2-elf-gcc.exe -MP -MMD -c   '-Os' -g -Wall  -mno-hw-div -mno-hw-div -mno-hw-mul -mno-hw-mulx -mgpopt=global    -I./HAL/inc -I. -I./drivers/inc -pipe -D__hal__ -DALT_NO_C_PLUS_PLUS -DALT_NO_CLEAN_EXIT -D'exit(a)=_exit(a)' -DALT_NO_EXIT -DALT_USE_DIRECT_DRIVERS -DALT_NO_INSTRUCTION_EMULATION -DALT_USE_SMALL_DRIVERS -DSMALL_C_LIB -DALT_SINGLE_THREADED  -Wa,-gdwarf2  -o obj/HAL/src/alt_irq_entry.o HAL/src/alt_irq_entry.S
Compiling alt_irq_handler.c...
nios2-elf-gcc.exe -xc -MP -MMD -c  -I./HAL/inc -I. -I./drivers/inc -pipe -D__hal__ -DALT_NO_C_PLUS_PLUS -DALT_NO_CLEAN_EXIT -D'exit(a)=_exit(a)' -DALT_NO_EXIT -DALT_USE_DIRECT_DRIVERS -DALT_NO_INSTRUCTION_EMULATION -DALT_USE_SMALL_DRIVERS -DSMALL_C_LIB -DALT_SINGLE_THREADED    '-Os' -g -Wall  -mno-hw-div -mno-hw-div -mno-hw-mul -mno-hw-mulx -mgpopt=global   -o obj/HAL/src/alt_irq_handler.o HAL/src/alt_irq_handler.c
Compiling alt_irq_register.c...
nios2-elf-gcc.exe -xc -MP -MMD -c  -I./HAL/inc -I. -I./drivers/inc -pipe -D__hal__ -DALT_NO_C_PLUS_PLUS -DALT_NO_CLEAN_EXIT -D'exit(a)=_exit(a)' -DALT_NO_EXIT -DALT_USE_DIRECT_DRIVERS -DALT_NO_INSTRUCTION_EMULATION -DALT_USE_SMALL_DRIVERS -DSMALL_C_LIB -DALT_SINGLE_THREADED    '-Os' -g -Wall  -mno-hw-div -mno-hw-div -mno-hw-mul -mno-hw-mulx -mgpopt=global   -o obj/HAL/src/alt_irq_register.o HAL/src/alt_irq_register.c
Compiling alt_irq_vars.c...
nios2-elf-gcc.exe -xc -MP -MMD -c  -I./HAL/inc -I. -I./drivers/inc -pipe -D__hal__ -DALT_NO_C_PLUS_PLUS -DALT_NO_CLEAN_EXIT -D'exit(a)=_exit(a)' -DALT_NO_EXIT -DALT_USE_DIRECT_DRIVERS -DALT_NO_INSTRUCTION_EMULATION -DALT_USE_SMALL_DRIVERS -DSMALL_C_LIB -DALT_SINGLE_THREADED    '-Os' -g -Wall  -mno-hw-div -mno-hw-div -mno-hw-mul -mno-hw-mulx -mgpopt=global   -o obj/HAL/src/alt_irq_vars.o HAL/src/alt_irq_vars.c
Compiling alt_isatty.c...
nios2-elf-gcc.exe -xc -MP -MMD -c  -I./HAL/inc -I. -I./drivers/inc -pipe -D__hal__ -DALT_NO_C_PLUS_PLUS -DALT_NO_CLEAN_EXIT -D'exit(a)=_exit(a)' -DALT_NO_EXIT -DALT_USE_DIRECT_DRIVERS -DALT_NO_INSTRUCTION_EMULATION -DALT_USE_SMALL_DRIVERS -DSMALL_C_LIB -DALT_SINGLE_THREADED    '-Os' -g -Wall  -mno-hw-div -mno-hw-div -mno-hw-mul -mno-hw-mulx -mgpopt=global   -o obj/HAL/src/alt_isatty.o HAL/src/alt_isatty.c
Compiling alt_lseek.c...
nios2-elf-gcc.exe -xc -MP -MMD -c  -I./HAL/inc -I. -I./drivers/inc -pipe -D__hal__ -DALT_NO_C_PLUS_PLUS -DALT_NO_CLEAN_EXIT -D'exit(a)=_exit(a)' -DALT_NO_EXIT -DALT_USE_DIRECT_DRIVERS -DALT_NO_INSTRUCTION_EMULATION -DALT_USE_SMALL_DRIVERS -DSMALL_C_LIB -DALT_SINGLE_THREADED    '-Os' -g -Wall  -mno-hw-div -mno-hw-div -mno-hw-mul -mno-hw-mulx -mgpopt=global   -o obj/HAL/src/alt_lseek.o HAL/src/alt_lseek.c
Compiling alt_main.c...
nios2-elf-gcc.exe -xc -MP -MMD -c  -I./HAL/inc -I. -I./drivers/inc -pipe -D__hal__ -DALT_NO_C_PLUS_PLUS -DALT_NO_CLEAN_EXIT -D'exit(a)=_exit(a)' -DALT_NO_EXIT -DALT_USE_DIRECT_DRIVERS -DALT_NO_INSTRUCTION_EMULATION -DALT_USE_SMALL_DRIVERS -DSMALL_C_LIB -DALT_SINGLE_THREADED    '-Os' -g -Wall  -mno-hw-div -mno-hw-div -mno-hw-mul -mno-hw-mulx -mgpopt=global   -o obj/HAL/src/alt_main.o HAL/src/alt_main.c
Compiling alt_open.c...
nios2-elf-gcc.exe -xc -MP -MMD -c  -I./HAL/inc -I. -I./drivers/inc -pipe -D__hal__ -DALT_NO_C_PLUS_PLUS -DALT_NO_CLEAN_EXIT -D'exit(a)=_exit(a)' -DALT_NO_EXIT -DALT_USE_DIRECT_DRIVERS -DALT_NO_INSTRUCTION_EMULATION -DALT_USE_SMALL_DRIVERS -DSMALL_C_LIB -DALT_SINGLE_THREADED    '-Os' -g -Wall  -mno-hw-div -mno-hw-div -mno-hw-mul -mno-hw-mulx -mgpopt=global   -o obj/HAL/src/alt_open.o HAL/src/alt_open.c
Compiling alt_putchar.c...
nios2-elf-gcc.exe -xc -MP -MMD -c  -I./HAL/inc -I. -I./drivers/inc -pipe -D__hal__ -DALT_NO_C_PLUS_PLUS -DALT_NO_CLEAN_EXIT -D'exit(a)=_exit(a)' -DALT_NO_EXIT -DALT_USE_DIRECT_DRIVERS -DALT_NO_INSTRUCTION_EMULATION -DALT_USE_SMALL_DRIVERS -DSMALL_C_LIB -DALT_SINGLE_THREADED    '-Os' -g -Wall  -mno-hw-div -mno-hw-div -mno-hw-mul -mno-hw-mulx -mgpopt=global   -o obj/HAL/src/alt_putchar.o HAL/src/alt_putchar.c
Compiling alt_putstr.c...
nios2-elf-gcc.exe -xc -MP -MMD -c  -I./HAL/inc -I. -I./drivers/inc -pipe -D__hal__ -DALT_NO_C_PLUS_PLUS -DALT_NO_CLEAN_EXIT -D'exit(a)=_exit(a)' -DALT_NO_EXIT -DALT_USE_DIRECT_DRIVERS -DALT_NO_INSTRUCTION_EMULATION -DALT_USE_SMALL_DRIVERS -DSMALL_C_LIB -DALT_SINGLE_THREADED    '-Os' -g -Wall  -mno-hw-div -mno-hw-div -mno-hw-mul -mno-hw-mulx -mgpopt=global   -o obj/HAL/src/alt_putstr.o HAL/src/alt_putstr.c
Compiling alt_read.c...
nios2-elf-gcc.exe -xc -MP -MMD -c  -I./HAL/inc -I. -I./drivers/inc -pipe -D__hal__ -DALT_NO_C_PLUS_PLUS -DALT_NO_CLEAN_EXIT -D'exit(a)=_exit(a)' -DALT_NO_EXIT -DALT_USE_DIRECT_DRIVERS -DALT_NO_INSTRUCTION_EMULATION -DALT_USE_SMALL_DRIVERS -DSMALL_C_LIB -DALT_SINGLE_THREADED    '-Os' -g -Wall  -mno-hw-div -mno-hw-div -mno-hw-mul -mno-hw-mulx -mgpopt=global   -o obj/HAL/src/alt_read.o HAL/src/alt_read.c
Compiling alt_release_fd.c...
nios2-elf-gcc.exe -xc -MP -MMD -c  -I./HAL/inc -I. -I./drivers/inc -pipe -D__hal__ -DALT_NO_C_PLUS_PLUS -DALT_NO_CLEAN_EXIT -D'exit(a)=_exit(a)' -DALT_NO_EXIT -DALT_USE_DIRECT_DRIVERS -DALT_NO_INSTRUCTION_EMULATION -DALT_USE_SMALL_DRIVERS -DSMALL_C_LIB -DALT_SINGLE_THREADED    '-Os' -g -Wall  -mno-hw-div -mno-hw-div -mno-hw-mul -mno-hw-mulx -mgpopt=global   -o obj/HAL/src/alt_release_fd.o HAL/src/alt_release_fd.c
Compiling alt_remap_cached.c...
nios2-elf-gcc.exe -xc -MP -MMD -c  -I./HAL/inc -I. -I./drivers/inc -pipe -D__hal__ -DALT_NO_C_PLUS_PLUS -DALT_NO_CLEAN_EXIT -D'exit(a)=_exit(a)' -DALT_NO_EXIT -DALT_USE_DIRECT_DRIVERS -DALT_NO_INSTRUCTION_EMULATION -DALT_USE_SMALL_DRIVERS -DSMALL_C_LIB -DALT_SINGLE_THREADED    '-Os' -g -Wall  -mno-hw-div -mno-hw-div -mno-hw-mul -mno-hw-mulx -mgpopt=global   -o obj/HAL/src/alt_remap_cached.o HAL/src/alt_remap_cached.c
Compiling alt_remap_uncached.c...
nios2-elf-gcc.exe -xc -MP -MMD -c  -I./HAL/inc -I. -I./drivers/inc -pipe -D__hal__ -DALT_NO_C_PLUS_PLUS -DALT_NO_CLEAN_EXIT -D'exit(a)=_exit(a)' -DALT_NO_EXIT -DALT_USE_DIRECT_DRIVERS -DALT_NO_INSTRUCTION_EMULATION -DALT_USE_SMALL_DRIVERS -DSMALL_C_LIB -DALT_SINGLE_THREADED    '-Os' -g -Wall  -mno-hw-div -mno-hw-div -mno-hw-mul -mno-hw-mulx -mgpopt=global   -o obj/HAL/src/alt_remap_uncached.o HAL/src/alt_remap_uncached.c
Compiling alt_sbrk.c...
nios2-elf-gcc.exe -xc -MP -MMD -c  -I./HAL/inc -I. -I./drivers/inc -pipe -D__hal__ -DALT_NO_C_PLUS_PLUS -DALT_NO_CLEAN_EXIT -D'exit(a)=_exit(a)' -DALT_NO_EXIT -DALT_USE_DIRECT_DRIVERS -DALT_NO_INSTRUCTION_EMULATION -DALT_USE_SMALL_DRIVERS -DSMALL_C_LIB -DALT_SINGLE_THREADED    '-Os' -g -Wall  -mno-hw-div -mno-hw-div -mno-hw-mul -mno-hw-mulx -mgpopt=global   -o obj/HAL/src/alt_sbrk.o HAL/src/alt_sbrk.c
Compiling alt_software_exception.S...
nios2-elf-gcc.exe -MP -MMD -c   '-Os' -g -Wall  -mno-hw-div -mno-hw-div -mno-hw-mul -mno-hw-mulx -mgpopt=global    -I./HAL/inc -I. -I./drivers/inc -pipe -D__hal__ -DALT_NO_C_PLUS_PLUS -DALT_NO_CLEAN_EXIT -D'exit(a)=_exit(a)' -DALT_NO_EXIT -DALT_USE_DIRECT_DRIVERS -DALT_NO_INSTRUCTION_EMULATION -DALT_USE_SMALL_DRIVERS -DSMALL_C_LIB -DALT_SINGLE_THREADED  -Wa,-gdwarf2  -o obj/HAL/src/alt_software_exception.o HAL/src/alt_software_exception.S
Compiling alt_tick.c...
nios2-elf-gcc.exe -xc -MP -MMD -c  -I./HAL/inc -I. -I./drivers/inc -pipe -D__hal__ -DALT_NO_C_PLUS_PLUS -DALT_NO_CLEAN_EXIT -D'exit(a)=_exit(a)' -DALT_NO_EXIT -DALT_USE_DIRECT_DRIVERS -DALT_NO_INSTRUCTION_EMULATION -DALT_USE_SMALL_DRIVERS -DSMALL_C_LIB -DALT_SINGLE_THREADED    '-Os' -g -Wall  -mno-hw-div -mno-hw-div -mno-hw-mul -mno-hw-mulx -mgpopt=global   -o obj/HAL/src/alt_tick.o HAL/src/alt_tick.c
Compiling alt_uncached_free.c...
nios2-elf-gcc.exe -xc -MP -MMD -c  -I./HAL/inc -I. -I./drivers/inc -pipe -D__hal__ -DALT_NO_C_PLUS_PLUS -DALT_NO_CLEAN_EXIT -D'exit(a)=_exit(a)' -DALT_NO_EXIT -DALT_USE_DIRECT_DRIVERS -DALT_NO_INSTRUCTION_EMULATION -DALT_USE_SMALL_DRIVERS -DSMALL_C_LIB -DALT_SINGLE_THREADED    '-Os' -g -Wall  -mno-hw-div -mno-hw-div -mno-hw-mul -mno-hw-mulx -mgpopt=global   -o obj/HAL/src/alt_uncached_free.o HAL/src/alt_uncached_free.c
Compiling alt_uncached_malloc.c...
nios2-elf-gcc.exe -xc -MP -MMD -c  -I./HAL/inc -I. -I./drivers/inc -pipe -D__hal__ -DALT_NO_C_PLUS_PLUS -DALT_NO_CLEAN_EXIT -D'exit(a)=_exit(a)' -DALT_NO_EXIT -DALT_USE_DIRECT_DRIVERS -DALT_NO_INSTRUCTION_EMULATION -DALT_USE_SMALL_DRIVERS -DSMALL_C_LIB -DALT_SINGLE_THREADED    '-Os' -g -Wall  -mno-hw-div -mno-hw-div -mno-hw-mul -mno-hw-mulx -mgpopt=global   -o obj/HAL/src/alt_uncached_malloc.o HAL/src/alt_uncached_malloc.c
Compiling alt_write.c...
nios2-elf-gcc.exe -xc -MP -MMD -c  -I./HAL/inc -I. -I./drivers/inc -pipe -D__hal__ -DALT_NO_C_PLUS_PLUS -DALT_NO_CLEAN_EXIT -D'exit(a)=_exit(a)' -DALT_NO_EXIT -DALT_USE_DIRECT_DRIVERS -DALT_NO_INSTRUCTION_EMULATION -DALT_USE_SMALL_DRIVERS -DSMALL_C_LIB -DALT_SINGLE_THREADED    '-Os' -g -Wall  -mno-hw-div -mno-hw-div -mno-hw-mul -mno-hw-mulx -mgpopt=global   -o obj/HAL/src/alt_write.o HAL/src/alt_write.c
Compiling altera_nios2_gen2_irq.c...
nios2-elf-gcc.exe -xc -MP -MMD -c  -I./HAL/inc -I. -I./drivers/inc -pipe -D__hal__ -DALT_NO_C_PLUS_PLUS -DALT_NO_CLEAN_EXIT -D'exit(a)=_exit(a)' -DALT_NO_EXIT -DALT_USE_DIRECT_DRIVERS -DALT_NO_INSTRUCTION_EMULATION -DALT_USE_SMALL_DRIVERS -DSMALL_C_LIB -DALT_SINGLE_THREADED    '-Os' -g -Wall  -mno-hw-div -mno-hw-div -mno-hw-mul -mno-hw-mulx -mgpopt=global   -o obj/HAL/src/altera_nios2_gen2_irq.o HAL/src/altera_nios2_gen2_irq.c
Compiling crt0.S...
nios2-elf-gcc.exe -MP -MMD -c   '-Os' -g -Wall  -mno-hw-div -mno-hw-div -mno-hw-mul -mno-hw-mulx -mgpopt=global    -I./HAL/inc -I. -I./drivers/inc -pipe -D__hal__ -DALT_NO_C_PLUS_PLUS -DALT_NO_CLEAN_EXIT -D'exit(a)=_exit(a)' -DALT_NO_EXIT -DALT_USE_DIRECT_DRIVERS -DALT_NO_INSTRUCTION_EMULATION -DALT_USE_SMALL_DRIVERS -DSMALL_C_LIB -DALT_SINGLE_THREADED  -Wa,-gdwarf2  -o obj/HAL/src/crt0.o HAL/src/crt0.S
Compiling alt_sys_init.c...
nios2-elf-gcc.exe -xc -MP -MMD -c  -I./HAL/inc -I. -I./drivers/inc -pipe -D__hal__ -DALT_NO_C_PLUS_PLUS -DALT_NO_CLEAN_EXIT -D'exit(a)=_exit(a)' -DALT_NO_EXIT -DALT_USE_DIRECT_DRIVERS -DALT_NO_INSTRUCTION_EMULATION -DALT_USE_SMALL_DRIVERS -DSMALL_C_LIB -DALT_SINGLE_THREADED    '-Os' -g -Wall  -mno-hw-div -mno-hw-div -mno-hw-mul -mno-hw-mulx -mgpopt=global   -o obj/alt_sys_init.o alt_sys_init.c
Compiling altera_avalon_jtag_uart_fd.c...
nios2-elf-gcc.exe -xc -MP -MMD -c  -I./HAL/inc -I. -I./drivers/inc -pipe -D__hal__ -DALT_NO_C_PLUS_PLUS -DALT_NO_CLEAN_EXIT -D'exit(a)=_exit(a)' -DALT_NO_EXIT -DALT_USE_DIRECT_DRIVERS -DALT_NO_INSTRUCTION_EMULATION -DALT_USE_SMALL_DRIVERS -DSMALL_C_LIB -DALT_SINGLE_THREADED    '-Os' -g -Wall  -mno-hw-div -mno-hw-div -mno-hw-mul -mno-hw-mulx -mgpopt=global   -o obj/drivers/src/altera_avalon_jtag_uart_fd.o drivers/src/altera_avalon_jtag_uart_fd.c
Compiling altera_avalon_jtag_uart_init.c...
nios2-elf-gcc.exe -xc -MP -MMD -c  -I./HAL/inc -I. -I./drivers/inc -pipe -D__hal__ -DALT_NO_C_PLUS_PLUS -DALT_NO_CLEAN_EXIT -D'exit(a)=_exit(a)' -DALT_NO_EXIT -DALT_USE_DIRECT_DRIVERS -DALT_NO_INSTRUCTION_EMULATION -DALT_USE_SMALL_DRIVERS -DSMALL_C_LIB -DALT_SINGLE_THREADED    '-Os' -g -Wall  -mno-hw-div -mno-hw-div -mno-hw-mul -mno-hw-mulx -mgpopt=global   -o obj/drivers/src/altera_avalon_jtag_uart_init.o drivers/src/altera_avalon_jtag_uart_init.c
Compiling altera_avalon_jtag_uart_ioctl.c...
nios2-elf-gcc.exe -xc -MP -MMD -c  -I./HAL/inc -I. -I./drivers/inc -pipe -D__hal__ -DALT_NO_C_PLUS_PLUS -DALT_NO_CLEAN_EXIT -D'exit(a)=_exit(a)' -DALT_NO_EXIT -DALT_USE_DIRECT_DRIVERS -DALT_NO_INSTRUCTION_EMULATION -DALT_USE_SMALL_DRIVERS -DSMALL_C_LIB -DALT_SINGLE_THREADED    '-Os' -g -Wall  -mno-hw-div -mno-hw-div -mno-hw-mul -mno-hw-mulx -mgpopt=global   -o obj/drivers/src/altera_avalon_jtag_uart_ioctl.o drivers/src/altera_avalon_jtag_uart_ioctl.c
Compiling altera_avalon_jtag_uart_read.c...
nios2-elf-gcc.exe -xc -MP -MMD -c  -I./HAL/inc -I. -I./drivers/inc -pipe -D__hal__ -DALT_NO_C_PLUS_PLUS -DALT_NO_CLEAN_EXIT -D'exit(a)=_exit(a)' -DALT_NO_EXIT -DALT_USE_DIRECT_DRIVERS -DALT_NO_INSTRUCTION_EMULATION -DALT_USE_SMALL_DRIVERS -DSMALL_C_LIB -DALT_SINGLE_THREADED    '-Os' -g -Wall  -mno-hw-div -mno-hw-div -mno-hw-mul -mno-hw-mulx -mgpopt=global   -o obj/drivers/src/altera_avalon_jtag_uart_read.o drivers/src/altera_avalon_jtag_uart_read.c
Compiling altera_avalon_jtag_uart_write.c...
nios2-elf-gcc.exe -xc -MP -MMD -c  -I./HAL/inc -I. -I./drivers/inc -pipe -D__hal__ -DALT_NO_C_PLUS_PLUS -DALT_NO_CLEAN_EXIT -D'exit(a)=_exit(a)' -DALT_NO_EXIT -DALT_USE_DIRECT_DRIVERS -DALT_NO_INSTRUCTION_EMULATION -DALT_USE_SMALL_DRIVERS -DSMALL_C_LIB -DALT_SINGLE_THREADED    '-Os' -g -Wall  -mno-hw-div -mno-hw-div -mno-hw-mul -mno-hw-mulx -mgpopt=global   -o obj/drivers/src/altera_avalon_jtag_uart_write.o drivers/src/altera_avalon_jtag_uart_write.c
Creating libhal_bsp.a...
rm -f -f libhal_bsp.a
nios2-elf-ar.exe -src libhal_bsp.a obj/HAL/src/alt_alarm_start.o obj/HAL/src/alt_busy_sleep.o obj/HAL/src/alt_close.o obj/HAL/src/alt_dcache_flush.o obj/HAL/src/alt_dcache_flush_all.o obj/HAL/src/alt_dcache_flush_no_writeback.o obj/HAL/src/alt_dev.o obj/HAL/src/alt_dev_llist_insert.o obj/HAL/src/alt_dma_rxchan_open.o obj/HAL/src/alt_dma_txchan_open.o obj/HAL/src/alt_do_ctors.o obj/HAL/src/alt_do_dtors.o obj/HAL/src/alt_ecc_fatal_entry.o obj/HAL/src/alt_ecc_fatal_exception.o obj/HAL/src/alt_env_lock.o obj/HAL/src/alt_environ.o obj/HAL/src/alt_errno.o obj/HAL/src/alt_exception_entry.o obj/HAL/src/alt_exception_muldiv.o obj/HAL/src/alt_exception_trap.o obj/HAL/src/alt_execve.o obj/HAL/src/alt_exit.o obj/HAL/src/alt_fcntl.o obj/HAL/src/alt_fd_lock.o obj/HAL/src/alt_fd_unlock.o obj/HAL/src/alt_find_dev.o obj/HAL/src/alt_find_file.o obj/HAL/src/alt_flash_dev.o obj/HAL/src/alt_fork.o obj/HAL/src/alt_fs_reg.o obj/HAL/src/alt_fstat.o obj/HAL/src/alt_get_fd.o obj/HAL/src/alt_getchar.o obj/HAL/src/alt_getpid.o obj/HAL/src/alt_gettod.o obj/HAL/src/alt_gmon.o obj/HAL/src/alt_icache_flush.o obj/HAL/src/alt_icache_flush_all.o obj/HAL/src/alt_iic.o obj/HAL/src/alt_iic_isr_register.o obj/HAL/src/alt_instruction_exception_entry.o obj/HAL/src/alt_instruction_exception_register.o obj/HAL/src/alt_io_redirect.o obj/HAL/src/alt_ioctl.o obj/HAL/src/alt_irq_entry.o obj/HAL/src/alt_irq_handler.o obj/HAL/src/alt_irq_register.o obj/HAL/src/alt_irq_vars.o obj/HAL/src/alt_isatty.o obj/HAL/src/alt_kill.o obj/HAL/src/alt_link.o obj/HAL/src/alt_load.o obj/HAL/src/alt_log_macro.o obj/HAL/src/alt_log_printf.o obj/HAL/src/alt_lseek.o obj/HAL/src/alt_main.o obj/HAL/src/alt_malloc_lock.o obj/HAL/src/alt_mcount.o obj/HAL/src/alt_open.o obj/HAL/src/alt_printf.o obj/HAL/src/alt_putchar.o obj/HAL/src/alt_putcharbuf.o obj/HAL/src/alt_putstr.o obj/HAL/src/alt_read.o obj/HAL/src/alt_release_fd.o obj/HAL/src/alt_remap_cached.o obj/HAL/src/alt_remap_uncached.o obj/HAL/src/alt_rename.o obj/HAL/src/alt_sbrk.o obj/HAL/src/alt_settod.o obj/HAL/src/alt_software_exception.o obj/HAL/src/alt_stat.o obj/HAL/src/alt_tick.o obj/HAL/src/alt_times.o obj/HAL/src/alt_uncached_free.o obj/HAL/src/alt_uncached_malloc.o obj/HAL/src/alt_unlink.o obj/HAL/src/alt_usleep.o obj/HAL/src/alt_wait.o obj/HAL/src/alt_write.o obj/HAL/src/altera_nios2_gen2_irq.o obj/HAL/src/crt0.o obj/alt_sys_init.o obj/drivers/src/altera_avalon_jtag_uart_fd.o obj/drivers/src/altera_avalon_jtag_uart_init.o obj/drivers/src/altera_avalon_jtag_uart_ioctl.o obj/drivers/src/altera_avalon_jtag_uart_read.o obj/drivers/src/altera_avalon_jtag_uart_write.o
[BSP build complete]
make: Warning: File '/mnt/c/Users/thiag/Documents/New_Ic/software/v1_bsp//libhal_bsp.a' has modification time 0.83 s in the future
Info: Linking v1.elf
nios2-elf-g++.exe -T'c:/Users/thiag/Documents/New_Ic/software/v1_bsp//linker.x' -msys-crt0='c:/Users/thiag/Documents/New_Ic/software/v1_bsp//obj/HAL/src/crt0.o' -msys-lib=hal_bsp -Lc:/Users/thiag/Documents/New_Ic/software/v1_bsp/ -msmallc  -Wl,-Map=v1.map   -Os -g -Wall  -mno-hw-div -mno-hw-div -mno-hw-mul -mno-hw-mulx -mgpopt=global  -o v1.elf obj/default/KEY.o obj/default/hello_world_small.o -lm -msys-lib=m
nios2-elf-insert.exe v1.elf --thread_model hal --cpu_name nios2_gen2_0 --qsys true --simulation_enabled false --stderr_dev jtag_uart_0 --stdin_dev jtag_uart_0 --stdout_dev jtag_uart_0 --sopc_system_name IO_contoller --quartus_project_dir "c:/Users/thiag/Documents/New_Ic" --jdi ../..//output_files/main.jdi --sopcinfo C:/Users/thiag/Documents/New_Ic/IO_contoller.sopcinfo
Info: (v1.elf) 2564 Bytes program size (code + initialized data).
Info:          7576 Bytes free for stack + heap.
Info: Creating v1.objdump
nios2-elf-objdump.exe --disassemble --syms --all-header --source v1.elf >v1.objdump
[v1 build complete]
make: warning:  Clock skew detected.  Your build may be incomplete.
13:47:48 **** Incremental Build of configuration Nios II for project v1 ****
wsl make all 
Info: Building /mnt/c/Users/thiag/Documents/New_Ic/software/v1_bsp/
make --no-print-directory -C /mnt/c/Users/thiag/Documents/New_Ic/software/v1_bsp/
[BSP build complete]
[v1 build complete]
13:48:43 **** Incremental Build of configuration Nios II for project v1 ****
wsl make all 
Info: Building /mnt/c/Users/thiag/Documents/New_Ic/software/v1_bsp/
make --no-print-directory -C /mnt/c/Users/thiag/Documents/New_Ic/software/v1_bsp/
[BSP build complete]
[v1 build complete]
13:49:26 **** Incremental Build of configuration Nios II for project v1 ****
wsl make all 
Info: Building /mnt/c/Users/thiag/Documents/New_Ic/software/v1_bsp/
make --no-print-directory -C /mnt/c/Users/thiag/Documents/New_Ic/software/v1_bsp/
[BSP build complete]
Info: Compiling KEY.c to obj/default/KEY.o
nios2-elf-gcc.exe -xc -MP -MMD -c -Ic:/Users/thiag/Documents/New_Ic/software/v1_bsp//HAL/inc -Ic:/Users/thiag/Documents/New_Ic/software/v1_bsp/ -Ic:/Users/thiag/Documents/New_Ic/software/v1_bsp//drivers/inc -pipe -D__hal__ -DALT_NO_C_PLUS_PLUS -DALT_NO_CLEAN_EXIT -D'exit(a)=_exit(a)' -DALT_NO_EXIT -DALT_USE_DIRECT_DRIVERS -DALT_NO_INSTRUCTION_EMULATION -DALT_USE_SMALL_DRIVERS -DSMALL_C_LIB -DALT_SINGLE_THREADED    -Os -g -Wall  -mno-hw-div -mno-hw-div -mno-hw-mul -mno-hw-mulx -mgpopt=global  -o "obj/default/KEY.o" "KEY.c"
KEY.c:109:13: warning: 're_MIRQ' defined but not used [-Wunused-function]
  109 | static void re_MIRQ(unsigned int* data_MSB, unsigned int* data_LSB){
      |             ^~~~~~~
KEY.c:88:13: warning: 'we_MIRQ' defined but not used [-Wunused-function]
   88 | static void we_MIRQ(unsigned int data_MSB, unsigned int data_LSB){
      |             ^~~~~~~
Info: Linking v1.elf
nios2-elf-g++.exe -T'c:/Users/thiag/Documents/New_Ic/software/v1_bsp//linker.x' -msys-crt0='c:/Users/thiag/Documents/New_Ic/software/v1_bsp//obj/HAL/src/crt0.o' -msys-lib=hal_bsp -Lc:/Users/thiag/Documents/New_Ic/software/v1_bsp/ -msmallc  -Wl,-Map=v1.map   -Os -g -Wall  -mno-hw-div -mno-hw-div -mno-hw-mul -mno-hw-mulx -mgpopt=global  -o v1.elf obj/default/KEY.o obj/default/hello_world_small.o -lm -msys-lib=m
nios2-elf-insert.exe v1.elf --thread_model hal --cpu_name nios2_gen2_0 --qsys true --simulation_enabled false --stderr_dev jtag_uart_0 --stdin_dev jtag_uart_0 --stdout_dev jtag_uart_0 --sopc_system_name IO_contoller --quartus_project_dir "c:/Users/thiag/Documents/New_Ic" --jdi ../..//output_files/main.jdi --sopcinfo C:/Users/thiag/Documents/New_Ic/IO_contoller.sopcinfo
Info: (v1.elf) 2556 Bytes program size (code + initialized data).
Info:          7584 Bytes free for stack + heap.
Info: Creating v1.objdump
nios2-elf-objdump.exe --disassemble --syms --all-header --source v1.elf >v1.objdump
[v1 build complete]
14:15:58 **** Incremental Build of configuration Nios II for project v1 ****
wsl make all 
Info: Building /mnt/c/Users/thiag/Documents/New_Ic/software/v1_bsp/
make --no-print-directory -C /mnt/c/Users/thiag/Documents/New_Ic/software/v1_bsp/
[BSP build complete]
[v1 build complete]
14:16:37 **** Incremental Build of configuration Nios II for project v1 ****
wsl make all 
Info: Building /mnt/c/Users/thiag/Documents/New_Ic/software/v1_bsp/
make --no-print-directory -C /mnt/c/Users/thiag/Documents/New_Ic/software/v1_bsp/
[BSP build complete]
[v1 build complete]
14:16:59 **** Incremental Build of configuration Nios II for project v1 ****
wsl make all 
Info: Building /mnt/c/Users/thiag/Documents/New_Ic/software/v1_bsp/
make --no-print-directory -C /mnt/c/Users/thiag/Documents/New_Ic/software/v1_bsp/
[BSP build complete]
Info: Compiling KEY.c to obj/default/KEY.o
nios2-elf-gcc.exe -xc -MP -MMD -c -Ic:/Users/thiag/Documents/New_Ic/software/v1_bsp//HAL/inc -Ic:/Users/thiag/Documents/New_Ic/software/v1_bsp/ -Ic:/Users/thiag/Documents/New_Ic/software/v1_bsp//drivers/inc -pipe -D__hal__ -DALT_NO_C_PLUS_PLUS -DALT_NO_CLEAN_EXIT -D'exit(a)=_exit(a)' -DALT_NO_EXIT -DALT_USE_DIRECT_DRIVERS -DALT_NO_INSTRUCTION_EMULATION -DALT_USE_SMALL_DRIVERS -DSMALL_C_LIB -DALT_SINGLE_THREADED    -Os -g -Wall  -mno-hw-div -mno-hw-div -mno-hw-mul -mno-hw-mulx -mgpopt=global  -o "obj/default/KEY.o" "KEY.c"
KEY.c:109:13: warning: 're_MIRQ' defined but not used [-Wunused-function]
  109 | static void re_MIRQ(unsigned int* data_MSB, unsigned int* data_LSB){
      |             ^~~~~~~
KEY.c:88:13: warning: 'we_MIRQ' defined but not used [-Wunused-function]
   88 | static void we_MIRQ(unsigned int data_MSB, unsigned int data_LSB){
      |             ^~~~~~~
Info: Linking v1.elf
nios2-elf-g++.exe -T'c:/Users/thiag/Documents/New_Ic/software/v1_bsp//linker.x' -msys-crt0='c:/Users/thiag/Documents/New_Ic/software/v1_bsp//obj/HAL/src/crt0.o' -msys-lib=hal_bsp -Lc:/Users/thiag/Documents/New_Ic/software/v1_bsp/ -msmallc  -Wl,-Map=v1.map   -Os -g -Wall  -mno-hw-div -mno-hw-div -mno-hw-mul -mno-hw-mulx -mgpopt=global  -o v1.elf obj/default/KEY.o obj/default/hello_world_small.o -lm -msys-lib=m
nios2-elf-insert.exe v1.elf --thread_model hal --cpu_name nios2_gen2_0 --qsys true --simulation_enabled false --stderr_dev jtag_uart_0 --stdin_dev jtag_uart_0 --stdout_dev jtag_uart_0 --sopc_system_name IO_contoller --quartus_project_dir "c:/Users/thiag/Documents/New_Ic" --jdi ../..//output_files/main.jdi --sopcinfo C:/Users/thiag/Documents/New_Ic/IO_contoller.sopcinfo
Info: (v1.elf) 2556 Bytes program size (code + initialized data).
Info:          7584 Bytes free for stack + heap.
Info: Creating v1.objdump
nios2-elf-objdump.exe --disassemble --syms --all-header --source v1.elf >v1.objdump
[v1 build complete]
14:17:22 **** Incremental Build of configuration Nios II for project v1 ****
wsl make all 
Info: Building /mnt/c/Users/thiag/Documents/New_Ic/software/v1_bsp/
make --no-print-directory -C /mnt/c/Users/thiag/Documents/New_Ic/software/v1_bsp/
[BSP build complete]
Info: Compiling KEY.c to obj/default/KEY.o
nios2-elf-gcc.exe -xc -MP -MMD -c -Ic:/Users/thiag/Documents/New_Ic/software/v1_bsp//HAL/inc -Ic:/Users/thiag/Documents/New_Ic/software/v1_bsp/ -Ic:/Users/thiag/Documents/New_Ic/software/v1_bsp//drivers/inc -pipe -D__hal__ -DALT_NO_C_PLUS_PLUS -DALT_NO_CLEAN_EXIT -D'exit(a)=_exit(a)' -DALT_NO_EXIT -DALT_USE_DIRECT_DRIVERS -DALT_NO_INSTRUCTION_EMULATION -DALT_USE_SMALL_DRIVERS -DSMALL_C_LIB -DALT_SINGLE_THREADED    -Os -g -Wall  -mno-hw-div -mno-hw-div -mno-hw-mul -mno-hw-mulx -mgpopt=global  -o "obj/default/KEY.o" "KEY.c"
KEY.c:109:13: warning: 're_MIRQ' defined but not used [-Wunused-function]
  109 | static void re_MIRQ(unsigned int* data_MSB, unsigned int* data_LSB){
      |             ^~~~~~~
KEY.c:88:13: warning: 'we_MIRQ' defined but not used [-Wunused-function]
   88 | static void we_MIRQ(unsigned int data_MSB, unsigned int data_LSB){
      |             ^~~~~~~
Info: Linking v1.elf
nios2-elf-g++.exe -T'c:/Users/thiag/Documents/New_Ic/software/v1_bsp//linker.x' -msys-crt0='c:/Users/thiag/Documents/New_Ic/software/v1_bsp//obj/HAL/src/crt0.o' -msys-lib=hal_bsp -Lc:/Users/thiag/Documents/New_Ic/software/v1_bsp/ -msmallc  -Wl,-Map=v1.map   -Os -g -Wall  -mno-hw-div -mno-hw-div -mno-hw-mul -mno-hw-mulx -mgpopt=global  -o v1.elf obj/default/KEY.o obj/default/hello_world_small.o -lm -msys-lib=m
nios2-elf-insert.exe v1.elf --thread_model hal --cpu_name nios2_gen2_0 --qsys true --simulation_enabled false --stderr_dev jtag_uart_0 --stdin_dev jtag_uart_0 --stdout_dev jtag_uart_0 --sopc_system_name IO_contoller --quartus_project_dir "c:/Users/thiag/Documents/New_Ic" --jdi ../..//output_files/main.jdi --sopcinfo C:/Users/thiag/Documents/New_Ic/IO_contoller.sopcinfo
Info: (v1.elf) 2560 Bytes program size (code + initialized data).
Info:          7580 Bytes free for stack + heap.
Info: Creating v1.objdump
nios2-elf-objdump.exe --disassemble --syms --all-header --source v1.elf >v1.objdump
[v1 build complete]
14:17:49 **** Incremental Build of configuration Nios II for project v1 ****
wsl make all 
Info: Building /mnt/c/Users/thiag/Documents/New_Ic/software/v1_bsp/
make --no-print-directory -C /mnt/c/Users/thiag/Documents/New_Ic/software/v1_bsp/
[BSP build complete]
Info: Compiling KEY.c to obj/default/KEY.o
nios2-elf-gcc.exe -xc -MP -MMD -c -Ic:/Users/thiag/Documents/New_Ic/software/v1_bsp//HAL/inc -Ic:/Users/thiag/Documents/New_Ic/software/v1_bsp/ -Ic:/Users/thiag/Documents/New_Ic/software/v1_bsp//drivers/inc -pipe -D__hal__ -DALT_NO_C_PLUS_PLUS -DALT_NO_CLEAN_EXIT -D'exit(a)=_exit(a)' -DALT_NO_EXIT -DALT_USE_DIRECT_DRIVERS -DALT_NO_INSTRUCTION_EMULATION -DALT_USE_SMALL_DRIVERS -DSMALL_C_LIB -DALT_SINGLE_THREADED    -Os -g -Wall  -mno-hw-div -mno-hw-div -mno-hw-mul -mno-hw-mulx -mgpopt=global  -o "obj/default/KEY.o" "KEY.c"
KEY.c:109:13: warning: 're_MIRQ' defined but not used [-Wunused-function]
  109 | static void re_MIRQ(unsigned int* data_MSB, unsigned int* data_LSB){
      |             ^~~~~~~
KEY.c:88:13: warning: 'we_MIRQ' defined but not used [-Wunused-function]
   88 | static void we_MIRQ(unsigned int data_MSB, unsigned int data_LSB){
      |             ^~~~~~~
Info: Linking v1.elf
nios2-elf-g++.exe -T'c:/Users/thiag/Documents/New_Ic/software/v1_bsp//linker.x' -msys-crt0='c:/Users/thiag/Documents/New_Ic/software/v1_bsp//obj/HAL/src/crt0.o' -msys-lib=hal_bsp -Lc:/Users/thiag/Documents/New_Ic/software/v1_bsp/ -msmallc  -Wl,-Map=v1.map   -Os -g -Wall  -mno-hw-div -mno-hw-div -mno-hw-mul -mno-hw-mulx -mgpopt=global  -o v1.elf obj/default/KEY.o obj/default/hello_world_small.o -lm -msys-lib=m
nios2-elf-insert.exe v1.elf --thread_model hal --cpu_name nios2_gen2_0 --qsys true --simulation_enabled false --stderr_dev jtag_uart_0 --stdin_dev jtag_uart_0 --stdout_dev jtag_uart_0 --sopc_system_name IO_contoller --quartus_project_dir "c:/Users/thiag/Documents/New_Ic" --jdi ../..//output_files/main.jdi --sopcinfo C:/Users/thiag/Documents/New_Ic/IO_contoller.sopcinfo
Info: (v1.elf) 2560 Bytes program size (code + initialized data).
Info:          7580 Bytes free for stack + heap.
Info: Creating v1.objdump
nios2-elf-objdump.exe --disassemble --syms --all-header --source v1.elf >v1.objdump
[v1 build complete]
14:18:32 **** Incremental Build of configuration Nios II for project v1 ****
wsl make all 
Info: Building /mnt/c/Users/thiag/Documents/New_Ic/software/v1_bsp/
make --no-print-directory -C /mnt/c/Users/thiag/Documents/New_Ic/software/v1_bsp/
[BSP build complete]
Info: Compiling KEY.c to obj/default/KEY.o
nios2-elf-gcc.exe -xc -MP -MMD -c -Ic:/Users/thiag/Documents/New_Ic/software/v1_bsp//HAL/inc -Ic:/Users/thiag/Documents/New_Ic/software/v1_bsp/ -Ic:/Users/thiag/Documents/New_Ic/software/v1_bsp//drivers/inc -pipe -D__hal__ -DALT_NO_C_PLUS_PLUS -DALT_NO_CLEAN_EXIT -D'exit(a)=_exit(a)' -DALT_NO_EXIT -DALT_USE_DIRECT_DRIVERS -DALT_NO_INSTRUCTION_EMULATION -DALT_USE_SMALL_DRIVERS -DSMALL_C_LIB -DALT_SINGLE_THREADED    -Os -g -Wall  -mno-hw-div -mno-hw-div -mno-hw-mul -mno-hw-mulx -mgpopt=global  -o "obj/default/KEY.o" "KEY.c"
KEY.c:109:13: warning: 're_MIRQ' defined but not used [-Wunused-function]
  109 | static void re_MIRQ(unsigned int* data_MSB, unsigned int* data_LSB){
      |             ^~~~~~~
KEY.c:88:13: warning: 'we_MIRQ' defined but not used [-Wunused-function]
   88 | static void we_MIRQ(unsigned int data_MSB, unsigned int data_LSB){
      |             ^~~~~~~
Info: Linking v1.elf
nios2-elf-g++.exe -T'c:/Users/thiag/Documents/New_Ic/software/v1_bsp//linker.x' -msys-crt0='c:/Users/thiag/Documents/New_Ic/software/v1_bsp//obj/HAL/src/crt0.o' -msys-lib=hal_bsp -Lc:/Users/thiag/Documents/New_Ic/software/v1_bsp/ -msmallc  -Wl,-Map=v1.map   -Os -g -Wall  -mno-hw-div -mno-hw-div -mno-hw-mul -mno-hw-mulx -mgpopt=global  -o v1.elf obj/default/KEY.o obj/default/hello_world_small.o -lm -msys-lib=m
nios2-elf-insert.exe v1.elf --thread_model hal --cpu_name nios2_gen2_0 --qsys true --simulation_enabled false --stderr_dev jtag_uart_0 --stdin_dev jtag_uart_0 --stdout_dev jtag_uart_0 --sopc_system_name IO_contoller --quartus_project_dir "c:/Users/thiag/Documents/New_Ic" --jdi ../..//output_files/main.jdi --sopcinfo C:/Users/thiag/Documents/New_Ic/IO_contoller.sopcinfo
Info: (v1.elf) 2564 Bytes program size (code + initialized data).
Info:          7576 Bytes free for stack + heap.
Info: Creating v1.objdump
nios2-elf-objdump.exe --disassemble --syms --all-header --source v1.elf >v1.objdump
[v1 build complete]
14:27:30 **** Incremental Build of configuration Nios II for project v1 ****
wsl make all 
Info: Building /mnt/c/Users/thiag/Documents/New_Ic/software/v1_bsp/
make --no-print-directory -C /mnt/c/Users/thiag/Documents/New_Ic/software/v1_bsp/
[BSP build complete]
Info: Compiling KEY.c to obj/default/KEY.o
nios2-elf-gcc.exe -xc -MP -MMD -c -Ic:/Users/thiag/Documents/New_Ic/software/v1_bsp//HAL/inc -Ic:/Users/thiag/Documents/New_Ic/software/v1_bsp/ -Ic:/Users/thiag/Documents/New_Ic/software/v1_bsp//drivers/inc -pipe -D__hal__ -DALT_NO_C_PLUS_PLUS -DALT_NO_CLEAN_EXIT -D'exit(a)=_exit(a)' -DALT_NO_EXIT -DALT_USE_DIRECT_DRIVERS -DALT_NO_INSTRUCTION_EMULATION -DALT_USE_SMALL_DRIVERS -DSMALL_C_LIB -DALT_SINGLE_THREADED    -Os -g -Wall  -mno-hw-div -mno-hw-div -mno-hw-mul -mno-hw-mulx -mgpopt=global  -o "obj/default/KEY.o" "KEY.c"
KEY.c:109:13: warning: 're_MIRQ' defined but not used [-Wunused-function]
  109 | static void re_MIRQ(unsigned int* data_MSB, unsigned int* data_LSB){
      |             ^~~~~~~
KEY.c:88:13: warning: 'we_MIRQ' defined but not used [-Wunused-function]
   88 | static void we_MIRQ(unsigned int data_MSB, unsigned int data_LSB){
      |             ^~~~~~~
Info: Compiling hello_world_small.c to obj/default/hello_world_small.o
nios2-elf-gcc.exe -xc -MP -MMD -c -Ic:/Users/thiag/Documents/New_Ic/software/v1_bsp//HAL/inc -Ic:/Users/thiag/Documents/New_Ic/software/v1_bsp/ -Ic:/Users/thiag/Documents/New_Ic/software/v1_bsp//drivers/inc -pipe -D__hal__ -DALT_NO_C_PLUS_PLUS -DALT_NO_CLEAN_EXIT -D'exit(a)=_exit(a)' -DALT_NO_EXIT -DALT_USE_DIRECT_DRIVERS -DALT_NO_INSTRUCTION_EMULATION -DALT_USE_SMALL_DRIVERS -DSMALL_C_LIB -DALT_SINGLE_THREADED    -Os -g -Wall  -mno-hw-div -mno-hw-div -mno-hw-mul -mno-hw-mulx -mgpopt=global  -o "obj/default/hello_world_small.o" "hello_world_small.c"
hello_world_small.c: In function 'main':
hello_world_small.c:8:9: warning: implicit declaration of function 'printf' [-Wimplicit-function-declaration]
    8 |         printf("Teste button\n");
      |         ^~~~~~
hello_world_small.c:4:1: note: include '<stdio.h>' or provide a declaration of 'printf'
    3 | #include "KEY.h"
  +++ |+#include <stdio.h>
    4 | // X, Y, A, B, TR, TL, START, SELECT,
hello_world_small.c:8:9: warning: incompatible implicit declaration of built-in function 'printf' [-Wbuiltin-declaration-mismatch]
    8 |         printf("Teste button\n");
      |         ^~~~~~
hello_world_small.c:8:9: note: include '<stdio.h>' or provide a declaration of 'printf'
hello_world_small.c:22:10: error: expected expression before '/' token
   22 |         */
      |          ^
make: *** [Makefile:726: obj/default/hello_world_small.o] Error 1
14:27:59 **** Incremental Build of configuration Nios II for project v1 ****
wsl make all 
Info: Building /mnt/c/Users/thiag/Documents/New_Ic/software/v1_bsp/
make --no-print-directory -C /mnt/c/Users/thiag/Documents/New_Ic/software/v1_bsp/
[BSP build complete]
Info: Compiling hello_world_small.c to obj/default/hello_world_small.o
nios2-elf-gcc.exe -xc -MP -MMD -c -Ic:/Users/thiag/Documents/New_Ic/software/v1_bsp//HAL/inc -Ic:/Users/thiag/Documents/New_Ic/software/v1_bsp/ -Ic:/Users/thiag/Documents/New_Ic/software/v1_bsp//drivers/inc -pipe -D__hal__ -DALT_NO_C_PLUS_PLUS -DALT_NO_CLEAN_EXIT -D'exit(a)=_exit(a)' -DALT_NO_EXIT -DALT_USE_DIRECT_DRIVERS -DALT_NO_INSTRUCTION_EMULATION -DALT_USE_SMALL_DRIVERS -DSMALL_C_LIB -DALT_SINGLE_THREADED    -Os -g -Wall  -mno-hw-div -mno-hw-div -mno-hw-mul -mno-hw-mulx -mgpopt=global  -o "obj/default/hello_world_small.o" "hello_world_small.c"
hello_world_small.c: In function 'main':
hello_world_small.c:8:9: warning: implicit declaration of function 'printf' [-Wimplicit-function-declaration]
    8 |         printf("Test button\n");
      |         ^~~~~~
hello_world_small.c:4:1: note: include '<stdio.h>' or provide a declaration of 'printf'
    3 | #include "KEY.h"
  +++ |+#include <stdio.h>
    4 | // X, Y, A, B, TR, TL, START, SELECT,
hello_world_small.c:8:9: warning: incompatible implicit declaration of built-in function 'printf' [-Wbuiltin-declaration-mismatch]
    8 |         printf("Test button\n");
      |         ^~~~~~
hello_world_small.c:8:9: note: include '<stdio.h>' or provide a declaration of 'printf'
Info: Linking v1.elf
nios2-elf-g++.exe -T'c:/Users/thiag/Documents/New_Ic/software/v1_bsp//linker.x' -msys-crt0='c:/Users/thiag/Documents/New_Ic/software/v1_bsp//obj/HAL/src/crt0.o' -msys-lib=hal_bsp -Lc:/Users/thiag/Documents/New_Ic/software/v1_bsp/ -msmallc  -Wl,-Map=v1.map   -Os -g -Wall  -mno-hw-div -mno-hw-div -mno-hw-mul -mno-hw-mulx -mgpopt=global  -o v1.elf obj/default/KEY.o obj/default/hello_world_small.o -lm -msys-lib=m
nios2-elf-insert.exe v1.elf --thread_model hal --cpu_name nios2_gen2_0 --qsys true --simulation_enabled false --stderr_dev jtag_uart_0 --stdin_dev jtag_uart_0 --stdout_dev jtag_uart_0 --sopc_system_name IO_contoller --quartus_project_dir "c:/Users/thiag/Documents/New_Ic" --jdi ../..//output_files/main.jdi --sopcinfo C:/Users/thiag/Documents/New_Ic/IO_contoller.sopcinfo
Info: (v1.elf) 4652 Bytes program size (code + initialized data).
Info:          5488 Bytes free for stack + heap.
Info: Creating v1.objdump
nios2-elf-objdump.exe --disassemble --syms --all-header --source v1.elf >v1.objdump
[v1 build complete]
14:31:13 **** Incremental Build of configuration Nios II for project v1 ****
wsl make all 
Info: Building /mnt/c/Users/thiag/Documents/New_Ic/software/v1_bsp/
make --no-print-directory -C /mnt/c/Users/thiag/Documents/New_Ic/software/v1_bsp/
[BSP build complete]
[v1 build complete]
14:32:40 **** Incremental Build of configuration Nios II for project v1 ****
wsl make all 
Info: Building /mnt/c/Users/thiag/Documents/New_Ic/software/v1_bsp/
make --no-print-directory -C /mnt/c/Users/thiag/Documents/New_Ic/software/v1_bsp/
[BSP build complete]
[v1 build complete]
14:35:28 **** Incremental Build of configuration Nios II for project v1 ****
wsl make all 
Info: Building /mnt/c/Users/thiag/Documents/New_Ic/software/v1_bsp/
make --no-print-directory -C /mnt/c/Users/thiag/Documents/New_Ic/software/v1_bsp/
[BSP build complete]
[v1 build complete]
14:38:10 **** Incremental Build of configuration Nios II for project v1 ****
wsl make all 
Info: Building /mnt/c/Users/thiag/Documents/New_Ic/software/v1_bsp/
make --no-print-directory -C /mnt/c/Users/thiag/Documents/New_Ic/software/v1_bsp/
[BSP build complete]
[v1 build complete]
14:38:40 **** Incremental Build of configuration Nios II for project v1 ****
wsl make all 
Info: Building /mnt/c/Users/thiag/Documents/New_Ic/software/v1_bsp/
make --no-print-directory -C /mnt/c/Users/thiag/Documents/New_Ic/software/v1_bsp/
[BSP build complete]
Info: Compiling hello_world_small.c to obj/default/hello_world_small.o
nios2-elf-gcc.exe -xc -MP -MMD -c -Ic:/Users/thiag/Documents/New_Ic/software/v1_bsp//HAL/inc -Ic:/Users/thiag/Documents/New_Ic/software/v1_bsp/ -Ic:/Users/thiag/Documents/New_Ic/software/v1_bsp//drivers/inc -pipe -D__hal__ -DALT_NO_C_PLUS_PLUS -DALT_NO_CLEAN_EXIT -D'exit(a)=_exit(a)' -DALT_NO_EXIT -DALT_USE_DIRECT_DRIVERS -DALT_NO_INSTRUCTION_EMULATION -DALT_USE_SMALL_DRIVERS -DSMALL_C_LIB -DALT_SINGLE_THREADED    -Os -g -Wall  -mno-hw-div -mno-hw-div -mno-hw-mul -mno-hw-mulx -mgpopt=global  -o "obj/default/hello_world_small.o" "hello_world_small.c"
hello_world_small.c: In function 'main':
hello_world_small.c:8:9: warning: implicit declaration of function 'printf' [-Wimplicit-function-declaration]
    8 |         printf("Test button\n");
      |         ^~~~~~
hello_world_small.c:4:1: note: include '<stdio.h>' or provide a declaration of 'printf'
    3 | #include "KEY.h"
  +++ |+#include <stdio.h>
    4 | // X, Y, A, B, TR, TL, START, SELECT,
hello_world_small.c:8:9: warning: incompatible implicit declaration of built-in function 'printf' [-Wbuiltin-declaration-mismatch]
    8 |         printf("Test button\n");
      |         ^~~~~~
hello_world_small.c:8:9: note: include '<stdio.h>' or provide a declaration of 'printf'
Info: Linking v1.elf
nios2-elf-g++.exe -T'c:/Users/thiag/Documents/New_Ic/software/v1_bsp//linker.x' -msys-crt0='c:/Users/thiag/Documents/New_Ic/software/v1_bsp//obj/HAL/src/crt0.o' -msys-lib=hal_bsp -Lc:/Users/thiag/Documents/New_Ic/software/v1_bsp/ -msmallc  -Wl,-Map=v1.map   -Os -g -Wall  -mno-hw-div -mno-hw-div -mno-hw-mul -mno-hw-mulx -mgpopt=global  -o v1.elf obj/default/KEY.o obj/default/hello_world_small.o -lm -msys-lib=m
nios2-elf-insert.exe v1.elf --thread_model hal --cpu_name nios2_gen2_0 --qsys true --simulation_enabled false --stderr_dev jtag_uart_0 --stdin_dev jtag_uart_0 --stdout_dev jtag_uart_0 --sopc_system_name IO_contoller --quartus_project_dir "c:/Users/thiag/Documents/New_Ic" --jdi ../..//output_files/main.jdi --sopcinfo C:/Users/thiag/Documents/New_Ic/IO_contoller.sopcinfo
Info: (v1.elf) 4652 Bytes program size (code + initialized data).
Info:          5488 Bytes free for stack + heap.
Info: Creating v1.objdump
nios2-elf-objdump.exe --disassemble --syms --all-header --source v1.elf >v1.objdump
[v1 build complete]
14:39:36 **** Incremental Build of configuration Nios II for project v1 ****
wsl make all 
Info: Building /mnt/c/Users/thiag/Documents/New_Ic/software/v1_bsp/
make --no-print-directory -C /mnt/c/Users/thiag/Documents/New_Ic/software/v1_bsp/
[BSP build complete]
[v1 build complete]
14:42:26 **** Incremental Build of configuration Nios II for project v1 ****
wsl make all 
Info: Building /mnt/c/Users/thiag/Documents/New_Ic/software/v1_bsp/
make --no-print-directory -C /mnt/c/Users/thiag/Documents/New_Ic/software/v1_bsp/
[BSP build complete]
Info: Compiling KEY.c to obj/default/KEY.o
nios2-elf-gcc.exe -xc -MP -MMD -c -Ic:/Users/thiag/Documents/New_Ic/software/v1_bsp//HAL/inc -Ic:/Users/thiag/Documents/New_Ic/software/v1_bsp/ -Ic:/Users/thiag/Documents/New_Ic/software/v1_bsp//drivers/inc -pipe -D__hal__ -DALT_NO_C_PLUS_PLUS -DALT_NO_CLEAN_EXIT -D'exit(a)=_exit(a)' -DALT_NO_EXIT -DALT_USE_DIRECT_DRIVERS -DALT_NO_INSTRUCTION_EMULATION -DALT_USE_SMALL_DRIVERS -DSMALL_C_LIB -DALT_SINGLE_THREADED    -Os -g -Wall  -mno-hw-div -mno-hw-div -mno-hw-mul -mno-hw-mulx -mgpopt=global  -o "obj/default/KEY.o" "KEY.c"
KEY.c:109:13: warning: 're_MIRQ' defined but not used [-Wunused-function]
  109 | static void re_MIRQ(unsigned int* data_MSB, unsigned int* data_LSB){
      |             ^~~~~~~
KEY.c:88:13: warning: 'we_MIRQ' defined but not used [-Wunused-function]
   88 | static void we_MIRQ(unsigned int data_MSB, unsigned int data_LSB){
      |             ^~~~~~~
Info: Linking v1.elf
nios2-elf-g++.exe -T'c:/Users/thiag/Documents/New_Ic/software/v1_bsp//linker.x' -msys-crt0='c:/Users/thiag/Documents/New_Ic/software/v1_bsp//obj/HAL/src/crt0.o' -msys-lib=hal_bsp -Lc:/Users/thiag/Documents/New_Ic/software/v1_bsp/ -msmallc  -Wl,-Map=v1.map   -Os -g -Wall  -mno-hw-div -mno-hw-div -mno-hw-mul -mno-hw-mulx -mgpopt=global  -o v1.elf obj/default/KEY.o obj/default/hello_world_small.o -lm -msys-lib=m
nios2-elf-insert.exe v1.elf --thread_model hal --cpu_name nios2_gen2_0 --qsys true --simulation_enabled false --stderr_dev jtag_uart_0 --stdin_dev jtag_uart_0 --stdout_dev jtag_uart_0 --sopc_system_name IO_contoller --quartus_project_dir "c:/Users/thiag/Documents/New_Ic" --jdi ../..//output_files/main.jdi --sopcinfo C:/Users/thiag/Documents/New_Ic/IO_contoller.sopcinfo
Info: (v1.elf) 4688 Bytes program size (code + initialized data).
Info:          5452 Bytes free for stack + heap.
Info: Creating v1.objdump
nios2-elf-objdump.exe --disassemble --syms --all-header --source v1.elf >v1.objdump
[v1 build complete]
14:43:39 **** Incremental Build of configuration Nios II for project v1 ****
wsl make all 
Info: Building /mnt/c/Users/thiag/Documents/New_Ic/software/v1_bsp/
make --no-print-directory -C /mnt/c/Users/thiag/Documents/New_Ic/software/v1_bsp/
[BSP build complete]
[v1 build complete]
14:45:17 **** Incremental Build of configuration Nios II for project v1 ****
wsl make all 
14:48:25 **** Build of configuration Nios II for project v1 ****
wsl make all 
Info: Building /mnt/c/Users/thiag/Documents/New_Ic/software/v1_bsp/
make --no-print-directory -C /mnt/c/Users/thiag/Documents/New_Ic/software/v1_bsp/
[BSP build complete]
[v1 build complete]
14:48:49 **** Incremental Build of configuration Nios II for project v1 ****
wsl make all 
Info: Building /mnt/c/Users/thiag/Documents/New_Ic/software/v1_bsp/
make --no-print-directory -C /mnt/c/Users/thiag/Documents/New_Ic/software/v1_bsp/
[BSP build complete]
[v1 build complete]
14:50:35 **** Incremental Build of configuration Nios II for project v1 ****
wsl make all 
Info: Building /mnt/c/Users/thiag/Documents/New_Ic/software/v1_bsp/
make --no-print-directory -C /mnt/c/Users/thiag/Documents/New_Ic/software/v1_bsp/
[BSP build complete]
[v1 build complete]
14:51:43 **** Incremental Build of configuration Nios II for project v1 ****
wsl make all 
Info: Building /mnt/c/Users/thiag/Documents/New_Ic/software/v1_bsp/
make --no-print-directory -C /mnt/c/Users/thiag/Documents/New_Ic/software/v1_bsp/
[BSP build complete]
Info: Compiling hello_world_small.c to obj/default/hello_world_small.o
nios2-elf-gcc.exe -xc -MP -MMD -c -Ic:/Users/thiag/Documents/New_Ic/software/v1_bsp//HAL/inc -Ic:/Users/thiag/Documents/New_Ic/software/v1_bsp/ -Ic:/Users/thiag/Documents/New_Ic/software/v1_bsp//drivers/inc -pipe -D__hal__ -DALT_NO_C_PLUS_PLUS -DALT_NO_CLEAN_EXIT -D'exit(a)=_exit(a)' -DALT_NO_EXIT -DALT_USE_DIRECT_DRIVERS -DALT_NO_INSTRUCTION_EMULATION -DALT_USE_SMALL_DRIVERS -DSMALL_C_LIB -DALT_SINGLE_THREADED    -Os -g -Wall  -mno-hw-div -mno-hw-div -mno-hw-mul -mno-hw-mulx -mgpopt=global  -o "obj/default/hello_world_small.o" "hello_world_small.c"
hello_world_small.c: In function 'main':
hello_world_small.c:8:9: warning: implicit declaration of function 'printf' [-Wimplicit-function-declaration]
    8 |         printf("Test button\n");
      |         ^~~~~~
hello_world_small.c:4:1: note: include '<stdio.h>' or provide a declaration of 'printf'
    3 | #include "KEY.h"
  +++ |+#include <stdio.h>
    4 | // X, Y, A, B, TR, TL, START, SELECT,
hello_world_small.c:8:9: warning: incompatible implicit declaration of built-in function 'printf' [-Wbuiltin-declaration-mismatch]
    8 |         printf("Test button\n");
      |         ^~~~~~
hello_world_small.c:8:9: note: include '<stdio.h>' or provide a declaration of 'printf'
Info: Linking v1.elf
nios2-elf-g++.exe -T'c:/Users/thiag/Documents/New_Ic/software/v1_bsp//linker.x' -msys-crt0='c:/Users/thiag/Documents/New_Ic/software/v1_bsp//obj/HAL/src/crt0.o' -msys-lib=hal_bsp -Lc:/Users/thiag/Documents/New_Ic/software/v1_bsp/ -msmallc  -Wl,-Map=v1.map   -Os -g -Wall  -mno-hw-div -mno-hw-div -mno-hw-mul -mno-hw-mulx -mgpopt=global  -o v1.elf obj/default/KEY.o obj/default/hello_world_small.o -lm -msys-lib=m
nios2-elf-insert.exe v1.elf --thread_model hal --cpu_name nios2_gen2_0 --qsys true --simulation_enabled false --stderr_dev jtag_uart_0 --stdin_dev jtag_uart_0 --stdout_dev jtag_uart_0 --sopc_system_name IO_contoller --quartus_project_dir "c:/Users/thiag/Documents/New_Ic" --jdi ../..//output_files/main.jdi --sopcinfo C:/Users/thiag/Documents/New_Ic/IO_contoller.sopcinfo
Info: (v1.elf) 4688 Bytes program size (code + initialized data).
Info:          5452 Bytes free for stack + heap.
Info: Creating v1.objdump
nios2-elf-objdump.exe --disassemble --syms --all-header --source v1.elf >v1.objdump
[v1 build complete]
14:52:45 **** Incremental Build of configuration Nios II for project v1 ****
wsl make all 
Info: Building /mnt/c/Users/thiag/Documents/New_Ic/software/v1_bsp/
make --no-print-directory -C /mnt/c/Users/thiag/Documents/New_Ic/software/v1_bsp/
[BSP build complete]
Info: Compiling hello_world_small.c to obj/default/hello_world_small.o
nios2-elf-gcc.exe -xc -MP -MMD -c -Ic:/Users/thiag/Documents/New_Ic/software/v1_bsp//HAL/inc -Ic:/Users/thiag/Documents/New_Ic/software/v1_bsp/ -Ic:/Users/thiag/Documents/New_Ic/software/v1_bsp//drivers/inc -pipe -D__hal__ -DALT_NO_C_PLUS_PLUS -DALT_NO_CLEAN_EXIT -D'exit(a)=_exit(a)' -DALT_NO_EXIT -DALT_USE_DIRECT_DRIVERS -DALT_NO_INSTRUCTION_EMULATION -DALT_USE_SMALL_DRIVERS -DSMALL_C_LIB -DALT_SINGLE_THREADED    -Os -g -Wall  -mno-hw-div -mno-hw-div -mno-hw-mul -mno-hw-mulx -mgpopt=global  -o "obj/default/hello_world_small.o" "hello_world_small.c"
hello_world_small.c: In function 'main':
hello_world_small.c:8:9: warning: implicit declaration of function 'printf' [-Wimplicit-function-declaration]
    8 |         printf("Test button\n");
      |         ^~~~~~
hello_world_small.c:4:1: note: include '<stdio.h>' or provide a declaration of 'printf'
    3 | #include "KEY.h"
  +++ |+#include <stdio.h>
    4 | // X, Y, A, B, TR, TL, START, SELECT,
hello_world_small.c:8:9: warning: incompatible implicit declaration of built-in function 'printf' [-Wbuiltin-declaration-mismatch]
    8 |         printf("Test button\n");
      |         ^~~~~~
hello_world_small.c:8:9: note: include '<stdio.h>' or provide a declaration of 'printf'
Info: Linking v1.elf
nios2-elf-g++.exe -T'c:/Users/thiag/Documents/New_Ic/software/v1_bsp//linker.x' -msys-crt0='c:/Users/thiag/Documents/New_Ic/software/v1_bsp//obj/HAL/src/crt0.o' -msys-lib=hal_bsp -Lc:/Users/thiag/Documents/New_Ic/software/v1_bsp/ -msmallc  -Wl,-Map=v1.map   -Os -g -Wall  -mno-hw-div -mno-hw-div -mno-hw-mul -mno-hw-mulx -mgpopt=global  -o v1.elf obj/default/KEY.o obj/default/hello_world_small.o -lm -msys-lib=m
nios2-elf-insert.exe v1.elf --thread_model hal --cpu_name nios2_gen2_0 --qsys true --simulation_enabled false --stderr_dev jtag_uart_0 --stdin_dev jtag_uart_0 --stdout_dev jtag_uart_0 --sopc_system_name IO_contoller --quartus_project_dir "c:/Users/thiag/Documents/New_Ic" --jdi ../..//output_files/main.jdi --sopcinfo C:/Users/thiag/Documents/New_Ic/IO_contoller.sopcinfo
Info: (v1.elf) 4688 Bytes program size (code + initialized data).
Info:          5452 Bytes free for stack + heap.
Info: Creating v1.objdump
nios2-elf-objdump.exe --disassemble --syms --all-header --source v1.elf >v1.objdump
[v1 build complete]
14:53:34 **** Incremental Build of configuration Nios II for project v1 ****
wsl make all 
Info: Building /mnt/c/Users/thiag/Documents/New_Ic/software/v1_bsp/
make --no-print-directory -C /mnt/c/Users/thiag/Documents/New_Ic/software/v1_bsp/
[BSP build complete]
Info: Compiling hello_world_small.c to obj/default/hello_world_small.o
nios2-elf-gcc.exe -xc -MP -MMD -c -Ic:/Users/thiag/Documents/New_Ic/software/v1_bsp//HAL/inc -Ic:/Users/thiag/Documents/New_Ic/software/v1_bsp/ -Ic:/Users/thiag/Documents/New_Ic/software/v1_bsp//drivers/inc -pipe -D__hal__ -DALT_NO_C_PLUS_PLUS -DALT_NO_CLEAN_EXIT -D'exit(a)=_exit(a)' -DALT_NO_EXIT -DALT_USE_DIRECT_DRIVERS -DALT_NO_INSTRUCTION_EMULATION -DALT_USE_SMALL_DRIVERS -DSMALL_C_LIB -DALT_SINGLE_THREADED    -Os -g -Wall  -mno-hw-div -mno-hw-div -mno-hw-mul -mno-hw-mulx -mgpopt=global  -o "obj/default/hello_world_small.o" "hello_world_small.c"
hello_world_small.c: In function 'main':
hello_world_small.c:8:9: warning: implicit declaration of function 'printf' [-Wimplicit-function-declaration]
    8 |         printf("Test button\n");
      |         ^~~~~~
hello_world_small.c:4:1: note: include '<stdio.h>' or provide a declaration of 'printf'
    3 | #include "KEY.h"
  +++ |+#include <stdio.h>
    4 | // X, Y, A, B, TR, TL, START, SELECT,
hello_world_small.c:8:9: warning: incompatible implicit declaration of built-in function 'printf' [-Wbuiltin-declaration-mismatch]
    8 |         printf("Test button\n");
      |         ^~~~~~
hello_world_small.c:8:9: note: include '<stdio.h>' or provide a declaration of 'printf'
Info: Linking v1.elf
nios2-elf-g++.exe -T'c:/Users/thiag/Documents/New_Ic/software/v1_bsp//linker.x' -msys-crt0='c:/Users/thiag/Documents/New_Ic/software/v1_bsp//obj/HAL/src/crt0.o' -msys-lib=hal_bsp -Lc:/Users/thiag/Documents/New_Ic/software/v1_bsp/ -msmallc  -Wl,-Map=v1.map   -Os -g -Wall  -mno-hw-div -mno-hw-div -mno-hw-mul -mno-hw-mulx -mgpopt=global  -o v1.elf obj/default/KEY.o obj/default/hello_world_small.o -lm -msys-lib=m
nios2-elf-insert.exe v1.elf --thread_model hal --cpu_name nios2_gen2_0 --qsys true --simulation_enabled false --stderr_dev jtag_uart_0 --stdin_dev jtag_uart_0 --stdout_dev jtag_uart_0 --sopc_system_name IO_contoller --quartus_project_dir "c:/Users/thiag/Documents/New_Ic" --jdi ../..//output_files/main.jdi --sopcinfo C:/Users/thiag/Documents/New_Ic/IO_contoller.sopcinfo
Info: (v1.elf) 4688 Bytes program size (code + initialized data).
Info:          5452 Bytes free for stack + heap.
Info: Creating v1.objdump
nios2-elf-objdump.exe --disassemble --syms --all-header --source v1.elf >v1.objdump
[v1 build complete]
15:02:35 **** Incremental Build of configuration Nios II for project v1 ****
wsl make all 
Info: Building /mnt/c/Users/thiag/Documents/New_Ic/software/v1_bsp/
make --no-print-directory -C /mnt/c/Users/thiag/Documents/New_Ic/software/v1_bsp/
[BSP build complete]
Info: Compiling hello_world_small.c to obj/default/hello_world_small.o
nios2-elf-gcc.exe -xc -MP -MMD -c -Ic:/Users/thiag/Documents/New_Ic/software/v1_bsp//HAL/inc -Ic:/Users/thiag/Documents/New_Ic/software/v1_bsp/ -Ic:/Users/thiag/Documents/New_Ic/software/v1_bsp//drivers/inc -pipe -D__hal__ -DALT_NO_C_PLUS_PLUS -DALT_NO_CLEAN_EXIT -D'exit(a)=_exit(a)' -DALT_NO_EXIT -DALT_USE_DIRECT_DRIVERS -DALT_NO_INSTRUCTION_EMULATION -DALT_USE_SMALL_DRIVERS -DSMALL_C_LIB -DALT_SINGLE_THREADED    -Os -g -Wall  -mno-hw-div -mno-hw-div -mno-hw-mul -mno-hw-mulx -mgpopt=global  -o "obj/default/hello_world_small.o" "hello_world_small.c"
hello_world_small.c: In function 'main':
hello_world_small.c:8:9: warning: implicit declaration of function 'printf' [-Wimplicit-function-declaration]
    8 |         printf("Test button\n");
      |         ^~~~~~
hello_world_small.c:4:1: note: include '<stdio.h>' or provide a declaration of 'printf'
    3 | #include "KEY.h"
  +++ |+#include <stdio.h>
    4 | // X, Y, A, B, TR, TL, START, SELECT,
hello_world_small.c:8:9: warning: incompatible implicit declaration of built-in function 'printf' [-Wbuiltin-declaration-mismatch]
    8 |         printf("Test button\n");
      |         ^~~~~~
hello_world_small.c:8:9: note: include '<stdio.h>' or provide a declaration of 'printf'
Info: Linking v1.elf
nios2-elf-g++.exe -T'c:/Users/thiag/Documents/New_Ic/software/v1_bsp//linker.x' -msys-crt0='c:/Users/thiag/Documents/New_Ic/software/v1_bsp//obj/HAL/src/crt0.o' -msys-lib=hal_bsp -Lc:/Users/thiag/Documents/New_Ic/software/v1_bsp/ -msmallc  -Wl,-Map=v1.map   -Os -g -Wall  -mno-hw-div -mno-hw-div -mno-hw-mul -mno-hw-mulx -mgpopt=global  -o v1.elf obj/default/KEY.o obj/default/hello_world_small.o -lm -msys-lib=m
nios2-elf-insert.exe v1.elf --thread_model hal --cpu_name nios2_gen2_0 --qsys true --simulation_enabled false --stderr_dev jtag_uart_0 --stdin_dev jtag_uart_0 --stdout_dev jtag_uart_0 --sopc_system_name IO_contoller --quartus_project_dir "c:/Users/thiag/Documents/New_Ic" --jdi ../..//output_files/main.jdi --sopcinfo C:/Users/thiag/Documents/New_Ic/IO_contoller.sopcinfo
Info: (v1.elf) 4688 Bytes program size (code + initialized data).
Info:          5452 Bytes free for stack + heap.
Info: Creating v1.objdump
nios2-elf-objdump.exe --disassemble --syms --all-header --source v1.elf >v1.objdump
[v1 build complete]
15:03:43 **** Incremental Build of configuration Nios II for project v1 ****
wsl make all 
Info: Building /mnt/c/Users/thiag/Documents/New_Ic/software/v1_bsp/
make --no-print-directory -C /mnt/c/Users/thiag/Documents/New_Ic/software/v1_bsp/
[BSP build complete]
Info: Compiling hello_world_small.c to obj/default/hello_world_small.o
nios2-elf-gcc.exe -xc -MP -MMD -c -Ic:/Users/thiag/Documents/New_Ic/software/v1_bsp//HAL/inc -Ic:/Users/thiag/Documents/New_Ic/software/v1_bsp/ -Ic:/Users/thiag/Documents/New_Ic/software/v1_bsp//drivers/inc -pipe -D__hal__ -DALT_NO_C_PLUS_PLUS -DALT_NO_CLEAN_EXIT -D'exit(a)=_exit(a)' -DALT_NO_EXIT -DALT_USE_DIRECT_DRIVERS -DALT_NO_INSTRUCTION_EMULATION -DALT_USE_SMALL_DRIVERS -DSMALL_C_LIB -DALT_SINGLE_THREADED    -Os -g -Wall  -mno-hw-div -mno-hw-div -mno-hw-mul -mno-hw-mulx -mgpopt=global  -o "obj/default/hello_world_small.o" "hello_world_small.c"
hello_world_small.c: In function 'main':
hello_world_small.c:8:9: warning: implicit declaration of function 'printf' [-Wimplicit-function-declaration]
    8 |         printf("Test button\n");
      |         ^~~~~~
hello_world_small.c:4:1: note: include '<stdio.h>' or provide a declaration of 'printf'
    3 | #include "KEY.h"
  +++ |+#include <stdio.h>
    4 | // X, Y, A, B, TR, TL, START, SELECT,
hello_world_small.c:8:9: warning: incompatible implicit declaration of built-in function 'printf' [-Wbuiltin-declaration-mismatch]
    8 |         printf("Test button\n");
      |         ^~~~~~
hello_world_small.c:8:9: note: include '<stdio.h>' or provide a declaration of 'printf'
Info: Linking v1.elf
nios2-elf-g++.exe -T'c:/Users/thiag/Documents/New_Ic/software/v1_bsp//linker.x' -msys-crt0='c:/Users/thiag/Documents/New_Ic/software/v1_bsp//obj/HAL/src/crt0.o' -msys-lib=hal_bsp -Lc:/Users/thiag/Documents/New_Ic/software/v1_bsp/ -msmallc  -Wl,-Map=v1.map   -Os -g -Wall  -mno-hw-div -mno-hw-div -mno-hw-mul -mno-hw-mulx -mgpopt=global  -o v1.elf obj/default/KEY.o obj/default/hello_world_small.o -lm -msys-lib=m
nios2-elf-insert.exe v1.elf --thread_model hal --cpu_name nios2_gen2_0 --qsys true --simulation_enabled false --stderr_dev jtag_uart_0 --stdin_dev jtag_uart_0 --stdout_dev jtag_uart_0 --sopc_system_name IO_contoller --quartus_project_dir "c:/Users/thiag/Documents/New_Ic" --jdi ../..//output_files/main.jdi --sopcinfo C:/Users/thiag/Documents/New_Ic/IO_contoller.sopcinfo
Info: (v1.elf) 4688 Bytes program size (code + initialized data).
Info:          5452 Bytes free for stack + heap.
Info: Creating v1.objdump
nios2-elf-objdump.exe --disassemble --syms --all-header --source v1.elf >v1.objdump
[v1 build complete]
