15:03:43 **** Incremental Build of configuration Nios II for project v1 ****
wsl make all 
Info: Building /mnt/c/Users/thiag/Documents/New_Ic/software/v1_bsp/
make --no-print-directory -C /mnt/c/Users/thiag/Documents/New_Ic/software/v1_bsp/
[BSP build complete]
Info: Compiling hello_world_small.c to obj/default/hello_world_small.o
nios2-elf-gcc.exe -xc -MP -MMD -c -Ic:/Users/thiag/Documents/New_Ic/software/v1_bsp//HAL/inc -Ic:/Users/thiag/Documents/New_Ic/software/v1_bsp/ -Ic:/Users/thiag/Documents/New_Ic/software/v1_bsp//drivers/inc -pipe -D__hal__ -DALT_NO_C_PLUS_PLUS -DALT_NO_CLEAN_EXIT -D'exit(a)=_exit(a)' -DALT_NO_EXIT -DALT_USE_DIRECT_DRIVERS -DALT_NO_INSTRUCTION_EMULATION -DALT_USE_SMALL_DRIVERS -DSMALL_C_LIB -DALT_SINGLE_THREADED    -Os -g -Wall  -mno-hw-div -mno-hw-div -mno-hw-mul -mno-hw-mulx -mgpopt=global  -o "obj/default/hello_world_small.o" "hello_world_small.c"
hello_world_small.c: In function 'main':
hello_world_small.c:8:9: warning: implicit declaration of function 'printf' [-Wimplicit-function-declaration]
    8 |         printf("Test button\n");
      |         ^~~~~~
hello_world_small.c:4:1: note: include '<stdio.h>' or provide a declaration of 'printf'
    3 | #include "KEY.h"
  +++ |+#include <stdio.h>
    4 | // X, Y, A, B, TR, TL, START, SELECT,
hello_world_small.c:8:9: warning: incompatible implicit declaration of built-in function 'printf' [-Wbuiltin-declaration-mismatch]
    8 |         printf("Test button\n");
      |         ^~~~~~
hello_world_small.c:8:9: note: include '<stdio.h>' or provide a declaration of 'printf'
Info: Linking v1.elf
nios2-elf-g++.exe -T'c:/Users/thiag/Documents/New_Ic/software/v1_bsp//linker.x' -msys-crt0='c:/Users/thiag/Documents/New_Ic/software/v1_bsp//obj/HAL/src/crt0.o' -msys-lib=hal_bsp -Lc:/Users/thiag/Documents/New_Ic/software/v1_bsp/ -msmallc  -Wl,-Map=v1.map   -Os -g -Wall  -mno-hw-div -mno-hw-div -mno-hw-mul -mno-hw-mulx -mgpopt=global  -o v1.elf obj/default/KEY.o obj/default/hello_world_small.o -lm -msys-lib=m
nios2-elf-insert.exe v1.elf --thread_model hal --cpu_name nios2_gen2_0 --qsys true --simulation_enabled false --stderr_dev jtag_uart_0 --stdin_dev jtag_uart_0 --stdout_dev jtag_uart_0 --sopc_system_name IO_contoller --quartus_project_dir "c:/Users/thiag/Documents/New_Ic" --jdi ../..//output_files/main.jdi --sopcinfo C:/Users/thiag/Documents/New_Ic/IO_contoller.sopcinfo
Info: (v1.elf) 4688 Bytes program size (code + initialized data).
Info:          5452 Bytes free for stack + heap.
Info: Creating v1.objdump
nios2-elf-objdump.exe --disassemble --syms --all-header --source v1.elf >v1.objdump
[v1 build complete]

15:03:49 Build Finished (took 5s.913ms)

