#
# There is insufficient memory for the Java Runtime Environment to continue.
# Native memory allocation (malloc) failed to allocate 731136 bytes for Chunk::new
# Possible reasons:
#   The system is out of physical RAM or swap space
#   The process is running with CompressedOops enabled, and the Java Heap may be blocking the growth of the native heap
# Possible solutions:
#   Reduce memory load on the system
#   Increase physical memory or swap space
#   Check if swap backing store is full
#   Decrease Java heap size (-Xmx/-Xms)
#   Decrease number of Java threads
#   Decrease Java thread stack sizes (-Xss)
#   Set larger code cache with -XX:ReservedCodeCacheSize=
#   JVM is running with Unscaled Compressed Oops mode in which the Java heap is
#     placed in the first 4GB address space. The Java Heap base address is the
#     maximum limit for the native heap growth. Please use -XX:HeapBaseMinAddress
#     to set the Java Heap base and to place the Java Heap above 4GB virtual address.
# This output file may be truncated or incomplete.
#
#  Out of Memory Error (allocation.cpp:389), pid=65192, tid=0x0000000000014420
#
# JRE version: OpenJDK Runtime Environment (8.0_392-b08) (build 1.8.0_392-b08)
# Java VM: OpenJDK 64-Bit Server VM (25.392-b08 mixed mode windows-amd64 compressed oops)
# Failed to write core dump. Minidumps are not enabled by default on client versions of Windows
#

---------------  T H R E A D  ---------------

Current thread (0x000001905ba4f000):  JavaThread "C2 CompilerThread6" daemon [_thread_in_native, id=82976, stack(0x0000001c15a00000,0x0000001c15b00000)]

Stack: [0x0000001c15a00000,0x0000001c15b00000]
[error occurred during error reporting (printing stack bounds), id 0xc0000005]

Native frames: (J=compiled Java code, j=interpreted, Vv=VM code, C=native code)


Current CompileTask:
C2:   6477 3887   !   4       com.altera.sopclibrary.conan.IpxUtils::catalogCardToCacheNode (770 bytes)


---------------  P R O C E S S  ---------------

Java Threads: ( => current thread )
  0x000001905de71800 JavaThread "Tcl Isolation Thread" daemon [_thread_blocked, id=71476, stack(0x0000001c16200000,0x0000001c16300000)]
  0x000001905bb26800 JavaThread "Service Thread" daemon [_thread_blocked, id=82936, stack(0x0000001c16000000,0x0000001c16100000)]
  0x000001905badb000 JavaThread "C1 CompilerThread11" daemon [_thread_blocked, id=44760, stack(0x0000001c15f00000,0x0000001c16000000)]
  0x000001905baad000 JavaThread "C1 CompilerThread10" daemon [_thread_blocked, id=80276, stack(0x0000001c15e00000,0x0000001c15f00000)]
  0x000001905ba64800 JavaThread "C1 CompilerThread9" daemon [_thread_blocked, id=75012, stack(0x0000001c15d00000,0x0000001c15e00000)]
  0x000001905ba5b800 JavaThread "C1 CompilerThread8" daemon [_thread_blocked, id=80392, stack(0x0000001c15c00000,0x0000001c15d00000)]
  0x000001905ba51000 JavaThread "C2 CompilerThread7" daemon [_thread_in_native, id=79732, stack(0x0000001c15b00000,0x0000001c15c00000)]
=>0x000001905ba4f000 JavaThread "C2 CompilerThread6" daemon [_thread_in_native, id=82976, stack(0x0000001c15a00000,0x0000001c15b00000)]
  0x000001905ba46800 JavaThread "C2 CompilerThread5" daemon [_thread_in_native, id=82992, stack(0x0000001c15900000,0x0000001c15a00000)]
  0x000001905ba45000 JavaThread "C2 CompilerThread4" daemon [_thread_blocked, id=83000, stack(0x0000001c15800000,0x0000001c15900000)]
  0x000001905ba44000 JavaThread "C2 CompilerThread3" daemon [_thread_blocked, id=82996, stack(0x0000001c15700000,0x0000001c15800000)]
  0x000001905ba3e800 JavaThread "C2 CompilerThread2" daemon [_thread_in_native, id=82968, stack(0x0000001c15600000,0x0000001c15700000)]
  0x000001905ba43000 JavaThread "C2 CompilerThread1" daemon [_thread_blocked, id=82952, stack(0x0000001c15500000,0x0000001c15600000)]
  0x000001905ba41800 JavaThread "C2 CompilerThread0" daemon [_thread_blocked, id=82964, stack(0x0000001c15400000,0x0000001c15500000)]
  0x000001905ba35000 JavaThread "Attach Listener" daemon [_thread_blocked, id=82960, stack(0x0000001c15300000,0x0000001c15400000)]
  0x000001905ba34000 JavaThread "Signal Dispatcher" daemon [_thread_blocked, id=82956, stack(0x0000001c15200000,0x0000001c15300000)]
  0x000001905ba0a000 JavaThread "Finalizer" daemon [_thread_blocked, id=83004, stack(0x0000001c15100000,0x0000001c15200000)]
  0x000001905b9de800 JavaThread "Reference Handler" daemon [_thread_blocked, id=83008, stack(0x0000001c15000000,0x0000001c15100000)]
  0x0000019049e8e800 JavaThread "main" [_thread_in_Java, id=82980, stack(0x0000001c14e00000,0x0000001c14f00000)]

Other Threads:
  0x000001905b9d6800 VMThread [stack: 0x0000001c14f00000,0x0000001c15000000] [id=83012]
  0x000001905bb28800 WatcherThread [stack: 0x0000001c16100000,0x0000001c16200000] [id=55564]

VM state:not at safepoint (normal execution)

VM Mutex/Monitor currently owned by a thread: None

heap address: 0x00000000a2400000, size: 1500 MB, Compressed Oops mode: 32-bit
Narrow klass base: 0x0000000000000000, Narrow klass shift: 3
Compressed class space size: 1073741824 Address: 0x0000000100000000

Heap:
 def new generation   total 28864K, used 10483K [0x00000000a2400000, 0x00000000a4350000, 0x00000000c1800000)
  eden space 25664K,  29% used [0x00000000a2400000, 0x00000000a2b849e0, 0x00000000a3d10000)
  from space 3200K,  87% used [0x00000000a4030000, 0x00000000a42e83c0, 0x00000000a4350000)
  to   space 3200K,   0% used [0x00000000a3d10000, 0x00000000a3d10000, 0x00000000a4030000)
 tenured generation   total 64192K, used 23553K [0x00000000c1800000, 0x00000000c56b0000, 0x0000000100000000)
   the space 64192K,  36% used [0x00000000c1800000, 0x00000000c2f00620, 0x00000000c2f00800, 0x00000000c56b0000)
 Metaspace       used 15760K, capacity 15968K, committed 16128K, reserved 1062912K
  class space    used 1633K, capacity 1672K, committed 1792K, reserved 1048576K

Card table byte_map: [0x000001905abf0000,0x000001905aee0000] byte_map_base: 0x000001905a6de000

Polling page: 0x0000019049fd0000

CodeCache: size=245760Kb used=13609Kb max_used=14105Kb free=232150Kb
 bounds [0x000001904b830000, 0x000001904c620000, 0x000001905a830000]
 total_blobs=3712 nmethods=3336 adapters=285
 compilation: enabled

Compilation events (10 events):
Event: 6.394 Thread 0x000001905ba45000 nmethod 3850 0x000001904bbe8dd0 code [0x000001904bbe90a0, 0x000001904bbebe50]
Event: 6.395 Thread 0x000001905ba43000 nmethod 3922 0x000001904c5fb990 code [0x000001904c5fbae0, 0x000001904c5fbc98]
Event: 6.397 Thread 0x000001905ba51000 nmethod 3923 0x000001904c5fb310 code [0x000001904c5fb460, 0x000001904c5fb6d8]
Event: 6.397 Thread 0x000001905ba43000 3925       4       com.altera.utilities.AltString::unquote (52 bytes)
Event: 6.400 Thread 0x000001905ba43000 nmethod 3925 0x000001904c5faf10 code [0x000001904c5fb060, 0x000001904c5fb158]
Event: 6.407 Thread 0x000001905ba41800 nmethod 3904 0x000001904bc46cd0 code [0x000001904bc46ec0, 0x000001904bc481b8]
Event: 6.425 Thread 0x000001905ba51000 3926       4       com.altera.utilities.altNode.AltNodeXML::AltNodeToTElement (353 bytes)
Event: 6.432 Thread 0x000001905ba45000 3927       4       java.util.ArrayList::<init> (63 bytes)
Event: 6.435 Thread 0x000001905ba45000 nmethod 3927 0x000001904bc44dd0 code [0x000001904bc44f20, 0x000001904bc45198]
Event: 6.456 Thread 0x000001905ba44000 nmethod 3564 0x000001904be631d0 code [0x000001904be63760, 0x000001904be693f0]

GC Heap History (10 events):
Event: 6.316 GC heap before
{Heap before GC invocations=20 (full 0):
 def new generation   total 28864K, used 27768K [0x00000000a2400000, 0x00000000a4350000, 0x00000000c1800000)
  eden space 25664K, 100% used [0x00000000a2400000, 0x00000000a3d10000, 0x00000000a3d10000)
  from space 3200K,  65% used [0x00000000a3d10000, 0x00000000a3f1e240, 0x00000000a4030000)
  to   space 3200K,   0% used [0x00000000a4030000, 0x00000000a4030000, 0x00000000a4350000)
 tenured generation   total 64192K, used 15120K [0x00000000c1800000, 0x00000000c56b0000, 0x0000000100000000)
   the space 64192K,  23% used [0x00000000c1800000, 0x00000000c26c43c8, 0x00000000c26c4400, 0x00000000c56b0000)
 Metaspace       used 15734K, capacity 15968K, committed 16128K, reserved 1062912K
  class space    used 1631K, capacity 1672K, committed 1792K, reserved 1048576K
Event: 6.325 GC heap after
Heap after GC invocations=21 (full 0):
 def new generation   total 28864K, used 2383K [0x00000000a2400000, 0x00000000a4350000, 0x00000000c1800000)
  eden space 25664K,   0% used [0x00000000a2400000, 0x00000000a2400000, 0x00000000a3d10000)
  from space 3200K,  74% used [0x00000000a4030000, 0x00000000a4283e68, 0x00000000a4350000)
  to   space 3200K,   0% used [0x00000000a3d10000, 0x00000000a3d10000, 0x00000000a4030000)
 tenured generation   total 64192K, used 15427K [0x00000000c1800000, 0x00000000c56b0000, 0x0000000100000000)
   the space 64192K,  24% used [0x00000000c1800000, 0x00000000c2710cb8, 0x00000000c2710e00, 0x00000000c56b0000)
 Metaspace       used 15734K, capacity 15968K, committed 16128K, reserved 1062912K
  class space    used 1631K, capacity 1672K, committed 1792K, reserved 1048576K
}
Event: 6.370 GC heap before
{Heap before GC invocations=21 (full 0):
 def new generation   total 28864K, used 28047K [0x00000000a2400000, 0x00000000a4350000, 0x00000000c1800000)
  eden space 25664K, 100% used [0x00000000a2400000, 0x00000000a3d10000, 0x00000000a3d10000)
  from space 3200K,  74% used [0x00000000a4030000, 0x00000000a4283e68, 0x00000000a4350000)
  to   space 3200K,   0% used [0x00000000a3d10000, 0x00000000a3d10000, 0x00000000a4030000)
 tenured generation   total 64192K, used 15427K [0x00000000c1800000, 0x00000000c56b0000, 0x0000000100000000)
   the space 64192K,  24% used [0x00000000c1800000, 0x00000000c2710cb8, 0x00000000c2710e00, 0x00000000c56b0000)
 Metaspace       used 15760K, capacity 15968K, committed 16128K, reserved 1062912K
  class space    used 1633K, capacity 1672K, committed 1792K, reserved 1048576K
Event: 6.381 GC heap after
Heap after GC invocations=22 (full 0):
 def new generation   total 28864K, used 3200K [0x00000000a2400000, 0x00000000a4350000, 0x00000000c1800000)
  eden space 25664K,   0% used [0x00000000a2400000, 0x00000000a2400000, 0x00000000a3d10000)
  from space 3200K, 100% used [0x00000000a3d10000, 0x00000000a4030000, 0x00000000a4030000)
  to   space 3200K,   0% used [0x00000000a4030000, 0x00000000a4030000, 0x00000000a4350000)
 tenured generation   total 64192K, used 18996K [0x00000000c1800000, 0x00000000c56b0000, 0x0000000100000000)
   the space 64192K,  29% used [0x00000000c1800000, 0x00000000c2a8d2a8, 0x00000000c2a8d400, 0x00000000c56b0000)
 Metaspace       used 15760K, capacity 15968K, committed 16128K, reserved 1062912K
  class space    used 1633K, capacity 1672K, committed 1792K, reserved 1048576K
}
Event: 6.410 GC heap before
{Heap before GC invocations=22 (full 0):
 def new generation   total 28864K, used 28864K [0x00000000a2400000, 0x00000000a4350000, 0x00000000c1800000)
  eden space 25664K, 100% used [0x00000000a2400000, 0x00000000a3d10000, 0x00000000a3d10000)
  from space 3200K, 100% used [0x00000000a3d10000, 0x00000000a4030000, 0x00000000a4030000)
  to   space 3200K,   0% used [0x00000000a4030000, 0x00000000a4030000, 0x00000000a4350000)
 tenured generation   total 64192K, used 18996K [0x00000000c1800000, 0x00000000c56b0000, 0x0000000100000000)
   the space 64192K,  29% used [0x00000000c1800000, 0x00000000c2a8d2a8, 0x00000000c2a8d400, 0x00000000c56b0000)
 Metaspace       used 15760K, capacity 15968K, committed 16128K, reserved 1062912K
  class space    used 1633K, capacity 1672K, committed 1792K, reserved 1048576K
Event: 6.417 GC heap after
Heap after GC invocations=23 (full 0):
 def new generation   total 28864K, used 1360K [0x00000000a2400000, 0x00000000a4350000, 0x00000000c1800000)
  eden space 25664K,   0% used [0x00000000a2400000, 0x00000000a2400000, 0x00000000a3d10000)
  from space 3200K,  42% used [0x00000000a4030000, 0x00000000a41841c0, 0x00000000a4350000)
  to   space 3200K,   0% used [0x00000000a3d10000, 0x00000000a3d10000, 0x00000000a4030000)
 tenured generation   total 64192K, used 22195K [0x00000000c1800000, 0x00000000c56b0000, 0x0000000100000000)
   the space 64192K,  34% used [0x00000000c1800000, 0x00000000c2dace68, 0x00000000c2dad000, 0x00000000c56b0000)
 Metaspace       used 15760K, capacity 15968K, committed 16128K, reserved 1062912K
  class space    used 1633K, capacity 1672K, committed 1792K, reserved 1048576K
}
Event: 6.439 GC heap before
{Heap before GC invocations=23 (full 0):
 def new generation   total 28864K, used 27024K [0x00000000a2400000, 0x00000000a4350000, 0x00000000c1800000)
  eden space 25664K, 100% used [0x00000000a2400000, 0x00000000a3d10000, 0x00000000a3d10000)
  from space 3200K,  42% used [0x00000000a4030000, 0x00000000a41841c0, 0x00000000a4350000)
  to   space 3200K,   0% used [0x00000000a3d10000, 0x00000000a3d10000, 0x00000000a4030000)
 tenured generation   total 64192K, used 22195K [0x00000000c1800000, 0x00000000c56b0000, 0x0000000100000000)
   the space 64192K,  34% used [0x00000000c1800000, 0x00000000c2dace68, 0x00000000c2dad000, 0x00000000c56b0000)
 Metaspace       used 15760K, capacity 15968K, committed 16128K, reserved 1062912K
  class space    used 1633K, capacity 1672K, committed 1792K, reserved 1048576K
Event: 6.446 GC heap after
Heap after GC invocations=24 (full 0):
 def new generation   total 28864K, used 2753K [0x00000000a2400000, 0x00000000a4350000, 0x00000000c1800000)
  eden space 25664K,   0% used [0x00000000a2400000, 0x00000000a2400000, 0x00000000a3d10000)
  from space 3200K,  86% used [0x00000000a3d10000, 0x00000000a3fc0670, 0x00000000a4030000)
  to   space 3200K,   0% used [0x00000000a4030000, 0x00000000a4030000, 0x00000000a4350000)
 tenured generation   total 64192K, used 22195K [0x00000000c1800000, 0x00000000c56b0000, 0x0000000100000000)
   the space 64192K,  34% used [0x00000000c1800000, 0x00000000c2dace68, 0x00000000c2dad000, 0x00000000c56b0000)
 Metaspace       used 15760K, capacity 15968K, committed 16128K, reserved 1062912K
  class space    used 1633K, capacity 1672K, committed 1792K, reserved 1048576K
}
Event: 6.466 GC heap before
{Heap before GC invocations=24 (full 0):
 def new generation   total 28864K, used 28417K [0x00000000a2400000, 0x00000000a4350000, 0x00000000c1800000)
  eden space 25664K, 100% used [0x00000000a2400000, 0x00000000a3d10000, 0x00000000a3d10000)
  from space 3200K,  86% used [0x00000000a3d10000, 0x00000000a3fc0670, 0x00000000a4030000)
  to   space 3200K,   0% used [0x00000000a4030000, 0x00000000a4030000, 0x00000000a4350000)
 tenured generation   total 64192K, used 22195K [0x00000000c1800000, 0x00000000c56b0000, 0x0000000100000000)
   the space 64192K,  34% used [0x00000000c1800000, 0x00000000c2dace68, 0x00000000c2dad000, 0x00000000c56b0000)
 Metaspace       used 15760K, capacity 15968K, committed 16128K, reserved 1062912K
  class space    used 1633K, capacity 1672K, committed 1792K, reserved 1048576K
Event: 6.473 GC heap after
Heap after GC invocations=25 (full 0):
 def new generation   total 28864K, used 2784K [0x00000000a2400000, 0x00000000a4350000, 0x00000000c1800000)
  eden space 25664K,   0% used [0x00000000a2400000, 0x00000000a2400000, 0x00000000a3d10000)
  from space 3200K,  87% used [0x00000000a4030000, 0x00000000a42e83c0, 0x00000000a4350000)
  to   space 3200K,   0% used [0x00000000a3d10000, 0x00000000a3d10000, 0x00000000a4030000)
 tenured generation   total 64192K, used 23553K [0x00000000c1800000, 0x00000000c56b0000, 0x0000000100000000)
   the space 64192K,  36% used [0x00000000c1800000, 0x00000000c2f00620, 0x00000000c2f00800, 0x00000000c56b0000)
 Metaspace       used 15760K, capacity 15968K, committed 16128K, reserved 1062912K
  class space    used 1633K, capacity 1672K, committed 1792K, reserved 1048576K
}

Deoptimization events (10 events):
Event: 3.145 Thread 0x0000019049e8e800 Uncommon trap: reason=unstable_if action=reinterpret pc=0x000001904be9ff00 method=java.io.WinNTFileSystem.normalize(Ljava/lang/String;)Ljava/lang/String; @ 128
Event: 3.157 Thread 0x0000019049e8e800 Uncommon trap: reason=bimorphic action=maybe_recompile pc=0x000001904c0f5418 method=java.util.AbstractList$Itr.next()Ljava/lang/Object; @ 14
Event: 3.970 Thread 0x0000019049e8e800 Uncommon trap: reason=unstable_if action=reinterpret pc=0x000001904bd5e5cc method=com.sun.org.apache.xerces.internal.impl.XMLDocumentFragmentScannerImpl.seekCloseOfStartTag()Z @ 95
Event: 3.971 Thread 0x0000019049e8e800 Uncommon trap: reason=class_check action=maybe_recompile pc=0x000001904c2ef790 method=java.io.FilterInputStream.read([BII)I @ 7
Event: 3.971 Thread 0x0000019049e8e800 Uncommon trap: reason=class_check action=maybe_recompile pc=0x000001904c2ef790 method=java.io.FilterInputStream.read([BII)I @ 7
Event: 3.972 Thread 0x0000019049e8e800 Uncommon trap: reason=class_check action=maybe_recompile pc=0x000001904c2ef790 method=java.io.FilterInputStream.read([BII)I @ 7
Event: 3.972 Thread 0x0000019049e8e800 Uncommon trap: reason=class_check action=maybe_recompile pc=0x000001904c2ef790 method=java.io.FilterInputStream.read([BII)I @ 7
Event: 5.092 Thread 0x0000019049e8e800 Uncommon trap: reason=bimorphic action=maybe_recompile pc=0x000001904c586d10 method=com.google.common.collect.AbstractMapBasedMultimap.put(Ljava/lang/Object;Ljava/lang/Object;)Z @ 70
Event: 5.957 Thread 0x0000019049e8e800 Uncommon trap: reason=bimorphic action=maybe_recompile pc=0x000001904c586d10 method=com.google.common.collect.AbstractMapBasedMultimap.put(Ljava/lang/Object;Ljava/lang/Object;)Z @ 70
Event: 6.235 Thread 0x0000019049e8e800 Uncommon trap: reason=unstable_if action=reinterpret pc=0x000001904bdff1fc method=com.altera.utilities.altNode.AltNode.getChildCount()I @ 4

Classes redefined (0 events):
No events

Internal exceptions (10 events):
Event: 6.161 Thread 0x0000019049e8e800 Exception <a 'java/lang/ClassNotFoundException': com/sun/org/glassfish/hk2/osgiresourcelocator/ServiceLoader> (0x00000000a2d4daa0) thrown at [C:\workspace\openjdk-build\workspace\build\src\hotspot\src\share\vm\classfile\systemDictionary.cpp, line 217]
Event: 6.171 Thread 0x0000019049e8e800 Exception <a 'java/lang/ClassNotFoundException': com/sun/org/glassfish/hk2/osgiresourcelocator/ServiceLoader> (0x00000000a2eb7590) thrown at [C:\workspace\openjdk-build\workspace\build\src\hotspot\src\share\vm\classfile\systemDictionary.cpp, line 217]
Event: 6.181 Thread 0x0000019049e8e800 Exception <a 'java/lang/ClassNotFoundException': com/sun/org/glassfish/hk2/osgiresourcelocator/ServiceLoader> (0x00000000a3024a98) thrown at [C:\workspace\openjdk-build\workspace\build\src\hotspot\src\share\vm\classfile\systemDictionary.cpp, line 217]
Event: 6.193 Thread 0x0000019049e8e800 Exception <a 'java/lang/ClassNotFoundException': com/sun/org/glassfish/hk2/osgiresourcelocator/ServiceLoader> (0x00000000a3192c20) thrown at [C:\workspace\openjdk-build\workspace\build\src\hotspot\src\share\vm\classfile\systemDictionary.cpp, line 217]
Event: 6.200 Thread 0x0000019049e8e800 Exception <a 'java/lang/ClassNotFoundException': com/sun/org/glassfish/hk2/osgiresourcelocator/ServiceLoader> (0x00000000a32fc898) thrown at [C:\workspace\openjdk-build\workspace\build\src\hotspot\src\share\vm\classfile\systemDictionary.cpp, line 217]
Event: 6.207 Thread 0x0000019049e8e800 Exception <a 'java/lang/ClassNotFoundException': com/sun/org/glassfish/hk2/osgiresourcelocator/ServiceLoader> (0x00000000a3466138) thrown at [C:\workspace\openjdk-build\workspace\build\src\hotspot\src\share\vm\classfile\systemDictionary.cpp, line 217]
Event: 6.213 Thread 0x0000019049e8e800 Exception <a 'java/lang/ClassNotFoundException': com/sun/org/glassfish/hk2/osgiresourcelocator/ServiceLoader> (0x00000000a35cf8f0) thrown at [C:\workspace\openjdk-build\workspace\build\src\hotspot\src\share\vm\classfile\systemDictionary.cpp, line 217]
Event: 6.220 Thread 0x0000019049e8e800 Exception <a 'java/lang/ClassNotFoundException': com/sun/org/glassfish/hk2/osgiresourcelocator/ServiceLoader> (0x00000000a3737c68) thrown at [C:\workspace\openjdk-build\workspace\build\src\hotspot\src\share\vm\classfile\systemDictionary.cpp, line 217]
Event: 6.227 Thread 0x0000019049e8e800 Exception <a 'java/lang/ClassNotFoundException': com/sun/org/glassfish/hk2/osgiresourcelocator/ServiceLoader> (0x00000000a38a1300) thrown at [C:\workspace\openjdk-build\workspace\build\src\hotspot\src\share\vm\classfile\systemDictionary.cpp, line 217]
Event: 6.235 Thread 0x0000019049e8e800 Implicit null exception at 0x000001904bdfe629 to 0x000001904bdff1e5

Events (10 events):
Event: 6.352 loading class com/altera/utilities/altNode/AltNodeXML$TElementOrText
Event: 6.352 loading class com/altera/utilities/altNode/AltNodeXML$TElementOrText done
Event: 6.370 Executing VM operation: GenCollectForAllocation
Event: 6.381 Executing VM operation: GenCollectForAllocation done
Event: 6.410 Executing VM operation: GenCollectForAllocation
Event: 6.417 Executing VM operation: GenCollectForAllocation done
Event: 6.439 Executing VM operation: GenCollectForAllocation
Event: 6.446 Executing VM operation: GenCollectForAllocation done
Event: 6.466 Executing VM operation: GenCollectForAllocation
Event: 6.473 Executing VM operation: GenCollectForAllocation done


Dynamic libraries:
0x00007ff6aabe0000 - 0x00007ff6aac31000 	C:\intelfpga_lite\23.1std\quartus\bin64\jre64\bin\java.exe
0x00007ffa12290000 - 0x00007ffa124a7000 	C:\WINDOWS\SYSTEM32\ntdll.dll
0x00007ffa10900000 - 0x00007ffa109c4000 	C:\WINDOWS\System32\KERNEL32.DLL
0x00007ffa0f850000 - 0x00007ffa0fbfd000 	C:\WINDOWS\System32\KERNELBASE.dll
0x00007ffa10620000 - 0x00007ffa106d2000 	C:\WINDOWS\System32\ADVAPI32.dll
0x00007ffa10740000 - 0x00007ffa107e7000 	C:\WINDOWS\System32\msvcrt.dll
0x00007ffa104f0000 - 0x00007ffa10599000 	C:\WINDOWS\System32\sechost.dll
0x00007ffa0fd20000 - 0x00007ffa0fd48000 	C:\WINDOWS\System32\bcrypt.dll
0x00007ffa10270000 - 0x00007ffa10384000 	C:\WINDOWS\System32\RPCRT4.dll
0x00007ffa11b60000 - 0x00007ffa11d0e000 	C:\WINDOWS\System32\USER32.dll
0x00007ffa0fe70000 - 0x00007ffa0fe96000 	C:\WINDOWS\System32\win32u.dll
0x00007ffa10810000 - 0x00007ffa10839000 	C:\WINDOWS\System32\GDI32.dll
0x00007ffa0fea0000 - 0x00007ffa0ffb9000 	C:\WINDOWS\System32\gdi32full.dll
0x00007ffa0fd50000 - 0x00007ffa0fdea000 	C:\WINDOWS\System32\msvcp_win.dll
0x00007ffa0fc00000 - 0x00007ffa0fd11000 	C:\WINDOWS\System32\ucrtbase.dll
0x00007ff9f0f30000 - 0x00007ff9f11c3000 	C:\WINDOWS\WinSxS\amd64_microsoft.windows.common-controls_6595b64144ccf1df_6.0.22621.3672_none_2713b9d173822955\COMCTL32.dll
0x00007ffa0ffc0000 - 0x00007ffa0fff1000 	C:\WINDOWS\System32\IMM32.DLL
0x00007ff9fb860000 - 0x00007ff9fb875000 	C:\intelfpga_lite\23.1std\quartus\bin64\jre64\bin\vcruntime140.dll
0x00007ff9cc6f0000 - 0x00007ff9cc78b000 	C:\intelfpga_lite\23.1std\quartus\bin64\jre64\bin\msvcp140.dll
0x0000000058e90000 - 0x00000000596e9000 	C:\intelfpga_lite\23.1std\quartus\bin64\jre64\bin\server\jvm.dll
0x00007ffa12240000 - 0x00007ffa12248000 	C:\WINDOWS\System32\PSAPI.DLL
0x00007ffa05ea0000 - 0x00007ffa05eaa000 	C:\WINDOWS\SYSTEM32\VERSION.dll
0x00007ffa09c50000 - 0x00007ffa09c84000 	C:\WINDOWS\SYSTEM32\WINMM.dll
0x00007ff9fbb00000 - 0x00007ff9fbb09000 	C:\WINDOWS\SYSTEM32\WSOCK32.dll
0x00007ffa105a0000 - 0x00007ffa10611000 	C:\WINDOWS\System32\WS2_32.dll
0x00007ffa0e5b0000 - 0x00007ffa0e5c8000 	C:\WINDOWS\SYSTEM32\kernel.appcore.dll
0x00007ff9fb7a0000 - 0x00007ff9fb7b0000 	C:\intelfpga_lite\23.1std\quartus\bin64\jre64\bin\verify.dll
0x00007ff9f2e30000 - 0x00007ff9f2e5b000 	C:\intelfpga_lite\23.1std\quartus\bin64\jre64\bin\java.dll
0x00007ff9eec60000 - 0x00007ff9eec78000 	C:\intelfpga_lite\23.1std\quartus\bin64\jre64\bin\zip.dll
0x00007ffa10ee0000 - 0x00007ffa11748000 	C:\WINDOWS\System32\SHELL32.dll
0x00007ffa0d4b0000 - 0x00007ffa0ddae000 	C:\WINDOWS\SYSTEM32\windows.storage.dll
0x00007ffa109d0000 - 0x00007ffa10d5d000 	C:\WINDOWS\System32\combase.dll
0x00007ffa0d370000 - 0x00007ffa0d4af000 	C:\WINDOWS\SYSTEM32\wintypes.dll
0x00007ffa10d60000 - 0x00007ffa10e59000 	C:\WINDOWS\System32\SHCORE.dll
0x00007ffa106e0000 - 0x00007ffa1073e000 	C:\WINDOWS\System32\shlwapi.dll
0x00007ffa0f4e0000 - 0x00007ffa0f501000 	C:\WINDOWS\SYSTEM32\profapi.dll
0x00007ff9f8e60000 - 0x00007ff9f8e66000 	C:\intelFPGA_lite\23.1std\quartus\bin64\sld_utiljni.dll
0x00007ff9bcac0000 - 0x00007ff9bcbd3000 	C:\intelFPGA_lite\23.1std\quartus\bin64\sld_filejni.dll
0x00007ffa11a60000 - 0x00007ffa11b37000 	C:\WINDOWS\System32\OLEAUT32.dll
0x00007ffa118b0000 - 0x00007ffa11a55000 	C:\WINDOWS\System32\ole32.dll
0x00007ffa117b0000 - 0x00007ffa118af000 	C:\WINDOWS\System32\COMDLG32.dll
0x00007ffa0a8c0000 - 0x00007ffa0a8df000 	C:\WINDOWS\SYSTEM32\dhcpcsvc.DLL
0x00007ff9fb680000 - 0x00007ff9fb699000 	C:\WINDOWS\SYSTEM32\NETAPI32.dll
0x00000000596f0000 - 0x000000005987a000 	C:\intelFPGA_lite\23.1std\quartus\bin64\tcl86.dll
0x00007ff9f87b0000 - 0x00007ff9f87c9000 	C:\WINDOWS\SYSTEM32\SAMCLI.DLL
0x00007ffa0e000000 - 0x00007ffa0e00c000 	C:\WINDOWS\SYSTEM32\NETUTILS.DLL
0x00007ff9f8270000 - 0x00007ff9f82b4000 	C:\WINDOWS\SYSTEM32\LOGONCLI.DLL
0x00007ff9fbae0000 - 0x00007ff9fbaea000 	C:\intelFPGA_lite\23.1std\quartus\bin64\tcl_jni_bridge.dll
0x00007ffa0ecc0000 - 0x00007ffa0ecdb000 	C:\WINDOWS\SYSTEM32\CRYPTSP.dll
0x00007ffa0e510000 - 0x00007ffa0e545000 	C:\WINDOWS\system32\rsaenh.dll
0x00007ffa0eb50000 - 0x00007ffa0eb78000 	C:\WINDOWS\SYSTEM32\USERENV.dll
0x00007ffa0fdf0000 - 0x00007ffa0fe6b000 	C:\WINDOWS\System32\bcryptprimitives.dll
0x00007ffa0ecb0000 - 0x00007ffa0ecbc000 	C:\WINDOWS\SYSTEM32\CRYPTBASE.dll
0x00007ff9ecf50000 - 0x00007ff9ecf6c000 	C:\intelFPGA_lite\23.1std\quartus\bin64\jre64\bin\net.dll
0x00007ffa0ea30000 - 0x00007ffa0ea99000 	C:\WINDOWS\system32\mswsock.dll
0x00007ffa0e050000 - 0x00007ffa0e07d000 	C:\WINDOWS\SYSTEM32\IPHLPAPI.DLL
0x00007ffa101d0000 - 0x00007ffa101d9000 	C:\WINDOWS\System32\NSI.dll
0x00007ffa0a8f0000 - 0x00007ffa0a909000 	C:\WINDOWS\SYSTEM32\dhcpcsvc6.DLL
0x00007ffa0e0d0000 - 0x00007ffa0e1c8000 	C:\WINDOWS\SYSTEM32\DNSAPI.dll
0x00007ff9ecd60000 - 0x00007ff9ecd73000 	C:\intelFPGA_lite\23.1std\quartus\bin64\jre64\bin\nio.dll
0x00007ff9c3ba0000 - 0x00007ff9c3cd0000 	C:\intelFPGA_lite\23.1std\quartus\bin64\ccl_sqlite3.dll
0x00007ff9d2dd0000 - 0x00007ff9d2de2000 	C:\intelFPGA_lite\23.1std\quartus\bin64\ccl_sqlite3_jdbc_jni_bridge.dll

VM Arguments:
jvm_args: -Xmx1500M -XX:+UseSerialGC 
java_command: com.altera.sopcmodel.sbtools.sbcatalog.SbCatalog --xml --project-directory= --search-path=$,C:\Users\thiag\Documents\New_Ic,C:\Users\thiag\Documents\New_Ic
java_class_path (initial): C:/intelfpga_lite/23.1std/quartus/sopc_builder/model/lib\Nlview.jar;C:/intelfpga_lite/23.1std/quartus/sopc_builder/model/lib\TableLayout.jar;C:/intelfpga_lite/23.1std/quartus/sopc_builder/model/lib\appframework-1.03.jar;C:/intelfpga_lite/23.1std/quartus/sopc_builder/model/lib\asm-3.1.jar;C:/intelfpga_lite/23.1std/quartus/sopc_builder/model/lib\asm-commons-3.1.jar;C:/intelfpga_lite/23.1std/quartus/sopc_builder/model/lib\basicmodel.jar;C:/intelfpga_lite/23.1std/quartus/sopc_builder/model/lib\beansbinding-1.2.1.jar;C:/intelfpga_lite/23.1std/quartus/sopc_builder/model/lib\binding-2.0.6.jar;C:/intelfpga_lite/23.1std/quartus/sopc_builder/model/lib\com.altera.componenteditor2.jar;C:/intelfpga_lite/23.1std/quartus/sopc_builder/model/lib\com.altera.embeddedsw.app_lib.jar;C:/intelfpga_lite/23.1std/quartus/sopc_builder/model/lib\com.altera.embeddedsw.bsp.editor.jar;C:/intelfpga_lite/23.1std/quartus/sopc_builder/model/lib\com.altera.embeddedsw.bsp.elements.jar;C:/intelfpga_lite/23.1std/quartus/sopc_builder/model/lib\com.altera.embeddedsw.bsp.jar;C:/intelfpga_lite/23.1std/quartus/sopc_builder/model/lib\com.altera.embeddedsw.bsp.plugin.core.jar;C:/intelfpga_lite/23.1std/quartus/sopc_builder/model/lib\com.altera.embeddedsw.bsp.plugin.hal.jar;C:/intelfpga_lite/23.1std/quartus/sopc_builder/model/lib\com.altera.embeddedsw.bsp.plugin.lwhal.jar;C:/intelfpga_lite/23.1std/quartus/sopc_builder/model/lib\com.altera.embeddedsw.bsp.schema.jar;C:/intelfpga_lite/23.1std/quartus/sopc_builder/model/lib\com.altera.embeddedsw.bsp.scripting.jar;C:/intelfpga_lite/23.1std/quartus/sopc_builder/model/lib\com.altera.embeddedsw.commandline.jar;C:/intelfpga_lite/23.1std/quartus/sopc_builder/model/lib\com.altera.embeddedsw.cpexample.jar;C:/intelfpga_lite/23.1std/quartus/sopc_builder/model/lib\com.altera.embeddedsw.flash.jar;C:/intelfpga_lite/23.1std/quartus/sopc_builder/model/lib\com.altera.embeddedsw.launch.jar;C:/intelfpga_lite/23.1std/quartus/sopc_builder/model/lib\com.alter
Launcher Type: SUN_STANDARD

Environment Variables:
PATH=C:/intelfpga_lite/23.1std/quartus/bin64;c:\intelfpga_lite\23.1std\quartus\bin64\;c:\intelfpga_lite\23.1std\quartus\bin64\;C:\Program Files\Common Files\Oracle\Java\javapath;C:\Program Files (x86)\Common Files\Oracle\Java\javapath;C:\WINDOWS\system32;C:\WINDOWS;C:\WINDOWS\System32\Wbem;C:\WINDOWS\System32\WindowsPowerShell\v1.0\;C:\WINDOWS\System32\OpenSSH\;C:\Program Files\Git\cmd;C:\Program Files\Docker\Docker\resources\bin;C:\Program Files\nodejs\;C:\Users\thiag\AppData\Local\Programs\Python\Launcher\;C:\Users\thiag\AppData\Local\Microsoft\WindowsApps;C:\Users\thiag\AppData\Local\Programs\Microsoft VS Code\bin;C:\Users\thiag\AppData\Local\GitHubDesktop\bin;C:\Users\thiag\AppData\Local\Microsoft\WinGet\Links;C:\Users\thiag\AppData\Roaming\npm;C:\intelFPGA_lite\23.1std\questa_fse\win64
USERNAME=thiag
OS=Windows_NT
PROCESSOR_IDENTIFIER=AMD64 Family 23 Model 104 Stepping 1, AuthenticAMD



---------------  S Y S T E M  ---------------

OS: Windows 11 , 64 bit Build 22621 (10.0.22621.3958)

CPU:total 16 (initial active 16) (16 cores per cpu, 1 threads per core) family 23 model 104 stepping 1, cmov, cx8, fxsr, mmx, sse, sse2, sse3, ssse3, sse4.1, sse4.2, popcnt, avx, avx2, aes, clmul, mmxext, 3dnowpref, lzcnt, sse4a, tsc, tscinvbit, tscinv, bmi1

Memory: 4k page, physical 6133240k(181728k free), swap 25007608k(4136k free)

vm_info: OpenJDK 64-Bit Server VM (25.392-b08) for windows-amd64 JRE (1.8.0_392-b08), built on Oct 18 2023 01:02:03 by "jenkins" with MS VC++ 15.9 (VS2017)

time: Sat Sep  7 15:56:15 2024
timezone: Hora Padrão da Bahia
elapsed time: 6.483479 seconds (0d 0h 0m 6s)

