#
# There is insufficient memory for the Java Runtime Environment to continue.
# Native memory allocation (malloc) failed to allocate 538896 bytes for Chunk::new
# Possible reasons:
#   The system is out of physical RAM or swap space
#   The process is running with CompressedOops enabled, and the Java Heap may be blocking the growth of the native heap
# Possible solutions:
#   Reduce memory load on the system
#   Increase physical memory or swap space
#   Check if swap backing store is full
#   Decrease Java heap size (-Xmx/-Xms)
#   Decrease number of Java threads
#   Decrease Java thread stack sizes (-Xss)
#   Set larger code cache with -XX:ReservedCodeCacheSize=
#   JVM is running with Unscaled Compressed Oops mode in which the Java heap is
#     placed in the first 4GB address space. The Java Heap base address is the
#     maximum limit for the native heap growth. Please use -XX:HeapBaseMinAddress
#     to set the Java Heap base and to place the Java Heap above 4GB virtual address.
# This output file may be truncated or incomplete.
#
#  Out of Memory Error (allocation.cpp:389), pid=80188, tid=0x0000000000013394
#
# JRE version: OpenJDK Runtime Environment (8.0_392-b08) (build 1.8.0_392-b08)
# Java VM: OpenJDK 64-Bit Server VM (25.392-b08 mixed mode windows-amd64 compressed oops)
# Failed to write core dump. Minidumps are not enabled by default on client versions of Windows
#

---------------  T H R E A D  ---------------

Current thread (0x000001ebb4766800):  JavaThread "C2 CompilerThread4" daemon [_thread_in_native, id=78740, stack(0x000000411c800000,0x000000411c900000)]

Stack: [0x000000411c800000,0x000000411c900000]
[error occurred during error reporting (printing stack bounds), id 0xc0000005]

Native frames: (J=compiled Java code, j=interpreted, Vv=VM code, C=native code)


Current CompileTask:
C2:   1584 2193       4       com.sun.xml.bind.v2.model.impl.ElementPropertyInfoImpl::getTypes (472 bytes)


---------------  P R O C E S S  ---------------

Java Threads: ( => current thread )
  0x000001ebb5d19000 JavaThread "Tcl Isolation Thread" daemon [_thread_blocked, id=81060, stack(0x000000411d200000,0x000000411d300000)]
  0x000001ebb484d000 JavaThread "Service Thread" daemon [_thread_blocked, id=69636, stack(0x000000411d000000,0x000000411d100000)]
  0x000001ebb47f4000 JavaThread "C1 CompilerThread11" daemon [_thread_blocked, id=82008, stack(0x000000411cf00000,0x000000411d000000)]
  0x000001ebb47f2000 JavaThread "C1 CompilerThread10" daemon [_thread_blocked, id=41204, stack(0x000000411ce00000,0x000000411cf00000)]
  0x000001ebb47f2800 JavaThread "C1 CompilerThread9" daemon [_thread_blocked, id=66776, stack(0x000000411cd00000,0x000000411ce00000)]
  0x000001ebb479c000 JavaThread "C1 CompilerThread8" daemon [_thread_blocked, id=75584, stack(0x000000411cc00000,0x000000411cd00000)]
  0x000001ebb477a800 JavaThread "C2 CompilerThread7" daemon [_thread_blocked, id=56948, stack(0x000000411cb00000,0x000000411cc00000)]
  0x000001ebb4779000 JavaThread "C2 CompilerThread6" daemon [_thread_in_native, id=31456, stack(0x000000411ca00000,0x000000411cb00000)]
  0x000001ebb476a800 JavaThread "C2 CompilerThread5" daemon [_thread_blocked, id=54804, stack(0x000000411c900000,0x000000411ca00000)]
=>0x000001ebb4766800 JavaThread "C2 CompilerThread4" daemon [_thread_in_native, id=78740, stack(0x000000411c800000,0x000000411c900000)]
  0x000001ebb475d800 JavaThread "C2 CompilerThread3" daemon [_thread_in_native, id=78636, stack(0x000000411c700000,0x000000411c800000)]
  0x000001ebb4764000 JavaThread "C2 CompilerThread2" daemon [_thread_in_native, id=79192, stack(0x000000411c600000,0x000000411c700000)]
  0x000001ebb475b000 JavaThread "C2 CompilerThread1" daemon [_thread_in_native, id=68200, stack(0x000000411c500000,0x000000411c600000)]
  0x000001ebb4760800 JavaThread "C2 CompilerThread0" daemon [_thread_blocked, id=80180, stack(0x000000411c400000,0x000000411c500000)]
  0x000001ebb4753800 JavaThread "Attach Listener" daemon [_thread_blocked, id=84432, stack(0x000000411c300000,0x000000411c400000)]
  0x000001ebb4752800 JavaThread "Signal Dispatcher" daemon [_thread_blocked, id=3584, stack(0x000000411c200000,0x000000411c300000)]
  0x000001ebb4729800 JavaThread "Finalizer" daemon [_thread_blocked, id=48672, stack(0x000000411c100000,0x000000411c200000)]
  0x000001ebb4722800 JavaThread "Reference Handler" daemon [_thread_blocked, id=29284, stack(0x000000411c000000,0x000000411c100000)]
  0x000001eba2b4e000 JavaThread "main" [_thread_in_Java, id=85032, stack(0x000000411be00000,0x000000411bf00000)]

Other Threads:
  0x000001ebb46f8800 VMThread [stack: 0x000000411bf00000,0x000000411c000000] [id=66348]
  0x000001ebb4818800 WatcherThread [stack: 0x000000411d100000,0x000000411d200000] [id=84240]

VM state:not at safepoint (normal execution)

VM Mutex/Monitor currently owned by a thread: None

heap address: 0x00000000a2400000, size: 1500 MB, Compressed Oops mode: 32-bit
Narrow klass base: 0x0000000000000000, Narrow klass shift: 3
Compressed class space size: 1073741824 Address: 0x0000000100000000

Heap:
 def new generation   total 28864K, used 8965K [0x00000000a2400000, 0x00000000a4350000, 0x00000000c1800000)
  eden space 25664K,  27% used [0x00000000a2400000, 0x00000000a2ad8de0, 0x00000000a3d10000)
  from space 3200K,  61% used [0x00000000a3d10000, 0x00000000a3ef8a18, 0x00000000a4030000)
  to   space 3200K,   0% used [0x00000000a4030000, 0x00000000a4030000, 0x00000000a4350000)
 tenured generation   total 64192K, used 4382K [0x00000000c1800000, 0x00000000c56b0000, 0x0000000100000000)
   the space 64192K,   6% used [0x00000000c1800000, 0x00000000c1c47820, 0x00000000c1c47a00, 0x00000000c56b0000)
 Metaspace       used 13890K, capacity 14168K, committed 14464K, reserved 1062912K
  class space    used 1496K, capacity 1542K, committed 1664K, reserved 1048576K

Card table byte_map: [0x000001ebb3910000,0x000001ebb3c00000] byte_map_base: 0x000001ebb33fe000

Polling page: 0x000001eba2af0000

CodeCache: size=245760Kb used=9749Kb max_used=9761Kb free=236010Kb
 bounds [0x000001eba4550000, 0x000001eba4ee0000, 0x000001ebb3550000]
 total_blobs=2680 nmethods=2326 adapters=264
 compilation: enabled

Compilation events (10 events):
Event: 1.577 Thread 0x000001ebb47f2800 2324       3       sun.misc.URLClassPath$1::next (63 bytes)
Event: 1.577 Thread 0x000001ebb47f2800 nmethod 2324 0x000001eba4ed2190 code [0x000001eba4ed2320, 0x000001eba4ed2760]
Event: 1.579 Thread 0x000001ebb476a800 2325       4       com.sun.org.apache.xerces.internal.impl.XMLEntityScanner::scanContent (295 bytes)
Event: 1.579 Thread 0x000001ebb47f4000 2326       1       javax.xml.bind.JAXBElement::getName (5 bytes)
Event: 1.580 Thread 0x000001ebb47f2000 2327       3       com.google.common.collect.AbstractIterator::hasNext (65 bytes)
Event: 1.580 Thread 0x000001ebb479c000 2328       3       com.google.common.base.Preconditions::checkState (13 bytes)
Event: 1.580 Thread 0x000001ebb47f4000 nmethod 2326 0x000001eba4eccb50 code [0x000001eba4eccca0, 0x000001eba4eccdb8]
Event: 1.580 Thread 0x000001ebb479c000 nmethod 2328 0x000001eba4eca050 code [0x000001eba4eca1c0, 0x000001eba4eca3f0]
Event: 1.580 Thread 0x000001ebb47f2000 nmethod 2327 0x000001eba4ed7190 code [0x000001eba4ed7320, 0x000001eba4ed7760]
Event: 1.580 Thread 0x000001ebb475d800 2329       4       java.lang.Class::getPackage (5 bytes)

GC Heap History (8 events):
Event: 0.415 GC heap before
{Heap before GC invocations=0 (full 0):
 def new generation   total 28864K, used 25664K [0x00000000a2400000, 0x00000000a4350000, 0x00000000c1800000)
  eden space 25664K, 100% used [0x00000000a2400000, 0x00000000a3d10000, 0x00000000a3d10000)
  from space 3200K,   0% used [0x00000000a3d10000, 0x00000000a3d10000, 0x00000000a4030000)
  to   space 3200K,   0% used [0x00000000a4030000, 0x00000000a4030000, 0x00000000a4350000)
 tenured generation   total 64192K, used 0K [0x00000000c1800000, 0x00000000c56b0000, 0x0000000100000000)
   the space 64192K,   0% used [0x00000000c1800000, 0x00000000c1800000, 0x00000000c1800200, 0x00000000c56b0000)
 Metaspace       used 6570K, capacity 6668K, committed 6912K, reserved 1056768K
  class space    used 671K, capacity 692K, committed 768K, reserved 1048576K
Event: 0.421 GC heap after
Heap after GC invocations=1 (full 0):
 def new generation   total 28864K, used 3199K [0x00000000a2400000, 0x00000000a4350000, 0x00000000c1800000)
  eden space 25664K,   0% used [0x00000000a2400000, 0x00000000a2400000, 0x00000000a3d10000)
  from space 3200K,  99% used [0x00000000a4030000, 0x00000000a434fff8, 0x00000000a4350000)
  to   space 3200K,   0% used [0x00000000a3d10000, 0x00000000a3d10000, 0x00000000a4030000)
 tenured generation   total 64192K, used 350K [0x00000000c1800000, 0x00000000c56b0000, 0x0000000100000000)
   the space 64192K,   0% used [0x00000000c1800000, 0x00000000c1857b40, 0x00000000c1857c00, 0x00000000c56b0000)
 Metaspace       used 6570K, capacity 6668K, committed 6912K, reserved 1056768K
  class space    used 671K, capacity 692K, committed 768K, reserved 1048576K
}
Event: 0.914 GC heap before
{Heap before GC invocations=1 (full 0):
 def new generation   total 28864K, used 28863K [0x00000000a2400000, 0x00000000a4350000, 0x00000000c1800000)
  eden space 25664K, 100% used [0x00000000a2400000, 0x00000000a3d10000, 0x00000000a3d10000)
  from space 3200K,  99% used [0x00000000a4030000, 0x00000000a434fff8, 0x00000000a4350000)
  to   space 3200K,   0% used [0x00000000a3d10000, 0x00000000a3d10000, 0x00000000a4030000)
 tenured generation   total 64192K, used 350K [0x00000000c1800000, 0x00000000c56b0000, 0x0000000100000000)
   the space 64192K,   0% used [0x00000000c1800000, 0x00000000c1857b40, 0x00000000c1857c00, 0x00000000c56b0000)
 Metaspace       used 11752K, capacity 11894K, committed 12032K, reserved 1060864K
  class space    used 1242K, capacity 1275K, committed 1280K, reserved 1048576K
Event: 0.922 GC heap after
Heap after GC invocations=2 (full 0):
 def new generation   total 28864K, used 3200K [0x00000000a2400000, 0x00000000a4350000, 0x00000000c1800000)
  eden space 25664K,   0% used [0x00000000a2400000, 0x00000000a2400000, 0x00000000a3d10000)
  from space 3200K, 100% used [0x00000000a3d10000, 0x00000000a4030000, 0x00000000a4030000)
  to   space 3200K,   0% used [0x00000000a4030000, 0x00000000a4030000, 0x00000000a4350000)
 tenured generation   total 64192K, used 2377K [0x00000000c1800000, 0x00000000c56b0000, 0x0000000100000000)
   the space 64192K,   3% used [0x00000000c1800000, 0x00000000c1a525f0, 0x00000000c1a52600, 0x00000000c56b0000)
 Metaspace       used 11752K, capacity 11894K, committed 12032K, reserved 1060864K
  class space    used 1242K, capacity 1275K, committed 1280K, reserved 1048576K
}
Event: 1.320 GC heap before
{Heap before GC invocations=2 (full 0):
 def new generation   total 28864K, used 28864K [0x00000000a2400000, 0x00000000a4350000, 0x00000000c1800000)
  eden space 25664K, 100% used [0x00000000a2400000, 0x00000000a3d10000, 0x00000000a3d10000)
  from space 3200K, 100% used [0x00000000a3d10000, 0x00000000a4030000, 0x00000000a4030000)
  to   space 3200K,   0% used [0x00000000a4030000, 0x00000000a4030000, 0x00000000a4350000)
 tenured generation   total 64192K, used 2377K [0x00000000c1800000, 0x00000000c56b0000, 0x0000000100000000)
   the space 64192K,   3% used [0x00000000c1800000, 0x00000000c1a525f0, 0x00000000c1a52600, 0x00000000c56b0000)
 Metaspace       used 13694K, capacity 13970K, committed 14208K, reserved 1062912K
  class space    used 1496K, capacity 1541K, committed 1664K, reserved 1048576K
Event: 1.329 GC heap after
Heap after GC invocations=3 (full 0):
 def new generation   total 28864K, used 3199K [0x00000000a2400000, 0x00000000a4350000, 0x00000000c1800000)
  eden space 25664K,   0% used [0x00000000a2400000, 0x00000000a2400000, 0x00000000a3d10000)
  from space 3200K,  99% used [0x00000000a4030000, 0x00000000a434fff8, 0x00000000a4350000)
  to   space 3200K,   0% used [0x00000000a3d10000, 0x00000000a3d10000, 0x00000000a4030000)
 tenured generation   total 64192K, used 3960K [0x00000000c1800000, 0x00000000c56b0000, 0x0000000100000000)
   the space 64192K,   6% used [0x00000000c1800000, 0x00000000c1bde0d8, 0x00000000c1bde200, 0x00000000c56b0000)
 Metaspace       used 13694K, capacity 13970K, committed 14208K, reserved 1062912K
  class space    used 1496K, capacity 1541K, committed 1664K, reserved 1048576K
}
Event: 1.518 GC heap before
{Heap before GC invocations=3 (full 0):
 def new generation   total 28864K, used 28863K [0x00000000a2400000, 0x00000000a4350000, 0x00000000c1800000)
  eden space 25664K, 100% used [0x00000000a2400000, 0x00000000a3d10000, 0x00000000a3d10000)
  from space 3200K,  99% used [0x00000000a4030000, 0x00000000a434fff8, 0x00000000a4350000)
  to   space 3200K,   0% used [0x00000000a3d10000, 0x00000000a3d10000, 0x00000000a4030000)
 tenured generation   total 64192K, used 3960K [0x00000000c1800000, 0x00000000c56b0000, 0x0000000100000000)
   the space 64192K,   6% used [0x00000000c1800000, 0x00000000c1bde0d8, 0x00000000c1bde200, 0x00000000c56b0000)
 Metaspace       used 13839K, capacity 14098K, committed 14464K, reserved 1062912K
  class space    used 1496K, capacity 1541K, committed 1664K, reserved 1048576K
Event: 1.523 GC heap after
Heap after GC invocations=4 (full 0):
 def new generation   total 28864K, used 1954K [0x00000000a2400000, 0x00000000a4350000, 0x00000000c1800000)
  eden space 25664K,   0% used [0x00000000a2400000, 0x00000000a2400000, 0x00000000a3d10000)
  from space 3200K,  61% used [0x00000000a3d10000, 0x00000000a3ef8a18, 0x00000000a4030000)
  to   space 3200K,   0% used [0x00000000a4030000, 0x00000000a4030000, 0x00000000a4350000)
 tenured generation   total 64192K, used 4382K [0x00000000c1800000, 0x00000000c56b0000, 0x0000000100000000)
   the space 64192K,   6% used [0x00000000c1800000, 0x00000000c1c47820, 0x00000000c1c47a00, 0x00000000c56b0000)
 Metaspace       used 13839K, capacity 14098K, committed 14464K, reserved 1062912K
  class space    used 1496K, capacity 1541K, committed 1664K, reserved 1048576K
}

Deoptimization events (10 events):
Event: 0.659 Thread 0x000001eba2b4e000 Uncommon trap: reason=unstable_if action=reinterpret pc=0x000001eba4a8aee4 method=java.util.HashMap.putVal(ILjava/lang/Object;Ljava/lang/Object;ZZ)Ljava/lang/Object; @ 193
Event: 0.678 Thread 0x000001eba2b4e000 Uncommon trap: reason=unstable_if action=reinterpret pc=0x000001eba48d1738 method=java.lang.AbstractStringBuilder.append(Ljava/lang/String;)Ljava/lang/AbstractStringBuilder; @ 1
Event: 0.730 Thread 0x000001eba2b4e000 Uncommon trap: reason=unstable_if action=reinterpret pc=0x000001eba49e4f68 method=java.util.regex.Pattern$Caret.match(Ljava/util/regex/Matcher;ILjava/lang/CharSequence;)Z @ 44
Event: 0.894 Thread 0x000001eba2b4e000 Uncommon trap: reason=unstable_if action=reinterpret pc=0x000001eba4b37a74 method=java.lang.Integer.valueOf(I)Ljava/lang/Integer; @ 10
Event: 0.933 Thread 0x000001eba2b4e000 Uncommon trap: reason=unstable_if action=reinterpret pc=0x000001eba4a08cc4 method=java.util.HashMap.getNode(ILjava/lang/Object;)Ljava/util/HashMap$Node; @ 129
Event: 0.933 Thread 0x000001eba2b4e000 Uncommon trap: reason=class_check action=maybe_recompile pc=0x000001eba4b5df60 method=java.util.HashMap.putVal(ILjava/lang/Object;Ljava/lang/Object;ZZ)Ljava/lang/Object; @ 203
Event: 0.936 Thread 0x000001eba2b4e000 Uncommon trap: reason=unstable_if action=reinterpret pc=0x000001eba4a06d24 method=java.util.HashMap.getNode(ILjava/lang/Object;)Ljava/util/HashMap$Node; @ 129
Event: 0.936 Thread 0x000001eba2b4e000 Uncommon trap: reason=class_check action=maybe_recompile pc=0x000001eba4b5df60 method=java.util.HashMap.putVal(ILjava/lang/Object;Ljava/lang/Object;ZZ)Ljava/lang/Object; @ 203
Event: 0.941 Thread 0x000001eba2b4e000 Uncommon trap: reason=unstable_if action=reinterpret pc=0x000001eba4a32adc method=sun.reflect.generics.parser.SignatureParser.skipIdentifier()V @ 44
Event: 0.943 Thread 0x000001eba2b4e000 Uncommon trap: reason=unstable_if action=reinterpret pc=0x000001eba4a13730 method=sun.reflect.generics.parser.SignatureParser.current()C @ 39

Classes redefined (0 events):
No events

Internal exceptions (10 events):
Event: 1.461 Thread 0x000001eba2b4e000 Exception <a 'java/lang/ClassNotFoundException': com/sun/org/glassfish/hk2/osgiresourcelocator/ServiceLoader> (0x00000000a35ce348) thrown at [C:\workspace\openjdk-build\workspace\build\src\hotspot\src\share\vm\classfile\systemDictionary.cpp, line 217]
Event: 1.476 Thread 0x000001eba2b4e000 Exception <a 'java/lang/ClassNotFoundException': com/sun/org/glassfish/hk2/osgiresourcelocator/ServiceLoader> (0x00000000a3747240) thrown at [C:\workspace\openjdk-build\workspace\build\src\hotspot\src\share\vm\classfile\systemDictionary.cpp, line 217]
Event: 1.486 Thread 0x000001eba2b4e000 Exception <a 'java/lang/ClassNotFoundException': com/sun/org/glassfish/hk2/osgiresourcelocator/ServiceLoader> (0x00000000a38c0168) thrown at [C:\workspace\openjdk-build\workspace\build\src\hotspot\src\share\vm\classfile\systemDictionary.cpp, line 217]
Event: 1.498 Thread 0x000001eba2b4e000 Exception <a 'java/lang/ClassNotFoundException': com/sun/org/glassfish/hk2/osgiresourcelocator/ServiceLoader> (0x00000000a3a38db0) thrown at [C:\workspace\openjdk-build\workspace\build\src\hotspot\src\share\vm\classfile\systemDictionary.cpp, line 217]
Event: 1.508 Thread 0x000001eba2b4e000 Exception <a 'java/lang/ClassNotFoundException': com/sun/org/glassfish/hk2/osgiresourcelocator/ServiceLoader> (0x00000000a3bafa40) thrown at [C:\workspace\openjdk-build\workspace\build\src\hotspot\src\share\vm\classfile\systemDictionary.cpp, line 217]
Event: 1.526 Thread 0x000001eba2b4e000 Exception <a 'java/lang/ClassNotFoundException': com/sun/org/glassfish/hk2/osgiresourcelocator/ServiceLoader> (0x00000000a2416a88) thrown at [C:\workspace\openjdk-build\workspace\build\src\hotspot\src\share\vm\classfile\systemDictionary.cpp, line 217]
Event: 1.539 Thread 0x000001eba2b4e000 Exception <a 'java/lang/ClassNotFoundException': com/sun/org/glassfish/hk2/osgiresourcelocator/ServiceLoader> (0x00000000a25a49e0) thrown at [C:\workspace\openjdk-build\workspace\build\src\hotspot\src\share\vm\classfile\systemDictionary.cpp, line 217]
Event: 1.551 Thread 0x000001eba2b4e000 Exception <a 'java/lang/ClassNotFoundException': com/sun/org/glassfish/hk2/osgiresourcelocator/ServiceLoader> (0x00000000a271c898) thrown at [C:\workspace\openjdk-build\workspace\build\src\hotspot\src\share\vm\classfile\systemDictionary.cpp, line 217]
Event: 1.563 Thread 0x000001eba2b4e000 Exception <a 'java/lang/ClassNotFoundException': com/sun/org/glassfish/hk2/osgiresourcelocator/ServiceLoader> (0x00000000a28945f8) thrown at [C:\workspace\openjdk-build\workspace\build\src\hotspot\src\share\vm\classfile\systemDictionary.cpp, line 217]
Event: 1.581 Thread 0x000001eba2b4e000 Exception <a 'java/lang/ClassNotFoundException': com/sun/org/glassfish/hk2/osgiresourcelocator/ServiceLoader> (0x00000000a2a0d080) thrown at [C:\workspace\openjdk-build\workspace\build\src\hotspot\src\share\vm\classfile\systemDictionary.cpp, line 217]

Events (10 events):
Event: 1.563 loading class com/sun/org/glassfish/hk2/osgiresourcelocator/ServiceLoader
Event: 1.563 loading class com/sun/org/glassfish/hk2/osgiresourcelocator/ServiceLoader done
Event: 1.565 loading class java/lang/ObjectFactory
Event: 1.565 loading class java/lang/ObjectFactory done
Event: 1.566 loading class java/lang/ObjectFactory
Event: 1.566 loading class java/lang/ObjectFactory done
Event: 1.567 loading class java/lang/ObjectFactory
Event: 1.567 loading class java/lang/ObjectFactory done
Event: 1.581 loading class com/sun/org/glassfish/hk2/osgiresourcelocator/ServiceLoader
Event: 1.581 loading class com/sun/org/glassfish/hk2/osgiresourcelocator/ServiceLoader done


Dynamic libraries:
0x00007ff61ed10000 - 0x00007ff61ed61000 	C:\intelfpga_lite\23.1std\quartus\bin64\jre64\bin\java.exe
0x00007ffdf4c50000 - 0x00007ffdf4e67000 	C:\WINDOWS\SYSTEM32\ntdll.dll
0x00007ffdf3420000 - 0x00007ffdf34e4000 	C:\WINDOWS\System32\KERNEL32.DLL
0x00007ffdf2530000 - 0x00007ffdf28dd000 	C:\WINDOWS\System32\KERNELBASE.dll
0x00007ffdf3140000 - 0x00007ffdf31f2000 	C:\WINDOWS\System32\ADVAPI32.dll
0x00007ffdf3730000 - 0x00007ffdf37d7000 	C:\WINDOWS\System32\msvcrt.dll
0x00007ffdf3080000 - 0x00007ffdf3129000 	C:\WINDOWS\System32\sechost.dll
0x00007ffdf1f70000 - 0x00007ffdf1f98000 	C:\WINDOWS\System32\bcrypt.dll
0x00007ffdf4af0000 - 0x00007ffdf4c04000 	C:\WINDOWS\System32\RPCRT4.dll
0x00007ffdf2a00000 - 0x00007ffdf2bae000 	C:\WINDOWS\System32\USER32.dll
0x00007ffdf2500000 - 0x00007ffdf2526000 	C:\WINDOWS\System32\win32u.dll
0x00007ffdf3b70000 - 0x00007ffdf3b99000 	C:\WINDOWS\System32\GDI32.dll
0x00007ffdf22c0000 - 0x00007ffdf23d9000 	C:\WINDOWS\System32\gdi32full.dll
0x00007ffdf28e0000 - 0x00007ffdf297a000 	C:\WINDOWS\System32\msvcp_win.dll
0x00007ffdf23e0000 - 0x00007ffdf24f1000 	C:\WINDOWS\System32\ucrtbase.dll
0x00007ffdd4be0000 - 0x00007ffdd4e73000 	C:\WINDOWS\WinSxS\amd64_microsoft.windows.common-controls_6595b64144ccf1df_6.0.22621.3672_none_2713b9d173822955\COMCTL32.dll
0x00007ffdf3510000 - 0x00007ffdf3541000 	C:\WINDOWS\System32\IMM32.DLL
0x00007ffdeaee0000 - 0x00007ffdeaef5000 	C:\intelfpga_lite\23.1std\quartus\bin64\jre64\bin\vcruntime140.dll
0x00007ffdeae40000 - 0x00007ffdeaedb000 	C:\intelfpga_lite\23.1std\quartus\bin64\jre64\bin\msvcp140.dll
0x0000000076030000 - 0x0000000076889000 	C:\intelfpga_lite\23.1std\quartus\bin64\jre64\bin\server\jvm.dll
0x00007ffdf3130000 - 0x00007ffdf3138000 	C:\WINDOWS\System32\PSAPI.DLL
0x00007ffde8e90000 - 0x00007ffde8e9a000 	C:\WINDOWS\SYSTEM32\VERSION.dll
0x00007ffdec540000 - 0x00007ffdec574000 	C:\WINDOWS\SYSTEM32\WINMM.dll
0x00007ffdeae30000 - 0x00007ffdeae39000 	C:\WINDOWS\SYSTEM32\WSOCK32.dll
0x00007ffdf46e0000 - 0x00007ffdf4751000 	C:\WINDOWS\System32\WS2_32.dll
0x00007ffdf0f80000 - 0x00007ffdf0f98000 	C:\WINDOWS\SYSTEM32\kernel.appcore.dll
0x00007ffdeae20000 - 0x00007ffdeae30000 	C:\intelfpga_lite\23.1std\quartus\bin64\jre64\bin\verify.dll
0x00007ffdeadf0000 - 0x00007ffdeae1b000 	C:\intelfpga_lite\23.1std\quartus\bin64\jre64\bin\java.dll
0x00007ffdeadd0000 - 0x00007ffdeade8000 	C:\intelfpga_lite\23.1std\quartus\bin64\jre64\bin\zip.dll
0x00007ffdf3cb0000 - 0x00007ffdf4518000 	C:\WINDOWS\System32\SHELL32.dll
0x00007ffdefe70000 - 0x00007ffdf076e000 	C:\WINDOWS\SYSTEM32\windows.storage.dll
0x00007ffdf4760000 - 0x00007ffdf4aed000 	C:\WINDOWS\System32\combase.dll
0x00007ffdefd30000 - 0x00007ffdefe6f000 	C:\WINDOWS\SYSTEM32\wintypes.dll
0x00007ffdf3320000 - 0x00007ffdf3419000 	C:\WINDOWS\System32\SHCORE.dll
0x00007ffdf3ba0000 - 0x00007ffdf3bfe000 	C:\WINDOWS\System32\shlwapi.dll
0x00007ffdf1ea0000 - 0x00007ffdf1ec1000 	C:\WINDOWS\SYSTEM32\profapi.dll
0x00007ffde93b0000 - 0x00007ffde93b6000 	C:\intelFPGA_lite\23.1std\quartus\bin64\sld_utiljni.dll
0x00007ffd522f0000 - 0x00007ffd52403000 	C:\intelFPGA_lite\23.1std\quartus\bin64\sld_filejni.dll
0x00007ffdf3a80000 - 0x00007ffdf3b57000 	C:\WINDOWS\System32\OLEAUT32.dll
0x00007ffdf3870000 - 0x00007ffdf3a15000 	C:\WINDOWS\System32\ole32.dll
0x00007ffdf3200000 - 0x00007ffdf32ff000 	C:\WINDOWS\System32\COMDLG32.dll
0x00007ffdecb90000 - 0x00007ffdecbaf000 	C:\WINDOWS\SYSTEM32\dhcpcsvc.DLL
0x00007ffdde350000 - 0x00007ffdde369000 	C:\WINDOWS\SYSTEM32\NETAPI32.dll
0x0000000050480000 - 0x000000005060a000 	C:\intelFPGA_lite\23.1std\quartus\bin64\tcl86.dll
0x00007ffdda3d0000 - 0x00007ffdda3e9000 	C:\WINDOWS\SYSTEM32\SAMCLI.DLL
0x00007ffdf09c0000 - 0x00007ffdf09cc000 	C:\WINDOWS\SYSTEM32\NETUTILS.DLL
0x00007ffdda270000 - 0x00007ffdda2b4000 	C:\WINDOWS\SYSTEM32\LOGONCLI.DLL
0x00007ffdc87b0000 - 0x00007ffdc87ba000 	C:\intelFPGA_lite\23.1std\quartus\bin64\tcl_jni_bridge.dll

VM Arguments:
jvm_args: -Xmx1500M -XX:+UseSerialGC 
java_command: com.altera.sopcmodel.sbtools.sbcatalog.SbCatalog --xml --project-directory= --search-path=C:/Users/thiag/Documents/New_Ic/,C:\Users\thiag\Documents\New_Ic
java_class_path (initial): C:/intelfpga_lite/23.1std/quartus/sopc_builder/model/lib\Nlview.jar;C:/intelfpga_lite/23.1std/quartus/sopc_builder/model/lib\TableLayout.jar;C:/intelfpga_lite/23.1std/quartus/sopc_builder/model/lib\appframework-1.03.jar;C:/intelfpga_lite/23.1std/quartus/sopc_builder/model/lib\asm-3.1.jar;C:/intelfpga_lite/23.1std/quartus/sopc_builder/model/lib\asm-commons-3.1.jar;C:/intelfpga_lite/23.1std/quartus/sopc_builder/model/lib\basicmodel.jar;C:/intelfpga_lite/23.1std/quartus/sopc_builder/model/lib\beansbinding-1.2.1.jar;C:/intelfpga_lite/23.1std/quartus/sopc_builder/model/lib\binding-2.0.6.jar;C:/intelfpga_lite/23.1std/quartus/sopc_builder/model/lib\com.altera.componenteditor2.jar;C:/intelfpga_lite/23.1std/quartus/sopc_builder/model/lib\com.altera.embeddedsw.app_lib.jar;C:/intelfpga_lite/23.1std/quartus/sopc_builder/model/lib\com.altera.embeddedsw.bsp.editor.jar;C:/intelfpga_lite/23.1std/quartus/sopc_builder/model/lib\com.altera.embeddedsw.bsp.elements.jar;C:/intelfpga_lite/23.1std/quartus/sopc_builder/model/lib\com.altera.embeddedsw.bsp.jar;C:/intelfpga_lite/23.1std/quartus/sopc_builder/model/lib\com.altera.embeddedsw.bsp.plugin.core.jar;C:/intelfpga_lite/23.1std/quartus/sopc_builder/model/lib\com.altera.embeddedsw.bsp.plugin.hal.jar;C:/intelfpga_lite/23.1std/quartus/sopc_builder/model/lib\com.altera.embeddedsw.bsp.plugin.lwhal.jar;C:/intelfpga_lite/23.1std/quartus/sopc_builder/model/lib\com.altera.embeddedsw.bsp.schema.jar;C:/intelfpga_lite/23.1std/quartus/sopc_builder/model/lib\com.altera.embeddedsw.bsp.scripting.jar;C:/intelfpga_lite/23.1std/quartus/sopc_builder/model/lib\com.altera.embeddedsw.commandline.jar;C:/intelfpga_lite/23.1std/quartus/sopc_builder/model/lib\com.altera.embeddedsw.cpexample.jar;C:/intelfpga_lite/23.1std/quartus/sopc_builder/model/lib\com.altera.embeddedsw.flash.jar;C:/intelfpga_lite/23.1std/quartus/sopc_builder/model/lib\com.altera.embeddedsw.launch.jar;C:/intelfpga_lite/23.1std/quartus/sopc_builder/model/lib\com.alter
Launcher Type: SUN_STANDARD

Environment Variables:
PATH=C:/intelfpga_lite/23.1std/quartus/bin64;c:\intelfpga_lite\23.1std\quartus\bin64\;c:\intelfpga_lite\23.1std\quartus\bin64\;C:\Program Files\Common Files\Oracle\Java\javapath;C:\Program Files (x86)\Common Files\Oracle\Java\javapath;C:\WINDOWS\system32;C:\WINDOWS;C:\WINDOWS\System32\Wbem;C:\WINDOWS\System32\WindowsPowerShell\v1.0\;C:\WINDOWS\System32\OpenSSH\;C:\Program Files\Git\cmd;C:\Program Files\Docker\Docker\resources\bin;C:\Program Files\nodejs\;C:\Users\thiag\AppData\Local\Programs\Python\Launcher\;C:\Users\thiag\AppData\Local\Microsoft\WindowsApps;C:\Users\thiag\AppData\Local\Programs\Microsoft VS Code\bin;C:\Users\thiag\AppData\Local\GitHubDesktop\bin;C:\Users\thiag\AppData\Local\Microsoft\WinGet\Links;C:\Users\thiag\AppData\Roaming\npm;C:\intelFPGA_lite\23.1std\questa_fse\win64
USERNAME=thiag
OS=Windows_NT
PROCESSOR_IDENTIFIER=AMD64 Family 23 Model 104 Stepping 1, AuthenticAMD



---------------  S Y S T E M  ---------------

OS: Windows 11 , 64 bit Build 22621 (10.0.22621.3958)

CPU:total 16 (initial active 16) (16 cores per cpu, 1 threads per core) family 23 model 104 stepping 1, cmov, cx8, fxsr, mmx, sse, sse2, sse3, ssse3, sse4.1, sse4.2, popcnt, avx, avx2, aes, clmul, mmxext, 3dnowpref, lzcnt, sse4a, tsc, tscinvbit, tscinv, bmi1

Memory: 4k page, physical 6133240k(123916k free), swap 25007608k(3744k free)

vm_info: OpenJDK 64-Bit Server VM (25.392-b08) for windows-amd64 JRE (1.8.0_392-b08), built on Oct 18 2023 01:02:03 by "jenkins" with MS VC++ 15.9 (VS2017)

time: Tue Sep 10 19:21:39 2024
timezone: Hora Padrão da Bahia
elapsed time: 1.590430 seconds (0d 0h 0m 1s)

