#
# There is insufficient memory for the Java Runtime Environment to continue.
# Native memory allocation (malloc) failed to allocate 1094576 bytes for Chunk::new
# Possible reasons:
#   The system is out of physical RAM or swap space
#   The process is running with CompressedOops enabled, and the Java Heap may be blocking the growth of the native heap
# Possible solutions:
#   Reduce memory load on the system
#   Increase physical memory or swap space
#   Check if swap backing store is full
#   Decrease Java heap size (-Xmx/-Xms)
#   Decrease number of Java threads
#   Decrease Java thread stack sizes (-Xss)
#   Set larger code cache with -XX:ReservedCodeCacheSize=
#   JVM is running with Unscaled Compressed Oops mode in which the Java heap is
#     placed in the first 4GB address space. The Java Heap base address is the
#     maximum limit for the native heap growth. Please use -XX:HeapBaseMinAddress
#     to set the Java Heap base and to place the Java Heap above 4GB virtual address.
# This output file may be truncated or incomplete.
#
#  Out of Memory Error (allocation.cpp:389), pid=69680, tid=0x0000000000011c04
#
# JRE version: OpenJDK Runtime Environment (8.0_392-b08) (build 1.8.0_392-b08)
# Java VM: OpenJDK 64-Bit Server VM (25.392-b08 mixed mode windows-amd64 compressed oops)
# Failed to write core dump. Minidumps are not enabled by default on client versions of Windows
#

---------------  T H R E A D  ---------------

Current thread (0x000001d07b412000):  JavaThread "C2 CompilerThread4" daemon [_thread_in_native, id=72708, stack(0x0000004367400000,0x0000004367500000)]

Stack: [0x0000004367400000,0x0000004367500000]
[error occurred during error reporting (printing stack bounds), id 0xc0000005]

Native frames: (J=compiled Java code, j=interpreted, Vv=VM code, C=native code)


Current CompileTask:
C2:   3463 3166       4       com.sun.xml.bind.v2.runtime.reflect.Accessor$FieldReflection::optimize (29 bytes)


---------------  P R O C E S S  ---------------

Java Threads: ( => current thread )
  0x000001d07c7c5800 JavaThread "Tcl Isolation Thread" daemon [_thread_blocked, id=4988, stack(0x0000004367e00000,0x0000004367f00000)]
  0x000001d07b4e2800 JavaThread "Service Thread" daemon [_thread_blocked, id=70724, stack(0x0000004367c00000,0x0000004367d00000)]
  0x000001d07b431800 JavaThread "C1 CompilerThread11" daemon [_thread_blocked, id=58432, stack(0x0000004367b00000,0x0000004367c00000)]
  0x000001d07b42e800 JavaThread "C1 CompilerThread10" daemon [_thread_blocked, id=71920, stack(0x0000004367a00000,0x0000004367b00000)]
  0x000001d07b420800 JavaThread "C1 CompilerThread9" daemon [_thread_blocked, id=69032, stack(0x0000004367900000,0x0000004367a00000)]
  0x000001d07b41c000 JavaThread "C1 CompilerThread8" daemon [_thread_blocked, id=73180, stack(0x0000004367800000,0x0000004367900000)]
  0x000001d07b41a800 JavaThread "C2 CompilerThread7" daemon [_thread_blocked, id=71396, stack(0x0000004367700000,0x0000004367800000)]
  0x000001d07b418800 JavaThread "C2 CompilerThread6" daemon [_thread_blocked, id=63956, stack(0x0000004367600000,0x0000004367700000)]
  0x000001d07b413000 JavaThread "C2 CompilerThread5" daemon [_thread_blocked, id=9264, stack(0x0000004367500000,0x0000004367600000)]
=>0x000001d07b412000 JavaThread "C2 CompilerThread4" daemon [_thread_in_native, id=72708, stack(0x0000004367400000,0x0000004367500000)]
  0x000001d07b411000 JavaThread "C2 CompilerThread3" daemon [_thread_in_native, id=80036, stack(0x0000004367300000,0x0000004367400000)]
  0x000001d07b40b800 JavaThread "C2 CompilerThread2" daemon [_thread_blocked, id=81024, stack(0x0000004367200000,0x0000004367300000)]
  0x000001d07b40f800 JavaThread "C2 CompilerThread1" daemon [_thread_blocked, id=73232, stack(0x0000004367100000,0x0000004367200000)]
  0x000001d07b40e800 JavaThread "C2 CompilerThread0" daemon [_thread_in_native, id=69132, stack(0x0000004367000000,0x0000004367100000)]
  0x000001d07b402000 JavaThread "Attach Listener" daemon [_thread_blocked, id=82304, stack(0x0000004366f00000,0x0000004367000000)]
  0x000001d07b400800 JavaThread "Signal Dispatcher" daemon [_thread_blocked, id=43380, stack(0x0000004366e00000,0x0000004366f00000)]
  0x000001d07b3d9000 JavaThread "Finalizer" daemon [_thread_blocked, id=61308, stack(0x0000004366d00000,0x0000004366e00000)]
  0x000001d07b3ae800 JavaThread "Reference Handler" daemon [_thread_blocked, id=70084, stack(0x0000004366c00000,0x0000004366d00000)]
  0x000001d06974e000 JavaThread "main" [_thread_in_Java, id=80268, stack(0x0000004366a00000,0x0000004366b00000)]

Other Threads:
  0x000001d07b3a6800 VMThread [stack: 0x0000004366b00000,0x0000004366c00000] [id=74724]
  0x000001d07b4e4000 WatcherThread [stack: 0x0000004367d00000,0x0000004367e00000] [id=31828]

VM state:not at safepoint (normal execution)

VM Mutex/Monitor currently owned by a thread: None

heap address: 0x00000000a2400000, size: 1500 MB, Compressed Oops mode: 32-bit
Narrow klass base: 0x0000000000000000, Narrow klass shift: 3
Compressed class space size: 1073741824 Address: 0x0000000100000000

Heap:
 def new generation   total 28864K, used 18557K [0x00000000a2400000, 0x00000000a4350000, 0x00000000c1800000)
  eden space 25664K,  63% used [0x00000000a2400000, 0x00000000a340a330, 0x00000000a3d10000)
  from space 3200K,  66% used [0x00000000a3d10000, 0x00000000a3f252c8, 0x00000000a4030000)
  to   space 3200K,   0% used [0x00000000a4030000, 0x00000000a4030000, 0x00000000a4350000)
 tenured generation   total 64192K, used 5780K [0x00000000c1800000, 0x00000000c56b0000, 0x0000000100000000)
   the space 64192K,   9% used [0x00000000c1800000, 0x00000000c1da5288, 0x00000000c1da5400, 0x00000000c56b0000)
 Metaspace       used 15370K, capacity 15646K, committed 15872K, reserved 1062912K
  class space    used 1620K, capacity 1671K, committed 1792K, reserved 1048576K

Card table byte_map: [0x000001d07a5c0000,0x000001d07a8b0000] byte_map_base: 0x000001d07a0ae000

Polling page: 0x000001d0699c0000

CodeCache: size=245760Kb used=13152Kb max_used=13166Kb free=232607Kb
 bounds [0x000001d06b200000, 0x000001d06bef0000, 0x000001d07a200000]
 total_blobs=3573 nmethods=3198 adapters=285
 compilation: enabled

Compilation events (10 events):
Event: 3.451 Thread 0x000001d07b41a800 3195       4       sun.nio.fs.WindowsFileSystem::getPath (101 bytes)
Event: 3.451 Thread 0x000001d07b40b800 3196       4       java.io.FilePermission::getMask (948 bytes)
Event: 3.451 Thread 0x000001d07b418800 3197       4       java.io.FilePermission$1::run (5 bytes)
Event: 3.451 Thread 0x000001d07b40b800 nmethod 3196 0x000001d06be9a890 code [0x000001d06be9a9c0, 0x000001d06be9aa38]
Event: 3.452 Thread 0x000001d07b40e800 3198   !   4       com.sun.xml.bind.v2.runtime.reflect.opt.Injector::inject (817 bytes)
Event: 3.452 Thread 0x000001d07b41a800 nmethod 3195 0x000001d06beda1d0 code [0x000001d06beda320, 0x000001d06beda488]
Event: 3.455 Thread 0x000001d07b413000 3199       4       java.util.regex.Pattern$BranchConn::match (11 bytes)
Event: 3.456 Thread 0x000001d07b413000 nmethod 3199 0x000001d06bec3410 code [0x000001d06bec3540, 0x000001d06bec35b8]
Event: 3.457 Thread 0x000001d07b40f800 3200       4       java.util.Collections$UnmodifiableMap$UnmodifiableEntrySet$UnmodifiableEntry::getValue (10 bytes)
Event: 3.457 Thread 0x000001d07b40f800 nmethod 3200 0x000001d06bed9f10 code [0x000001d06beda060, 0x000001d06beda0f8]

GC Heap History (10 events):
Event: 2.872 GC heap before
{Heap before GC invocations=9 (full 0):
 def new generation   total 28864K, used 27744K [0x00000000a2400000, 0x00000000a4350000, 0x00000000c1800000)
  eden space 25664K, 100% used [0x00000000a2400000, 0x00000000a3d10000, 0x00000000a3d10000)
  from space 3200K,  65% used [0x00000000a4030000, 0x00000000a4238270, 0x00000000a4350000)
  to   space 3200K,   0% used [0x00000000a3d10000, 0x00000000a3d10000, 0x00000000a4030000)
 tenured generation   total 64192K, used 5282K [0x00000000c1800000, 0x00000000c56b0000, 0x0000000100000000)
   the space 64192K,   8% used [0x00000000c1800000, 0x00000000c1d28b98, 0x00000000c1d28c00, 0x00000000c56b0000)
 Metaspace       used 15320K, capacity 15576K, committed 15872K, reserved 1062912K
  class space    used 1619K, capacity 1670K, committed 1792K, reserved 1048576K
Event: 2.876 GC heap after
Heap after GC invocations=10 (full 0):
 def new generation   total 28864K, used 2090K [0x00000000a2400000, 0x00000000a4350000, 0x00000000c1800000)
  eden space 25664K,   0% used [0x00000000a2400000, 0x00000000a2400000, 0x00000000a3d10000)
  from space 3200K,  65% used [0x00000000a3d10000, 0x00000000a3f1a880, 0x00000000a4030000)
  to   space 3200K,   0% used [0x00000000a4030000, 0x00000000a4030000, 0x00000000a4350000)
 tenured generation   total 64192K, used 5383K [0x00000000c1800000, 0x00000000c56b0000, 0x0000000100000000)
   the space 64192K,   8% used [0x00000000c1800000, 0x00000000c1d41cd0, 0x00000000c1d41e00, 0x00000000c56b0000)
 Metaspace       used 15320K, capacity 15576K, committed 15872K, reserved 1062912K
  class space    used 1619K, capacity 1670K, committed 1792K, reserved 1048576K
}
Event: 3.000 GC heap before
{Heap before GC invocations=10 (full 0):
 def new generation   total 28864K, used 27754K [0x00000000a2400000, 0x00000000a4350000, 0x00000000c1800000)
  eden space 25664K, 100% used [0x00000000a2400000, 0x00000000a3d10000, 0x00000000a3d10000)
  from space 3200K,  65% used [0x00000000a3d10000, 0x00000000a3f1a880, 0x00000000a4030000)
  to   space 3200K,   0% used [0x00000000a4030000, 0x00000000a4030000, 0x00000000a4350000)
 tenured generation   total 64192K, used 5383K [0x00000000c1800000, 0x00000000c56b0000, 0x0000000100000000)
   the space 64192K,   8% used [0x00000000c1800000, 0x00000000c1d41cd0, 0x00000000c1d41e00, 0x00000000c56b0000)
 Metaspace       used 15321K, capacity 15576K, committed 15872K, reserved 1062912K
  class space    used 1619K, capacity 1670K, committed 1792K, reserved 1048576K
Event: 3.003 GC heap after
Heap after GC invocations=11 (full 0):
 def new generation   total 28864K, used 2099K [0x00000000a2400000, 0x00000000a4350000, 0x00000000c1800000)
  eden space 25664K,   0% used [0x00000000a2400000, 0x00000000a2400000, 0x00000000a3d10000)
  from space 3200K,  65% used [0x00000000a4030000, 0x00000000a423cd38, 0x00000000a4350000)
  to   space 3200K,   0% used [0x00000000a3d10000, 0x00000000a3d10000, 0x00000000a4030000)
 tenured generation   total 64192K, used 5499K [0x00000000c1800000, 0x00000000c56b0000, 0x0000000100000000)
   the space 64192K,   8% used [0x00000000c1800000, 0x00000000c1d5eeb8, 0x00000000c1d5f000, 0x00000000c56b0000)
 Metaspace       used 15321K, capacity 15576K, committed 15872K, reserved 1062912K
  class space    used 1619K, capacity 1670K, committed 1792K, reserved 1048576K
}
Event: 3.117 GC heap before
{Heap before GC invocations=11 (full 0):
 def new generation   total 28864K, used 27763K [0x00000000a2400000, 0x00000000a4350000, 0x00000000c1800000)
  eden space 25664K, 100% used [0x00000000a2400000, 0x00000000a3d10000, 0x00000000a3d10000)
  from space 3200K,  65% used [0x00000000a4030000, 0x00000000a423cd38, 0x00000000a4350000)
  to   space 3200K,   0% used [0x00000000a3d10000, 0x00000000a3d10000, 0x00000000a4030000)
 tenured generation   total 64192K, used 5499K [0x00000000c1800000, 0x00000000c56b0000, 0x0000000100000000)
   the space 64192K,   8% used [0x00000000c1800000, 0x00000000c1d5eeb8, 0x00000000c1d5f000, 0x00000000c56b0000)
 Metaspace       used 15334K, capacity 15576K, committed 15872K, reserved 1062912K
  class space    used 1619K, capacity 1670K, committed 1792K, reserved 1048576K
Event: 3.120 GC heap after
Heap after GC invocations=12 (full 0):
 def new generation   total 28864K, used 2073K [0x00000000a2400000, 0x00000000a4350000, 0x00000000c1800000)
  eden space 25664K,   0% used [0x00000000a2400000, 0x00000000a2400000, 0x00000000a3d10000)
  from space 3200K,  64% used [0x00000000a3d10000, 0x00000000a3f16770, 0x00000000a4030000)
  to   space 3200K,   0% used [0x00000000a4030000, 0x00000000a4030000, 0x00000000a4350000)
 tenured generation   total 64192K, used 5573K [0x00000000c1800000, 0x00000000c56b0000, 0x0000000100000000)
   the space 64192K,   8% used [0x00000000c1800000, 0x00000000c1d71470, 0x00000000c1d71600, 0x00000000c56b0000)
 Metaspace       used 15334K, capacity 15576K, committed 15872K, reserved 1062912K
  class space    used 1619K, capacity 1670K, committed 1792K, reserved 1048576K
}
Event: 3.236 GC heap before
{Heap before GC invocations=12 (full 0):
 def new generation   total 28864K, used 27737K [0x00000000a2400000, 0x00000000a4350000, 0x00000000c1800000)
  eden space 25664K, 100% used [0x00000000a2400000, 0x00000000a3d10000, 0x00000000a3d10000)
  from space 3200K,  64% used [0x00000000a3d10000, 0x00000000a3f16770, 0x00000000a4030000)
  to   space 3200K,   0% used [0x00000000a4030000, 0x00000000a4030000, 0x00000000a4350000)
 tenured generation   total 64192K, used 5573K [0x00000000c1800000, 0x00000000c56b0000, 0x0000000100000000)
   the space 64192K,   8% used [0x00000000c1800000, 0x00000000c1d71470, 0x00000000c1d71600, 0x00000000c56b0000)
 Metaspace       used 15346K, capacity 15582K, committed 15872K, reserved 1062912K
  class space    used 1620K, capacity 1671K, committed 1792K, reserved 1048576K
Event: 3.241 GC heap after
Heap after GC invocations=13 (full 0):
 def new generation   total 28864K, used 2071K [0x00000000a2400000, 0x00000000a4350000, 0x00000000c1800000)
  eden space 25664K,   0% used [0x00000000a2400000, 0x00000000a2400000, 0x00000000a3d10000)
  from space 3200K,  64% used [0x00000000a4030000, 0x00000000a4235fc0, 0x00000000a4350000)
  to   space 3200K,   0% used [0x00000000a3d10000, 0x00000000a3d10000, 0x00000000a4030000)
 tenured generation   total 64192K, used 5661K [0x00000000c1800000, 0x00000000c56b0000, 0x0000000100000000)
   the space 64192K,   8% used [0x00000000c1800000, 0x00000000c1d87570, 0x00000000c1d87600, 0x00000000c56b0000)
 Metaspace       used 15346K, capacity 15582K, committed 15872K, reserved 1062912K
  class space    used 1620K, capacity 1671K, committed 1792K, reserved 1048576K
}
Event: 3.387 GC heap before
{Heap before GC invocations=13 (full 0):
 def new generation   total 28864K, used 27735K [0x00000000a2400000, 0x00000000a4350000, 0x00000000c1800000)
  eden space 25664K, 100% used [0x00000000a2400000, 0x00000000a3d10000, 0x00000000a3d10000)
  from space 3200K,  64% used [0x00000000a4030000, 0x00000000a4235fc0, 0x00000000a4350000)
  to   space 3200K,   0% used [0x00000000a3d10000, 0x00000000a3d10000, 0x00000000a4030000)
 tenured generation   total 64192K, used 5661K [0x00000000c1800000, 0x00000000c56b0000, 0x0000000100000000)
   the space 64192K,   8% used [0x00000000c1800000, 0x00000000c1d87570, 0x00000000c1d87600, 0x00000000c56b0000)
 Metaspace       used 15366K, capacity 15646K, committed 15872K, reserved 1062912K
  class space    used 1620K, capacity 1671K, committed 1792K, reserved 1048576K
Event: 3.391 GC heap after
Heap after GC invocations=14 (full 0):
 def new generation   total 28864K, used 2132K [0x00000000a2400000, 0x00000000a4350000, 0x00000000c1800000)
  eden space 25664K,   0% used [0x00000000a2400000, 0x00000000a2400000, 0x00000000a3d10000)
  from space 3200K,  66% used [0x00000000a3d10000, 0x00000000a3f252c8, 0x00000000a4030000)
  to   space 3200K,   0% used [0x00000000a4030000, 0x00000000a4030000, 0x00000000a4350000)
 tenured generation   total 64192K, used 5780K [0x00000000c1800000, 0x00000000c56b0000, 0x0000000100000000)
   the space 64192K,   9% used [0x00000000c1800000, 0x00000000c1da5288, 0x00000000c1da5400, 0x00000000c56b0000)
 Metaspace       used 15366K, capacity 15646K, committed 15872K, reserved 1062912K
  class space    used 1620K, capacity 1671K, committed 1792K, reserved 1048576K
}

Deoptimization events (10 events):
Event: 1.671 Thread 0x000001d06974e000 Uncommon trap: reason=unstable_if action=reinterpret pc=0x000001d06ba72838 method=com.sun.org.apache.xerces.internal.impl.XMLEntityScanner.peekChar()I @ 14
Event: 1.679 Thread 0x000001d06974e000 Uncommon trap: reason=unstable_if action=reinterpret pc=0x000001d06b71d31c method=java.io.WinNTFileSystem.normalize(Ljava/lang/String;)Ljava/lang/String; @ 128
Event: 1.685 Thread 0x000001d06974e000 Uncommon trap: reason=bimorphic action=maybe_recompile pc=0x000001d06b9b76c8 method=java.util.AbstractList$Itr.hasNext()Z @ 8
Event: 1.685 Thread 0x000001d06974e000 Uncommon trap: reason=bimorphic action=maybe_recompile pc=0x000001d06ba6344c method=java.util.AbstractList$Itr.next()Ljava/lang/Object; @ 14
Event: 2.183 Thread 0x000001d06974e000 Uncommon trap: reason=class_check action=maybe_recompile pc=0x000001d06ba92410 method=java.io.FilterInputStream.read([BII)I @ 7
Event: 2.183 Thread 0x000001d06974e000 Uncommon trap: reason=class_check action=maybe_recompile pc=0x000001d06ba92410 method=java.io.FilterInputStream.read([BII)I @ 7
Event: 2.183 Thread 0x000001d06974e000 Uncommon trap: reason=class_check action=maybe_recompile pc=0x000001d06ba92410 method=java.io.FilterInputStream.read([BII)I @ 7
Event: 2.184 Thread 0x000001d06974e000 Uncommon trap: reason=class_check action=maybe_recompile pc=0x000001d06ba92410 method=java.io.FilterInputStream.read([BII)I @ 7
Event: 2.724 Thread 0x000001d07b3d9000 Uncommon trap: reason=unstable_if action=reinterpret pc=0x000001d06bd97678 method=java.lang.ref.Finalizer.remove()V @ 10
Event: 2.876 Thread 0x000001d07b3d9000 Uncommon trap: reason=unstable_if action=reinterpret pc=0x000001d06bdb3320 method=java.lang.ref.Finalizer.remove()V @ 10

Classes redefined (0 events):
No events

Internal exceptions (10 events):
Event: 3.396 Thread 0x000001d06974e000 Exception <a 'java/lang/ClassNotFoundException': com/sun/org/glassfish/hk2/osgiresourcelocator/ServiceLoader> (0x00000000a2516e00) thrown at [C:\workspace\openjdk-build\workspace\build\src\hotspot\src\share\vm\classfile\systemDictionary.cpp, line 217]
Event: 3.402 Thread 0x000001d06974e000 Exception <a 'java/lang/ClassNotFoundException': com/sun/org/glassfish/hk2/osgiresourcelocator/ServiceLoader> (0x00000000a2687868) thrown at [C:\workspace\openjdk-build\workspace\build\src\hotspot\src\share\vm\classfile\systemDictionary.cpp, line 217]
Event: 3.408 Thread 0x000001d06974e000 Exception <a 'java/lang/ClassNotFoundException': com/sun/org/glassfish/hk2/osgiresourcelocator/ServiceLoader> (0x00000000a27fbcc0) thrown at [C:\workspace\openjdk-build\workspace\build\src\hotspot\src\share\vm\classfile\systemDictionary.cpp, line 217]
Event: 3.414 Thread 0x000001d06974e000 Exception <a 'java/lang/ClassNotFoundException': com/sun/org/glassfish/hk2/osgiresourcelocator/ServiceLoader> (0x00000000a296b728) thrown at [C:\workspace\openjdk-build\workspace\build\src\hotspot\src\share\vm\classfile\systemDictionary.cpp, line 217]
Event: 3.420 Thread 0x000001d06974e000 Exception <a 'java/lang/ClassNotFoundException': com/sun/org/glassfish/hk2/osgiresourcelocator/ServiceLoader> (0x00000000a2ad9dc0) thrown at [C:\workspace\openjdk-build\workspace\build\src\hotspot\src\share\vm\classfile\systemDictionary.cpp, line 217]
Event: 3.426 Thread 0x000001d06974e000 Exception <a 'java/lang/ClassNotFoundException': com/sun/org/glassfish/hk2/osgiresourcelocator/ServiceLoader> (0x00000000a2c476c0) thrown at [C:\workspace\openjdk-build\workspace\build\src\hotspot\src\share\vm\classfile\systemDictionary.cpp, line 217]
Event: 3.432 Thread 0x000001d06974e000 Exception <a 'java/lang/ClassNotFoundException': com/sun/org/glassfish/hk2/osgiresourcelocator/ServiceLoader> (0x00000000a2db5230) thrown at [C:\workspace\openjdk-build\workspace\build\src\hotspot\src\share\vm\classfile\systemDictionary.cpp, line 217]
Event: 3.438 Thread 0x000001d06974e000 Exception <a 'java/lang/ClassNotFoundException': com/sun/org/glassfish/hk2/osgiresourcelocator/ServiceLoader> (0x00000000a2f22cc8) thrown at [C:\workspace\openjdk-build\workspace\build\src\hotspot\src\share\vm\classfile\systemDictionary.cpp, line 217]
Event: 3.448 Thread 0x000001d06974e000 Exception <a 'java/lang/ClassNotFoundException': com/sun/org/glassfish/hk2/osgiresourcelocator/ServiceLoader> (0x00000000a3090438) thrown at [C:\workspace\openjdk-build\workspace\build\src\hotspot\src\share\vm\classfile\systemDictionary.cpp, line 217]
Event: 3.456 Thread 0x000001d06974e000 Exception <a 'java/lang/ClassNotFoundException': com/sun/org/glassfish/hk2/osgiresourcelocator/ServiceLoader> (0x00000000a31fd2f8) thrown at [C:\workspace\openjdk-build\workspace\build\src\hotspot\src\share\vm\classfile\systemDictionary.cpp, line 217]

Events (10 events):
Event: 3.450 loading class java/lang/ObjectFactory
Event: 3.450 loading class java/lang/ObjectFactory done
Event: 3.456 loading class com/sun/org/glassfish/hk2/osgiresourcelocator/ServiceLoader
Event: 3.456 loading class com/sun/org/glassfish/hk2/osgiresourcelocator/ServiceLoader done
Event: 3.457 loading class java/lang/ObjectFactory
Event: 3.457 loading class java/lang/ObjectFactory done
Event: 3.458 loading class java/lang/ObjectFactory
Event: 3.458 loading class java/lang/ObjectFactory done
Event: 3.458 loading class java/lang/ObjectFactory
Event: 3.458 loading class java/lang/ObjectFactory done


Dynamic libraries:
0x00007ff6aabe0000 - 0x00007ff6aac31000 	C:\intelfpga_lite\23.1std\quartus\bin64\jre64\bin\java.exe
0x00007ffa12290000 - 0x00007ffa124a7000 	C:\WINDOWS\SYSTEM32\ntdll.dll
0x00007ffa10900000 - 0x00007ffa109c4000 	C:\WINDOWS\System32\KERNEL32.DLL
0x00007ffa0f850000 - 0x00007ffa0fbfd000 	C:\WINDOWS\System32\KERNELBASE.dll
0x00007ffa10620000 - 0x00007ffa106d2000 	C:\WINDOWS\System32\ADVAPI32.dll
0x00007ffa10740000 - 0x00007ffa107e7000 	C:\WINDOWS\System32\msvcrt.dll
0x00007ffa104f0000 - 0x00007ffa10599000 	C:\WINDOWS\System32\sechost.dll
0x00007ffa0fd20000 - 0x00007ffa0fd48000 	C:\WINDOWS\System32\bcrypt.dll
0x00007ffa10270000 - 0x00007ffa10384000 	C:\WINDOWS\System32\RPCRT4.dll
0x00007ffa11b60000 - 0x00007ffa11d0e000 	C:\WINDOWS\System32\USER32.dll
0x00007ffa0fe70000 - 0x00007ffa0fe96000 	C:\WINDOWS\System32\win32u.dll
0x00007ffa10810000 - 0x00007ffa10839000 	C:\WINDOWS\System32\GDI32.dll
0x00007ffa0fea0000 - 0x00007ffa0ffb9000 	C:\WINDOWS\System32\gdi32full.dll
0x00007ffa0fd50000 - 0x00007ffa0fdea000 	C:\WINDOWS\System32\msvcp_win.dll
0x00007ffa0fc00000 - 0x00007ffa0fd11000 	C:\WINDOWS\System32\ucrtbase.dll
0x00007ff9f0f30000 - 0x00007ff9f11c3000 	C:\WINDOWS\WinSxS\amd64_microsoft.windows.common-controls_6595b64144ccf1df_6.0.22621.3672_none_2713b9d173822955\COMCTL32.dll
0x00007ffa0ffc0000 - 0x00007ffa0fff1000 	C:\WINDOWS\System32\IMM32.DLL
0x00007ff9fb860000 - 0x00007ff9fb875000 	C:\intelfpga_lite\23.1std\quartus\bin64\jre64\bin\vcruntime140.dll
0x00007ff9cc6f0000 - 0x00007ff9cc78b000 	C:\intelfpga_lite\23.1std\quartus\bin64\jre64\bin\msvcp140.dll
0x0000000058e90000 - 0x00000000596e9000 	C:\intelfpga_lite\23.1std\quartus\bin64\jre64\bin\server\jvm.dll
0x00007ffa12240000 - 0x00007ffa12248000 	C:\WINDOWS\System32\PSAPI.DLL
0x00007ffa05ea0000 - 0x00007ffa05eaa000 	C:\WINDOWS\SYSTEM32\VERSION.dll
0x00007ff9fbb00000 - 0x00007ff9fbb09000 	C:\WINDOWS\SYSTEM32\WSOCK32.dll
0x00007ffa09c50000 - 0x00007ffa09c84000 	C:\WINDOWS\SYSTEM32\WINMM.dll
0x00007ffa105a0000 - 0x00007ffa10611000 	C:\WINDOWS\System32\WS2_32.dll
0x00007ffa0e5b0000 - 0x00007ffa0e5c8000 	C:\WINDOWS\SYSTEM32\kernel.appcore.dll
0x00007ff9fb7a0000 - 0x00007ff9fb7b0000 	C:\intelfpga_lite\23.1std\quartus\bin64\jre64\bin\verify.dll
0x00007ff9f2e30000 - 0x00007ff9f2e5b000 	C:\intelfpga_lite\23.1std\quartus\bin64\jre64\bin\java.dll
0x00007ff9eec60000 - 0x00007ff9eec78000 	C:\intelfpga_lite\23.1std\quartus\bin64\jre64\bin\zip.dll
0x00007ffa10ee0000 - 0x00007ffa11748000 	C:\WINDOWS\System32\SHELL32.dll
0x00007ffa0d4b0000 - 0x00007ffa0ddae000 	C:\WINDOWS\SYSTEM32\windows.storage.dll
0x00007ffa109d0000 - 0x00007ffa10d5d000 	C:\WINDOWS\System32\combase.dll
0x00007ffa0d370000 - 0x00007ffa0d4af000 	C:\WINDOWS\SYSTEM32\wintypes.dll
0x00007ffa10d60000 - 0x00007ffa10e59000 	C:\WINDOWS\System32\SHCORE.dll
0x00007ffa106e0000 - 0x00007ffa1073e000 	C:\WINDOWS\System32\shlwapi.dll
0x00007ffa0f4e0000 - 0x00007ffa0f501000 	C:\WINDOWS\SYSTEM32\profapi.dll
0x00007ff9f8e60000 - 0x00007ff9f8e66000 	C:\intelFPGA_lite\23.1std\quartus\bin64\sld_utiljni.dll
0x00007ff9bcac0000 - 0x00007ff9bcbd3000 	C:\intelFPGA_lite\23.1std\quartus\bin64\sld_filejni.dll
0x00007ffa11a60000 - 0x00007ffa11b37000 	C:\WINDOWS\System32\OLEAUT32.dll
0x00007ffa118b0000 - 0x00007ffa11a55000 	C:\WINDOWS\System32\ole32.dll
0x00007ffa117b0000 - 0x00007ffa118af000 	C:\WINDOWS\System32\COMDLG32.dll
0x00007ffa0a8c0000 - 0x00007ffa0a8df000 	C:\WINDOWS\SYSTEM32\dhcpcsvc.DLL
0x00007ff9fb680000 - 0x00007ff9fb699000 	C:\WINDOWS\SYSTEM32\NETAPI32.dll
0x00000000596f0000 - 0x000000005987a000 	C:\intelFPGA_lite\23.1std\quartus\bin64\tcl86.dll
0x00007ff9f87b0000 - 0x00007ff9f87c9000 	C:\WINDOWS\SYSTEM32\SAMCLI.DLL
0x00007ffa0e000000 - 0x00007ffa0e00c000 	C:\WINDOWS\SYSTEM32\NETUTILS.DLL
0x00007ff9f8270000 - 0x00007ff9f82b4000 	C:\WINDOWS\SYSTEM32\LOGONCLI.DLL
0x00007ff9fbae0000 - 0x00007ff9fbaea000 	C:\intelFPGA_lite\23.1std\quartus\bin64\tcl_jni_bridge.dll
0x00007ffa0ecc0000 - 0x00007ffa0ecdb000 	C:\WINDOWS\SYSTEM32\CRYPTSP.dll
0x00007ffa0e510000 - 0x00007ffa0e545000 	C:\WINDOWS\system32\rsaenh.dll
0x00007ffa0eb50000 - 0x00007ffa0eb78000 	C:\WINDOWS\SYSTEM32\USERENV.dll
0x00007ffa0fdf0000 - 0x00007ffa0fe6b000 	C:\WINDOWS\System32\bcryptprimitives.dll
0x00007ffa0ecb0000 - 0x00007ffa0ecbc000 	C:\WINDOWS\SYSTEM32\CRYPTBASE.dll
0x00007ff9ecf50000 - 0x00007ff9ecf6c000 	C:\intelFPGA_lite\23.1std\quartus\bin64\jre64\bin\net.dll
0x00007ffa0ea30000 - 0x00007ffa0ea99000 	C:\WINDOWS\system32\mswsock.dll
0x00007ffa0e050000 - 0x00007ffa0e07d000 	C:\WINDOWS\SYSTEM32\IPHLPAPI.DLL
0x00007ffa101d0000 - 0x00007ffa101d9000 	C:\WINDOWS\System32\NSI.dll
0x00007ffa0a8f0000 - 0x00007ffa0a909000 	C:\WINDOWS\SYSTEM32\dhcpcsvc6.DLL
0x00007ffa0e0d0000 - 0x00007ffa0e1c8000 	C:\WINDOWS\SYSTEM32\DNSAPI.dll
0x00007ff9ecd60000 - 0x00007ff9ecd73000 	C:\intelFPGA_lite\23.1std\quartus\bin64\jre64\bin\nio.dll
0x00007ff9c3ba0000 - 0x00007ff9c3cd0000 	C:\intelFPGA_lite\23.1std\quartus\bin64\ccl_sqlite3.dll
0x00007ff9d2dd0000 - 0x00007ff9d2de2000 	C:\intelFPGA_lite\23.1std\quartus\bin64\ccl_sqlite3_jdbc_jni_bridge.dll

VM Arguments:
jvm_args: -Xmx1500M -XX:+UseSerialGC 
java_command: com.altera.sopcmodel.sbtools.sbcatalog.SbCatalog --xml --project-directory= --search-path=C:/Users/thiag/Documents/New_Ic/,C:\Users\thiag\Documents\New_Ic
java_class_path (initial): C:/intelfpga_lite/23.1std/quartus/sopc_builder/model/lib\Nlview.jar;C:/intelfpga_lite/23.1std/quartus/sopc_builder/model/lib\TableLayout.jar;C:/intelfpga_lite/23.1std/quartus/sopc_builder/model/lib\appframework-1.03.jar;C:/intelfpga_lite/23.1std/quartus/sopc_builder/model/lib\asm-3.1.jar;C:/intelfpga_lite/23.1std/quartus/sopc_builder/model/lib\asm-commons-3.1.jar;C:/intelfpga_lite/23.1std/quartus/sopc_builder/model/lib\basicmodel.jar;C:/intelfpga_lite/23.1std/quartus/sopc_builder/model/lib\beansbinding-1.2.1.jar;C:/intelfpga_lite/23.1std/quartus/sopc_builder/model/lib\binding-2.0.6.jar;C:/intelfpga_lite/23.1std/quartus/sopc_builder/model/lib\com.altera.componenteditor2.jar;C:/intelfpga_lite/23.1std/quartus/sopc_builder/model/lib\com.altera.embeddedsw.app_lib.jar;C:/intelfpga_lite/23.1std/quartus/sopc_builder/model/lib\com.altera.embeddedsw.bsp.editor.jar;C:/intelfpga_lite/23.1std/quartus/sopc_builder/model/lib\com.altera.embeddedsw.bsp.elements.jar;C:/intelfpga_lite/23.1std/quartus/sopc_builder/model/lib\com.altera.embeddedsw.bsp.jar;C:/intelfpga_lite/23.1std/quartus/sopc_builder/model/lib\com.altera.embeddedsw.bsp.plugin.core.jar;C:/intelfpga_lite/23.1std/quartus/sopc_builder/model/lib\com.altera.embeddedsw.bsp.plugin.hal.jar;C:/intelfpga_lite/23.1std/quartus/sopc_builder/model/lib\com.altera.embeddedsw.bsp.plugin.lwhal.jar;C:/intelfpga_lite/23.1std/quartus/sopc_builder/model/lib\com.altera.embeddedsw.bsp.schema.jar;C:/intelfpga_lite/23.1std/quartus/sopc_builder/model/lib\com.altera.embeddedsw.bsp.scripting.jar;C:/intelfpga_lite/23.1std/quartus/sopc_builder/model/lib\com.altera.embeddedsw.commandline.jar;C:/intelfpga_lite/23.1std/quartus/sopc_builder/model/lib\com.altera.embeddedsw.cpexample.jar;C:/intelfpga_lite/23.1std/quartus/sopc_builder/model/lib\com.altera.embeddedsw.flash.jar;C:/intelfpga_lite/23.1std/quartus/sopc_builder/model/lib\com.altera.embeddedsw.launch.jar;C:/intelfpga_lite/23.1std/quartus/sopc_builder/model/lib\com.alter
Launcher Type: SUN_STANDARD

Environment Variables:
PATH=C:/intelfpga_lite/23.1std/quartus/bin64;c:\intelfpga_lite\23.1std\quartus\bin64\;c:\intelfpga_lite\23.1std\quartus\bin64\;C:\Program Files\Common Files\Oracle\Java\javapath;C:\Program Files (x86)\Common Files\Oracle\Java\javapath;C:\WINDOWS\system32;C:\WINDOWS;C:\WINDOWS\System32\Wbem;C:\WINDOWS\System32\WindowsPowerShell\v1.0\;C:\WINDOWS\System32\OpenSSH\;C:\Program Files\Git\cmd;C:\Program Files\Docker\Docker\resources\bin;C:\Program Files\nodejs\;C:\Users\thiag\AppData\Local\Programs\Python\Launcher\;C:\Users\thiag\AppData\Local\Microsoft\WindowsApps;C:\Users\thiag\AppData\Local\Programs\Microsoft VS Code\bin;C:\Users\thiag\AppData\Local\GitHubDesktop\bin;C:\Users\thiag\AppData\Local\Microsoft\WinGet\Links;C:\Users\thiag\AppData\Roaming\npm;C:\intelFPGA_lite\23.1std\questa_fse\win64
USERNAME=thiag
OS=Windows_NT
PROCESSOR_IDENTIFIER=AMD64 Family 23 Model 104 Stepping 1, AuthenticAMD



---------------  S Y S T E M  ---------------

OS: Windows 11 , 64 bit Build 22621 (10.0.22621.3958)

CPU:total 16 (initial active 16) (16 cores per cpu, 1 threads per core) family 23 model 104 stepping 1, cmov, cx8, fxsr, mmx, sse, sse2, sse3, ssse3, sse4.1, sse4.2, popcnt, avx, avx2, aes, clmul, mmxext, 3dnowpref, lzcnt, sse4a, tsc, tscinvbit, tscinv, bmi1

Memory: 4k page, physical 6133240k(216052k free), swap 25007608k(5368k free)

vm_info: OpenJDK 64-Bit Server VM (25.392-b08) for windows-amd64 JRE (1.8.0_392-b08), built on Oct 18 2023 01:02:03 by "jenkins" with MS VC++ 15.9 (VS2017)

time: Sat Sep  7 15:56:19 2024
timezone: Hora Padrão da Bahia
elapsed time: 3.469670 seconds (0d 0h 0m 3s)

