#
# There is insufficient memory for the Java Runtime Environment to continue.
# Native memory allocation (malloc) failed to allocate 1048576 bytes for AllocateHeap
# Possible reasons:
#   The system is out of physical RAM or swap space
#   The process is running with CompressedOops enabled, and the Java Heap may be blocking the growth of the native heap
# Possible solutions:
#   Reduce memory load on the system
#   Increase physical memory or swap space
#   Check if swap backing store is full
#   Decrease Java heap size (-Xmx/-Xms)
#   Decrease number of Java threads
#   Decrease Java thread stack sizes (-Xss)
#   Set larger code cache with -XX:ReservedCodeCacheSize=
#   JVM is running with Unscaled Compressed Oops mode in which the Java heap is
#     placed in the first 4GB address space. The Java Heap base address is the
#     maximum limit for the native heap growth. Please use -XX:HeapBaseMinAddress
#     to set the Java Heap base and to place the Java Heap above 4GB virtual address.
# This output file may be truncated or incomplete.
#
#  Out of Memory Error (memory/allocation.inline.hpp:61), pid=106368, tid=0x0000000000016020
#
# JRE version:  (8.0_392-b08) (build )
# Java VM: OpenJDK 64-Bit Server VM (25.392-b08 mixed mode windows-amd64 compressed oops)
# Failed to write core dump. Minidumps are not enabled by default on client versions of Windows
#

---------------  T H R E A D  ---------------

Current thread (0x000001f9de997000):  JavaThread "Unknown thread" [_thread_in_vm, id=90144, stack(0x0000001915900000,0x0000001915a00000)]

Stack: [0x0000001915900000,0x0000001915a00000]
[error occurred during error reporting (printing stack bounds), id 0xc0000005]

Native frames: (J=compiled Java code, j=interpreted, Vv=VM code, C=native code)


---------------  P R O C E S S  ---------------

Java Threads: ( => current thread )

Other Threads:

=>0x000001f9de997000 (exited) JavaThread "Unknown thread" [_thread_in_vm, id=90144, stack(0x0000001915900000,0x0000001915a00000)]

VM state:not at safepoint (normal execution)

VM Mutex/Monitor currently owned by a thread: None

heap address: 0x00000000a2600000, size: 1498 MB, Compressed Oops mode: 32-bit
Narrow klass base: 0x0000000000000000, Narrow klass shift: 3
Compressed class space size: 1073741824 Address: 0x0000000100000000

Heap:
 PSYoungGen      total 28160K, used 491K [0x00000000e0d00000, 0x00000000e2c00000, 0x0000000100000000)
  eden space 24576K, 2% used [0x00000000e0d00000,0x00000000e0d7ae20,0x00000000e2500000)
  from space 3584K, 0% used [0x00000000e2880000,0x00000000e2880000,0x00000000e2c00000)
  to   space 3584K, 0% used [0x00000000e2500000,0x00000000e2500000,0x00000000e2880000)
 ParOldGen       total 64512K, used 0K [0x00000000a2600000, 0x00000000a6500000, 0x00000000e0d00000)
  object space 64512K, 0% used [0x00000000a2600000,0x00000000a2600000,0x00000000a6500000)
 Metaspace       used 779K, capacity 4480K, committed 4480K, reserved 1056768K
  class space    used 76K, capacity 384K, committed 384K, reserved 1048576K

Card table byte_map: [0x000001f9ef710000,0x000001f9efa00000] byte_map_base: 0x000001f9ef1fd000

Marking Bits: (ParMarkBitMap*) 0x0000000069fa0830
 Begin Bits: [0x000001f9efc00000, 0x000001f9f1368000)
 End Bits:   [0x000001f9f1368000, 0x000001f9f2ad0000)

Polling page: 0x000001f9deb30000

CodeCache: size=245760Kb used=327Kb max_used=327Kb free=245432Kb
 bounds [0x000001f9e0350000, 0x000001f9e05c0000, 0x000001f9ef350000]
 total_blobs=56 nmethods=0 adapters=38
 compilation: enabled

Compilation events (0 events):
No events

GC Heap History (0 events):
No events

Deoptimization events (0 events):
No events

Classes redefined (0 events):
No events

Internal exceptions (0 events):
No events

Events (10 events):
Event: 0.077 loading class java/lang/Short
Event: 0.077 loading class java/lang/Short done
Event: 0.077 loading class java/lang/Integer
Event: 0.078 loading class java/lang/Integer done
Event: 0.078 loading class java/lang/Long
Event: 0.078 loading class java/lang/Long done
Event: 0.079 loading class java/lang/NullPointerException
Event: 0.079 loading class java/lang/NullPointerException done
Event: 0.079 loading class java/lang/ArithmeticException
Event: 0.079 loading class java/lang/ArithmeticException done


Dynamic libraries:
0x00007ff723b30000 - 0x00007ff723b81000 	C:\intelfpga_lite\23.1std\quartus\bin64\jre64\bin\java.exe
0x00007ffa42370000 - 0x00007ffa42587000 	C:\WINDOWS\SYSTEM32\ntdll.dll
0x00007ffa40e00000 - 0x00007ffa40ec4000 	C:\WINDOWS\System32\KERNEL32.DLL
0x00007ffa3fbe0000 - 0x00007ffa3ff8d000 	C:\WINDOWS\System32\KERNELBASE.dll
0x00007ffa40380000 - 0x00007ffa40432000 	C:\WINDOWS\System32\ADVAPI32.dll
0x00007ffa41fe0000 - 0x00007ffa42087000 	C:\WINDOWS\System32\msvcrt.dll
0x00007ffa40d40000 - 0x00007ffa40de9000 	C:\WINDOWS\System32\sechost.dll
0x00007ffa3fbb0000 - 0x00007ffa3fbd8000 	C:\WINDOWS\System32\bcrypt.dll
0x00007ffa40260000 - 0x00007ffa40374000 	C:\WINDOWS\System32\RPCRT4.dll
0x00007ffa400b0000 - 0x00007ffa4025e000 	C:\WINDOWS\System32\USER32.dll
0x00007ffa3fa60000 - 0x00007ffa3fa86000 	C:\WINDOWS\System32\win32u.dll
0x00007ffa40d10000 - 0x00007ffa40d39000 	C:\WINDOWS\System32\GDI32.dll
0x00007ffa3f6a0000 - 0x00007ffa3f7b9000 	C:\WINDOWS\System32\gdi32full.dll
0x00007ffa3ff90000 - 0x00007ffa4002a000 	C:\WINDOWS\System32\msvcp_win.dll
0x00007ffa3fa90000 - 0x00007ffa3fba1000 	C:\WINDOWS\System32\ucrtbase.dll
0x00007ffa21b80000 - 0x00007ffa21e13000 	C:\WINDOWS\WinSxS\amd64_microsoft.windows.common-controls_6595b64144ccf1df_6.0.22621.3672_none_2713b9d173822955\COMCTL32.dll
0x00007ffa42240000 - 0x00007ffa42271000 	C:\WINDOWS\System32\IMM32.DLL
0x00007ffa31b50000 - 0x00007ffa31b65000 	C:\intelfpga_lite\23.1std\quartus\bin64\jre64\bin\vcruntime140.dll
0x00007ff9e1800000 - 0x00007ff9e189b000 	C:\intelfpga_lite\23.1std\quartus\bin64\jre64\bin\msvcp140.dll
0x00000000697c0000 - 0x000000006a019000 	C:\intelfpga_lite\23.1std\quartus\bin64\jre64\bin\server\jvm.dll
0x00007ffa41350000 - 0x00007ffa41358000 	C:\WINDOWS\System32\PSAPI.DLL
0x00007ffa361d0000 - 0x00007ffa361da000 	C:\WINDOWS\SYSTEM32\VERSION.dll
0x00007ffa3c530000 - 0x00007ffa3c539000 	C:\WINDOWS\SYSTEM32\WSOCK32.dll
0x00007ffa39af0000 - 0x00007ffa39b24000 	C:\WINDOWS\SYSTEM32\WINMM.dll
0x00007ffa41d80000 - 0x00007ffa41df1000 	C:\WINDOWS\System32\WS2_32.dll
0x00007ffa3e6b0000 - 0x00007ffa3e6c8000 	C:\WINDOWS\SYSTEM32\kernel.appcore.dll
0x00007ff9fdf60000 - 0x00007ff9fdf70000 	C:\intelfpga_lite\23.1std\quartus\bin64\jre64\bin\verify.dll
0x00007ff9e4f70000 - 0x00007ff9e4f9b000 	C:\intelfpga_lite\23.1std\quartus\bin64\jre64\bin\java.dll
0x00007ff9e4de0000 - 0x00007ff9e4df8000 	C:\intelfpga_lite\23.1std\quartus\bin64\jre64\bin\zip.dll

VM Arguments:
java_command: com.altera.util.elf.FattenELF proj_nios.elf --thread_model hal --cpu_name nios2_gen2_0 --qsys true --simulation_enabled false --stderr_dev jtag_uart_0 --stdin_dev jtag_uart_0 --stdout_dev jtag_uart_0 --sopc_system_name button --quartus_project_dir c:/Users/thiag/Desktop/ICdaPeste --jdi ../..//output_files/main.jdi --sopcinfo c:/Users/thiag/Desktop/ICdaPeste/button.sopcinfo
java_class_path (initial): C:/intelfpga_lite/23.1std/nios2eds/sdk2/lib\TableLayout.jar;C:/intelfpga_lite/23.1std/nios2eds/sdk2/lib\appframework-1.03.jar;C:/intelfpga_lite/23.1std/nios2eds/sdk2/lib\beansbinding-1.2.1.jar;C:/intelfpga_lite/23.1std/nios2eds/sdk2/lib\binding-2.0.6.jar;C:/intelfpga_lite/23.1std/nios2eds/sdk2/lib\com.altera.embeddedsw.app_lib.jar;C:/intelfpga_lite/23.1std/nios2eds/sdk2/lib\com.altera.embeddedsw.bsp.editor.jar;C:/intelfpga_lite/23.1std/nios2eds/sdk2/lib\com.altera.embeddedsw.bsp.elements.jar;C:/intelfpga_lite/23.1std/nios2eds/sdk2/lib\com.altera.embeddedsw.bsp.jar;C:/intelfpga_lite/23.1std/nios2eds/sdk2/lib\com.altera.embeddedsw.bsp.plugin.core.jar;C:/intelfpga_lite/23.1std/nios2eds/sdk2/lib\com.altera.embeddedsw.bsp.plugin.hal.jar;C:/intelfpga_lite/23.1std/nios2eds/sdk2/lib\com.altera.embeddedsw.bsp.plugin.lwhal.jar;C:/intelfpga_lite/23.1std/nios2eds/sdk2/lib\com.altera.embeddedsw.bsp.schema.jar;C:/intelfpga_lite/23.1std/nios2eds/sdk2/lib\com.altera.embeddedsw.bsp.scripting.jar;C:/intelfpga_lite/23.1std/nios2eds/sdk2/lib\com.altera.embeddedsw.commandline.jar;C:/intelfpga_lite/23.1std/nios2eds/sdk2/lib\com.altera.embeddedsw.cpexample.jar;C:/intelfpga_lite/23.1std/nios2eds/sdk2/lib\com.altera.embeddedsw.flash.jar;C:/intelfpga_lite/23.1std/nios2eds/sdk2/lib\com.altera.embeddedsw.launch.jar;C:/intelfpga_lite/23.1std/nios2eds/sdk2/lib\com.altera.embeddedsw.swinfo.jar;C:/intelfpga_lite/23.1std/nios2eds/sdk2/lib\com.altera.embeddedsw.utilities.jar;C:/intelfpga_lite/23.1std/nios2eds/sdk2/lib\com.altera.entityinterfaces.jar;C:/intelfpga_lite/23.1std/nios2eds/sdk2/lib\com.altera.hdlcomponent.jar;C:/intelfpga_lite/23.1std/nios2eds/sdk2/lib\com.altera.hdlwriter.jar;C:/intelfpga_lite/23.1std/nios2eds/sdk2/lib\com.altera.infrastructure.jar;C:/intelfpga_lite/23.1std/nios2eds/sdk2/lib\com.altera.jdbcsqlite.jar;C:/intelfpga_lite/23.1std/nios2eds/sdk2/lib\com.altera.jtagsimulator.jar;C:/intelfpga_lite/23.1std/nios2eds/sdk2/lib\com.altera.librarian.jar;C:
Launcher Type: SUN_STANDARD

Environment Variables:
PATH=C:\intelFPGA_lite\23.1std\nios2eds\bin\gnu\H-x86_64-mingw32\bin;C:\intelFPGA_lite\23.1std\nios2eds\sdk2\bin;C:\intelFPGA_lite\23.1std\nios2eds\bin;C:/intelfpga_lite/23.1std/quartus/bin64;C:/intelfpga_lite/23.1std/nios2eds/bin/cygpath;C:/intelfpga_lite/23.1std/quartus/sopc_builder/model/lib;C:/intelfpga_lite/23.1std/quartus/bin32;c:\intelfpga_lite\23.1std\quartus\bin64\;C:\Program Files\Common Files\Oracle\Java\javapath;C:\Program Files (x86)\Common Files\Oracle\Java\javapath;C:\WINDOWS\system32;C:\WINDOWS;C:\WINDOWS\System32\Wbem;C:\WINDOWS\System32\WindowsPowerShell\v1.0\;C:\WINDOWS\System32\OpenSSH\;C:\Program Files\Git\cmd;C:\Program Files\Docker\Docker\resources\bin;C:\Program Files\nodejs\;C:\Users\thiag\AppData\Local\Programs\Python\Launcher\;C:\Users\thiag\AppData\Local\Microsoft\WindowsApps;C:\Users\thiag\AppData\Local\Programs\Microsoft VS Code\bin;C:\Users\thiag\AppData\Local\GitHubDesktop\bin;C:\Users\thiag\AppData\Local\Microsoft\WinGet\Links;C:\Users\thiag\AppData\Roaming\npm;C:\intelFPGA_lite\23.1std\questa_fse\win64
USERNAME=thiag
OS=Windows_NT
PROCESSOR_IDENTIFIER=AMD64 Family 23 Model 104 Stepping 1, AuthenticAMD



---------------  S Y S T E M  ---------------

OS: Windows 11 , 64 bit Build 22621 (10.0.22621.3672)

CPU:total 16 (initial active 16) (16 cores per cpu, 1 threads per core) family 23 model 104 stepping 1, cmov, cx8, fxsr, mmx, sse, sse2, sse3, ssse3, sse4.1, sse4.2, popcnt, avx, avx2, aes, clmul, mmxext, 3dnowpref, lzcnt, sse4a, tsc, tscinvbit, tscinv, bmi1

Memory: 4k page, physical 6133240k(67352k free), swap 25007608k(5564k free)

vm_info: OpenJDK 64-Bit Server VM (25.392-b08) for windows-amd64 JRE (1.8.0_392-b08), built on Oct 18 2023 01:02:03 by "jenkins" with MS VC++ 15.9 (VS2017)

time: Wed Aug 14 09:45:02 2024
timezone: Hora Padrão da Bahia
elapsed time: 0.087501 seconds (0d 0h 0m 0s)

